<?xml version="1.0" encoding="UTF-8"?>
<testsuite xmlns:xsi="http://www.w3.org/2001/XMLSchema-instance" xsi:noNamespaceSchemaLocation="https://maven.apache.org/surefire/maven-surefire-plugin/xsd/surefire-test-report-3.0.xsd" version="3.0" name="com.xuena.supplier.service.CategoryServiceTest" time="0.592" tests="10" errors="0" skipped="0" failures="0">
  <properties>
[...]
</properties>
  <testcase name="delete_NotFound_ThrowsException" classname="com.xuena.supplier.service.CategoryServiceTest" time="0.076">
    <system-out><![CDATA[2026-07-10T06:16:32.620+08:00  INFO 26476 --- [           main] t.c.s.AnnotationConfigContextLoaderUtils : Could not detect default configuration classes for test class [com.xuena.supplier.service.CategoryServiceTest]: CategoryServiceTest does not declare any static, non-private, non-final, nested classes annotated with @Configuration.
2026-07-10T06:16:32.623+08:00  INFO 26476 --- [           main] .b.t.c.SpringBootTestContextBootstrapper : Found @SpringBootConfiguration com.xuena.supplier.SupplierApplication for test class com.xuena.supplier.service.CategoryServiceTest
2026-07-10T06:16:32.644+08:00 DEBUG 26476 --- [           main] org.mybatis.spring.SqlSessionUtils       : Creating a new SqlSession
2026-07-10T06:16:32.644+08:00 DEBUG 26476 --- [           main] org.mybatis.spring.SqlSessionUtils       : Registering transaction synchronization for SqlSession [org.apache.ibatis.session.defaults.DefaultSqlSession@74cd8c55]
2026-07-10T06:16:32.648+08:00 DEBUG 26476 --- [           main] o.m.s.t.SpringManagedTransaction         : JDBC Connection [HikariProxyConnection@922985472 wrapping com.mysql.cj.jdbc.ConnectionImpl@1fc0d9b4] will be managed by Spring
2026-07-10T06:16:32.648+08:00 DEBUG 26476 --- [           main] c.x.s.mapper.CategoryMapper.countByName  : ==>  Preparing: SELECT COUNT(*) FROM sp_category WHERE name = ? AND is_deleted = 0
2026-07-10T06:16:32.648+08:00 DEBUG 26476 --- [           main] c.x.s.mapper.CategoryMapper.countByName  : ==> Parameters: 测试品类_1783635392630(String)
2026-07-10T06:16:32.650+08:00 DEBUG 26476 --- [           main] c.x.s.mapper.CategoryMapper.countByName  : <==      Total: 1
2026-07-10T06:16:32.651+08:00 DEBUG 26476 --- [           main] org.mybatis.spring.SqlSessionUtils       : Releasing transactional SqlSession [org.apache.ibatis.session.defaults.DefaultSqlSession@74cd8c55]
2026-07-10T06:16:32.651+08:00 DEBUG 26476 --- [           main] org.mybatis.spring.SqlSessionUtils       : Fetched SqlSession [org.apache.ibatis.session.defaults.DefaultSqlSession@74cd8c55] from current transaction
2026-07-10T06:16:32.651+08:00 DEBUG 26476 --- [           main] c.x.s.mapper.CategoryMapper.insert       : ==>  Preparing: INSERT INTO sp_category (name, description) VALUES (?, ?)
2026-07-10T06:16:32.652+08:00 DEBUG 26476 --- [           main] c.x.s.mapper.CategoryMapper.insert       : ==> Parameters: 测试品类_1783635392630(String), 测试品类描述(String)
2026-07-10T06:16:32.656+08:00 DEBUG 26476 --- [           main] c.x.s.mapper.CategoryMapper.insert       : <==    Updates: 1
2026-07-10T06:16:32.662+08:00 DEBUG 26476 --- [           main] org.mybatis.spring.SqlSessionUtils       : Releasing transactional SqlSession [org.apache.ibatis.session.defaults.DefaultSqlSession@74cd8c55]
2026-07-10T06:16:32.663+08:00 DEBUG 26476 --- [           main] org.mybatis.spring.SqlSessionUtils       : Transaction synchronization committing SqlSession [org.apache.ibatis.session.defaults.DefaultSqlSession@74cd8c55]
2026-07-10T06:16:32.666+08:00 DEBUG 26476 --- [           main] org.mybatis.spring.SqlSessionUtils       : Transaction synchronization deregistering SqlSession [org.apache.ibatis.session.defaults.DefaultSqlSession@74cd8c55]
2026-07-10T06:16:32.666+08:00 DEBUG 26476 --- [           main] org.mybatis.spring.SqlSessionUtils       : Transaction synchronization closing SqlSession [org.apache.ibatis.session.defaults.DefaultSqlSession@74cd8c55]
2026-07-10T06:16:32.684+08:00 DEBUG 26476 --- [           main] org.mybatis.spring.SqlSessionUtils       : Creating a new SqlSession
2026-07-10T06:16:32.684+08:00 DEBUG 26476 --- [           main] org.mybatis.spring.SqlSessionUtils       : Registering transaction synchronization for SqlSession [org.apache.ibatis.session.defaults.DefaultSqlSession@1e14b269]
2026-07-10T06:16:32.684+08:00 DEBUG 26476 --- [           main] o.m.s.t.SpringManagedTransaction         : JDBC Connection [HikariProxyConnection@483012253 wrapping com.mysql.cj.jdbc.ConnectionImpl@1fc0d9b4] will be managed by Spring
2026-07-10T06:16:32.684+08:00 DEBUG 26476 --- [           main] c.x.s.mapper.CategoryMapper.countByName  : ==>  Preparing: SELECT COUNT(*) FROM sp_category WHERE name = ? AND is_deleted = 0
2026-07-10T06:16:32.684+08:00 DEBUG 26476 --- [           main] c.x.s.mapper.CategoryMapper.countByName  : ==> Parameters: 重复品类_1783635392630(String)
2026-07-10T06:16:32.685+08:00 DEBUG 26476 --- [           main] c.x.s.mapper.CategoryMapper.countByName  : <==      Total: 1
2026-07-10T06:16:32.685+08:00 DEBUG 26476 --- [           main] org.mybatis.spring.SqlSessionUtils       : Releasing transactional SqlSession [org.apache.ibatis.session.defaults.DefaultSqlSession@1e14b269]
2026-07-10T06:16:32.685+08:00 DEBUG 26476 --- [           main] org.mybatis.spring.SqlSessionUtils       : Fetched SqlSession [org.apache.ibatis.session.defaults.DefaultSqlSession@1e14b269] from current transaction
2026-07-10T06:16:32.685+08:00 DEBUG 26476 --- [           main] c.x.s.mapper.CategoryMapper.insert       : ==>  Preparing: INSERT INTO sp_category (name, description) VALUES (?, ?)
2026-07-10T06:16:32.685+08:00 DEBUG 26476 --- [           main] c.x.s.mapper.CategoryMapper.insert       : ==> Parameters: 重复品类_1783635392630(String), 重复品类(String)
2026-07-10T06:16:32.686+08:00 DEBUG 26476 --- [           main] c.x.s.mapper.CategoryMapper.insert       : <==    Updates: 1
2026-07-10T06:16:32.686+08:00 DEBUG 26476 --- [           main] org.mybatis.spring.SqlSessionUtils       : Releasing transactional SqlSession [org.apache.ibatis.session.defaults.DefaultSqlSession@1e14b269]
2026-07-10T06:16:32.686+08:00 DEBUG 26476 --- [           main] org.mybatis.spring.SqlSessionUtils       : Transaction synchronization committing SqlSession [org.apache.ibatis.session.defaults.DefaultSqlSession@1e14b269]
2026-07-10T06:16:32.686+08:00 DEBUG 26476 --- [           main] org.mybatis.spring.SqlSessionUtils       : Transaction synchronization deregistering SqlSession [org.apache.ibatis.session.defaults.DefaultSqlSession@1e14b269]
2026-07-10T06:16:32.686+08:00 DEBUG 26476 --- [           main] org.mybatis.spring.SqlSessionUtils       : Transaction synchronization closing SqlSession [org.apache.ibatis.session.defaults.DefaultSqlSession@1e14b269]
2026-07-10T06:16:32.700+08:00 DEBUG 26476 --- [           main] org.mybatis.spring.SqlSessionUtils       : Creating a new SqlSession
2026-07-10T06:16:32.700+08:00 DEBUG 26476 --- [           main] org.mybatis.spring.SqlSessionUtils       : Registering transaction synchronization for SqlSession [org.apache.ibatis.session.defaults.DefaultSqlSession@21f479cd]
2026-07-10T06:16:32.700+08:00 DEBUG 26476 --- [           main] o.m.s.t.SpringManagedTransaction         : JDBC Connection [HikariProxyConnection@148900866 wrapping com.mysql.cj.jdbc.ConnectionImpl@1fc0d9b4] will be managed by Spring
2026-07-10T06:16:32.700+08:00 DEBUG 26476 --- [           main] c.x.s.mapper.CategoryMapper.selectById   : ==>  Preparing: SELECT * FROM sp_category WHERE id = ? AND is_deleted = 0
2026-07-10T06:16:32.700+08:00 DEBUG 26476 --- [           main] c.x.s.mapper.CategoryMapper.selectById   : ==> Parameters: 999999(Long)
2026-07-10T06:16:32.701+08:00 DEBUG 26476 --- [           main] c.x.s.mapper.CategoryMapper.selectById   : <==      Total: 0
2026-07-10T06:16:32.701+08:00 DEBUG 26476 --- [           main] org.mybatis.spring.SqlSessionUtils       : Releasing transactional SqlSession [org.apache.ibatis.session.defaults.DefaultSqlSession@21f479cd]
2026-07-10T06:16:32.701+08:00 DEBUG 26476 --- [           main] org.mybatis.spring.SqlSessionUtils       : Transaction synchronization deregistering SqlSession [org.apache.ibatis.session.defaults.DefaultSqlSession@21f479cd]
2026-07-10T06:16:32.701+08:00 DEBUG 26476 --- [           main] org.mybatis.spring.SqlSessionUtils       : Transaction synchronization closing SqlSession [org.apache.ibatis.session.defaults.DefaultSqlSession@21f479cd]
]]></system-out>
  </testcase>
  <testcase name="create_DuplicateName_ThrowsException" classname="com.xuena.supplier.service.CategoryServiceTest" time="0.051">
    <system-out><![CDATA[2026-07-10T06:16:32.711+08:00 DEBUG 26476 --- [           main] org.mybatis.spring.SqlSessionUtils       : Creating a new SqlSession
2026-07-10T06:16:32.712+08:00 DEBUG 26476 --- [           main] org.mybatis.spring.SqlSessionUtils       : Registering transaction synchronization for SqlSession [org.apache.ibatis.session.defaults.DefaultSqlSession@22846a1d]
2026-07-10T06:16:32.712+08:00 DEBUG 26476 --- [           main] o.m.s.t.SpringManagedTransaction         : JDBC Connection [HikariProxyConnection@1634190383 wrapping com.mysql.cj.jdbc.ConnectionImpl@1fc0d9b4] will be managed by Spring
2026-07-10T06:16:32.713+08:00 DEBUG 26476 --- [           main] c.x.s.mapper.CategoryMapper.countByName  : ==>  Preparing: SELECT COUNT(*) FROM sp_category WHERE name = ? AND is_deleted = 0
2026-07-10T06:16:32.713+08:00 DEBUG 26476 --- [           main] c.x.s.mapper.CategoryMapper.countByName  : ==> Parameters: 测试品类_1783635392710(String)
2026-07-10T06:16:32.717+08:00 DEBUG 26476 --- [           main] c.x.s.mapper.CategoryMapper.countByName  : <==      Total: 1
2026-07-10T06:16:32.717+08:00 DEBUG 26476 --- [           main] org.mybatis.spring.SqlSessionUtils       : Releasing transactional SqlSession [org.apache.ibatis.session.defaults.DefaultSqlSession@22846a1d]
2026-07-10T06:16:32.717+08:00 DEBUG 26476 --- [           main] org.mybatis.spring.SqlSessionUtils       : Fetched SqlSession [org.apache.ibatis.session.defaults.DefaultSqlSession@22846a1d] from current transaction
2026-07-10T06:16:32.717+08:00 DEBUG 26476 --- [           main] c.x.s.mapper.CategoryMapper.insert       : ==>  Preparing: INSERT INTO sp_category (name, description) VALUES (?, ?)
2026-07-10T06:16:32.718+08:00 DEBUG 26476 --- [           main] c.x.s.mapper.CategoryMapper.insert       : ==> Parameters: 测试品类_1783635392710(String), 测试品类描述(String)
2026-07-10T06:16:32.720+08:00 DEBUG 26476 --- [           main] c.x.s.mapper.CategoryMapper.insert       : <==    Updates: 1
2026-07-10T06:16:32.720+08:00 DEBUG 26476 --- [           main] org.mybatis.spring.SqlSessionUtils       : Releasing transactional SqlSession [org.apache.ibatis.session.defaults.DefaultSqlSession@22846a1d]
2026-07-10T06:16:32.720+08:00 DEBUG 26476 --- [           main] org.mybatis.spring.SqlSessionUtils       : Transaction synchronization committing SqlSession [org.apache.ibatis.session.defaults.DefaultSqlSession@22846a1d]
2026-07-10T06:16:32.720+08:00 DEBUG 26476 --- [           main] org.mybatis.spring.SqlSessionUtils       : Transaction synchronization deregistering SqlSession [org.apache.ibatis.session.defaults.DefaultSqlSession@22846a1d]
2026-07-10T06:16:32.720+08:00 DEBUG 26476 --- [           main] org.mybatis.spring.SqlSessionUtils       : Transaction synchronization closing SqlSession [org.apache.ibatis.session.defaults.DefaultSqlSession@22846a1d]
2026-07-10T06:16:32.731+08:00 DEBUG 26476 --- [           main] org.mybatis.spring.SqlSessionUtils       : Creating a new SqlSession
2026-07-10T06:16:32.731+08:00 DEBUG 26476 --- [           main] org.mybatis.spring.SqlSessionUtils       : Registering transaction synchronization for SqlSession [org.apache.ibatis.session.defaults.DefaultSqlSession@61e0f9b9]
2026-07-10T06:16:32.731+08:00 DEBUG 26476 --- [           main] o.m.s.t.SpringManagedTransaction         : JDBC Connection [HikariProxyConnection@1250344449 wrapping com.mysql.cj.jdbc.ConnectionImpl@1fc0d9b4] will be managed by Spring
2026-07-10T06:16:32.732+08:00 DEBUG 26476 --- [           main] c.x.s.mapper.CategoryMapper.countByName  : ==>  Preparing: SELECT COUNT(*) FROM sp_category WHERE name = ? AND is_deleted = 0
2026-07-10T06:16:32.732+08:00 DEBUG 26476 --- [           main] c.x.s.mapper.CategoryMapper.countByName  : ==> Parameters: 重复品类_1783635392710(String)
2026-07-10T06:16:32.732+08:00 DEBUG 26476 --- [           main] c.x.s.mapper.CategoryMapper.countByName  : <==      Total: 1
2026-07-10T06:16:32.732+08:00 DEBUG 26476 --- [           main] org.mybatis.spring.SqlSessionUtils       : Releasing transactional SqlSession [org.apache.ibatis.session.defaults.DefaultSqlSession@61e0f9b9]
2026-07-10T06:16:32.732+08:00 DEBUG 26476 --- [           main] org.mybatis.spring.SqlSessionUtils       : Fetched SqlSession [org.apache.ibatis.session.defaults.DefaultSqlSession@61e0f9b9] from current transaction
2026-07-10T06:16:32.732+08:00 DEBUG 26476 --- [           main] c.x.s.mapper.CategoryMapper.insert       : ==>  Preparing: INSERT INTO sp_category (name, description) VALUES (?, ?)
2026-07-10T06:16:32.732+08:00 DEBUG 26476 --- [           main] c.x.s.mapper.CategoryMapper.insert       : ==> Parameters: 重复品类_1783635392710(String), 重复品类(String)
2026-07-10T06:16:32.735+08:00 DEBUG 26476 --- [           main] c.x.s.mapper.CategoryMapper.insert       : <==    Updates: 1
2026-07-10T06:16:32.735+08:00 DEBUG 26476 --- [           main] org.mybatis.spring.SqlSessionUtils       : Releasing transactional SqlSession [org.apache.ibatis.session.defaults.DefaultSqlSession@61e0f9b9]
2026-07-10T06:16:32.735+08:00 DEBUG 26476 --- [           main] org.mybatis.spring.SqlSessionUtils       : Transaction synchronization committing SqlSession [org.apache.ibatis.session.defaults.DefaultSqlSession@61e0f9b9]
2026-07-10T06:16:32.735+08:00 DEBUG 26476 --- [           main] org.mybatis.spring.SqlSessionUtils       : Transaction synchronization deregistering SqlSession [org.apache.ibatis.session.defaults.DefaultSqlSession@61e0f9b9]
2026-07-10T06:16:32.735+08:00 DEBUG 26476 --- [           main] org.mybatis.spring.SqlSessionUtils       : Transaction synchronization closing SqlSession [org.apache.ibatis.session.defaults.DefaultSqlSession@61e0f9b9]
2026-07-10T06:16:32.753+08:00 DEBUG 26476 --- [           main] org.mybatis.spring.SqlSessionUtils       : Creating a new SqlSession
2026-07-10T06:16:32.753+08:00 DEBUG 26476 --- [           main] org.mybatis.spring.SqlSessionUtils       : Registering transaction synchronization for SqlSession [org.apache.ibatis.session.defaults.DefaultSqlSession@2c3b0cc8]
2026-07-10T06:16:32.753+08:00 DEBUG 26476 --- [           main] o.m.s.t.SpringManagedTransaction         : JDBC Connection [HikariProxyConnection@571267668 wrapping com.mysql.cj.jdbc.ConnectionImpl@1fc0d9b4] will be managed by Spring
2026-07-10T06:16:32.753+08:00 DEBUG 26476 --- [           main] c.x.s.mapper.CategoryMapper.countByName  : ==>  Preparing: SELECT COUNT(*) FROM sp_category WHERE name = ? AND is_deleted = 0
2026-07-10T06:16:32.753+08:00 DEBUG 26476 --- [           main] c.x.s.mapper.CategoryMapper.countByName  : ==> Parameters: 测试品类_1783635392710(String)
2026-07-10T06:16:32.754+08:00 DEBUG 26476 --- [           main] c.x.s.mapper.CategoryMapper.countByName  : <==      Total: 1
2026-07-10T06:16:32.754+08:00 DEBUG 26476 --- [           main] org.mybatis.spring.SqlSessionUtils       : Releasing transactional SqlSession [org.apache.ibatis.session.defaults.DefaultSqlSession@2c3b0cc8]
2026-07-10T06:16:32.754+08:00 DEBUG 26476 --- [           main] org.mybatis.spring.SqlSessionUtils       : Transaction synchronization deregistering SqlSession [org.apache.ibatis.session.defaults.DefaultSqlSession@2c3b0cc8]
2026-07-10T06:16:32.754+08:00 DEBUG 26476 --- [           main] org.mybatis.spring.SqlSessionUtils       : Transaction synchronization closing SqlSession [org.apache.ibatis.session.defaults.DefaultSqlSession@2c3b0cc8]
]]></system-out>
  </testcase>
  <testcase name="update_Success" classname="com.xuena.supplier.service.CategoryServiceTest" time="0.088">
    <system-out><![CDATA[2026-07-10T06:16:32.761+08:00 DEBUG 26476 --- [           main] org.mybatis.spring.SqlSessionUtils       : Creating a new SqlSession
2026-07-10T06:16:32.761+08:00 DEBUG 26476 --- [           main] org.mybatis.spring.SqlSessionUtils       : Registering transaction synchronization for SqlSession [org.apache.ibatis.session.defaults.DefaultSqlSession@4d3990a5]
2026-07-10T06:16:32.761+08:00 DEBUG 26476 --- [           main] o.m.s.t.SpringManagedTransaction         : JDBC Connection [HikariProxyConnection@1548063124 wrapping com.mysql.cj.jdbc.ConnectionImpl@1fc0d9b4] will be managed by Spring
2026-07-10T06:16:32.762+08:00 DEBUG 26476 --- [           main] c.x.s.mapper.CategoryMapper.countByName  : ==>  Preparing: SELECT COUNT(*) FROM sp_category WHERE name = ? AND is_deleted = 0
2026-07-10T06:16:32.762+08:00 DEBUG 26476 --- [           main] c.x.s.mapper.CategoryMapper.countByName  : ==> Parameters: 测试品类_1783635392759(String)
2026-07-10T06:16:32.765+08:00 DEBUG 26476 --- [           main] c.x.s.mapper.CategoryMapper.countByName  : <==      Total: 1
2026-07-10T06:16:32.767+08:00 DEBUG 26476 --- [           main] org.mybatis.spring.SqlSessionUtils       : Releasing transactional SqlSession [org.apache.ibatis.session.defaults.DefaultSqlSession@4d3990a5]
2026-07-10T06:16:32.767+08:00 DEBUG 26476 --- [           main] org.mybatis.spring.SqlSessionUtils       : Fetched SqlSession [org.apache.ibatis.session.defaults.DefaultSqlSession@4d3990a5] from current transaction
2026-07-10T06:16:32.767+08:00 DEBUG 26476 --- [           main] c.x.s.mapper.CategoryMapper.insert       : ==>  Preparing: INSERT INTO sp_category (name, description) VALUES (?, ?)
2026-07-10T06:16:32.769+08:00 DEBUG 26476 --- [           main] c.x.s.mapper.CategoryMapper.insert       : ==> Parameters: 测试品类_1783635392759(String), 测试品类描述(String)
2026-07-10T06:16:32.771+08:00 DEBUG 26476 --- [           main] c.x.s.mapper.CategoryMapper.insert       : <==    Updates: 1
2026-07-10T06:16:32.773+08:00 DEBUG 26476 --- [           main] org.mybatis.spring.SqlSessionUtils       : Releasing transactional SqlSession [org.apache.ibatis.session.defaults.DefaultSqlSession@4d3990a5]
2026-07-10T06:16:32.774+08:00 DEBUG 26476 --- [           main] org.mybatis.spring.SqlSessionUtils       : Transaction synchronization committing SqlSession [org.apache.ibatis.session.defaults.DefaultSqlSession@4d3990a5]
2026-07-10T06:16:32.774+08:00 DEBUG 26476 --- [           main] org.mybatis.spring.SqlSessionUtils       : Transaction synchronization deregistering SqlSession [org.apache.ibatis.session.defaults.DefaultSqlSession@4d3990a5]
2026-07-10T06:16:32.774+08:00 DEBUG 26476 --- [           main] org.mybatis.spring.SqlSessionUtils       : Transaction synchronization closing SqlSession [org.apache.ibatis.session.defaults.DefaultSqlSession@4d3990a5]
2026-07-10T06:16:32.788+08:00 DEBUG 26476 --- [           main] org.mybatis.spring.SqlSessionUtils       : Creating a new SqlSession
2026-07-10T06:16:32.789+08:00 DEBUG 26476 --- [           main] org.mybatis.spring.SqlSessionUtils       : Registering transaction synchronization for SqlSession [org.apache.ibatis.session.defaults.DefaultSqlSession@71d78cac]
2026-07-10T06:16:32.789+08:00 DEBUG 26476 --- [           main] o.m.s.t.SpringManagedTransaction         : JDBC Connection [HikariProxyConnection@407034937 wrapping com.mysql.cj.jdbc.ConnectionImpl@1fc0d9b4] will be managed by Spring
2026-07-10T06:16:32.789+08:00 DEBUG 26476 --- [           main] c.x.s.mapper.CategoryMapper.countByName  : ==>  Preparing: SELECT COUNT(*) FROM sp_category WHERE name = ? AND is_deleted = 0
2026-07-10T06:16:32.789+08:00 DEBUG 26476 --- [           main] c.x.s.mapper.CategoryMapper.countByName  : ==> Parameters: 重复品类_1783635392759(String)
2026-07-10T06:16:32.789+08:00 DEBUG 26476 --- [           main] c.x.s.mapper.CategoryMapper.countByName  : <==      Total: 1
2026-07-10T06:16:32.789+08:00 DEBUG 26476 --- [           main] org.mybatis.spring.SqlSessionUtils       : Releasing transactional SqlSession [org.apache.ibatis.session.defaults.DefaultSqlSession@71d78cac]
2026-07-10T06:16:32.789+08:00 DEBUG 26476 --- [           main] org.mybatis.spring.SqlSessionUtils       : Fetched SqlSession [org.apache.ibatis.session.defaults.DefaultSqlSession@71d78cac] from current transaction
2026-07-10T06:16:32.789+08:00 DEBUG 26476 --- [           main] c.x.s.mapper.CategoryMapper.insert       : ==>  Preparing: INSERT INTO sp_category (name, description) VALUES (?, ?)
2026-07-10T06:16:32.791+08:00 DEBUG 26476 --- [           main] c.x.s.mapper.CategoryMapper.insert       : ==> Parameters: 重复品类_1783635392759(String), 重复品类(String)
2026-07-10T06:16:32.792+08:00 DEBUG 26476 --- [           main] c.x.s.mapper.CategoryMapper.insert       : <==    Updates: 1
2026-07-10T06:16:32.792+08:00 DEBUG 26476 --- [           main] org.mybatis.spring.SqlSessionUtils       : Releasing transactional SqlSession [org.apache.ibatis.session.defaults.DefaultSqlSession@71d78cac]
2026-07-10T06:16:32.792+08:00 DEBUG 26476 --- [           main] org.mybatis.spring.SqlSessionUtils       : Transaction synchronization committing SqlSession [org.apache.ibatis.session.defaults.DefaultSqlSession@71d78cac]
2026-07-10T06:16:32.792+08:00 DEBUG 26476 --- [           main] org.mybatis.spring.SqlSessionUtils       : Transaction synchronization deregistering SqlSession [org.apache.ibatis.session.defaults.DefaultSqlSession@71d78cac]
2026-07-10T06:16:32.792+08:00 DEBUG 26476 --- [           main] org.mybatis.spring.SqlSessionUtils       : Transaction synchronization closing SqlSession [org.apache.ibatis.session.defaults.DefaultSqlSession@71d78cac]
2026-07-10T06:16:32.804+08:00 DEBUG 26476 --- [           main] org.mybatis.spring.SqlSessionUtils       : Creating a new SqlSession
2026-07-10T06:16:32.804+08:00 DEBUG 26476 --- [           main] org.mybatis.spring.SqlSessionUtils       : Registering transaction synchronization for SqlSession [org.apache.ibatis.session.defaults.DefaultSqlSession@69cb134]
2026-07-10T06:16:32.804+08:00 DEBUG 26476 --- [           main] o.m.s.t.SpringManagedTransaction         : JDBC Connection [HikariProxyConnection@827092873 wrapping com.mysql.cj.jdbc.ConnectionImpl@1fc0d9b4] will be managed by Spring
2026-07-10T06:16:32.804+08:00 DEBUG 26476 --- [           main] c.x.s.mapper.CategoryMapper.selectById   : ==>  Preparing: SELECT * FROM sp_category WHERE id = ? AND is_deleted = 0
2026-07-10T06:16:32.805+08:00 DEBUG 26476 --- [           main] c.x.s.mapper.CategoryMapper.selectById   : ==> Parameters: 9(Long)
2026-07-10T06:16:32.808+08:00 DEBUG 26476 --- [           main] c.x.s.mapper.CategoryMapper.selectById   : <==      Total: 1
2026-07-10T06:16:32.808+08:00 DEBUG 26476 --- [           main] org.mybatis.spring.SqlSessionUtils       : Releasing transactional SqlSession [org.apache.ibatis.session.defaults.DefaultSqlSession@69cb134]
2026-07-10T06:16:32.808+08:00 DEBUG 26476 --- [           main] org.mybatis.spring.SqlSessionUtils       : Fetched SqlSession [org.apache.ibatis.session.defaults.DefaultSqlSession@69cb134] from current transaction
2026-07-10T06:16:32.809+08:00 DEBUG 26476 --- [           main] c.x.s.m.C.countByNameAndNotId            : ==>  Preparing: SELECT COUNT(*) FROM sp_category WHERE name = ? AND id != ? AND is_deleted = 0
2026-07-10T06:16:32.809+08:00 DEBUG 26476 --- [           main] c.x.s.m.C.countByNameAndNotId            : ==> Parameters: 修改品类_1783635392804(String), 9(Long)
2026-07-10T06:16:32.810+08:00 DEBUG 26476 --- [           main] c.x.s.m.C.countByNameAndNotId            : <==      Total: 1
2026-07-10T06:16:32.811+08:00 DEBUG 26476 --- [           main] org.mybatis.spring.SqlSessionUtils       : Releasing transactional SqlSession [org.apache.ibatis.session.defaults.DefaultSqlSession@69cb134]
2026-07-10T06:16:32.811+08:00 DEBUG 26476 --- [           main] org.mybatis.spring.SqlSessionUtils       : Fetched SqlSession [org.apache.ibatis.session.defaults.DefaultSqlSession@69cb134] from current transaction
2026-07-10T06:16:32.826+08:00 DEBUG 26476 --- [           main] c.x.s.mapper.CategoryMapper.update       : ==>  Preparing: UPDATE sp_category SET name = ?, description = ? WHERE id = ?
2026-07-10T06:16:32.828+08:00 DEBUG 26476 --- [           main] c.x.s.mapper.CategoryMapper.update       : ==> Parameters: 修改品类_1783635392804(String), 修改后的描述(String), 9(Long)
2026-07-10T06:16:32.829+08:00 DEBUG 26476 --- [           main] c.x.s.mapper.CategoryMapper.update       : <==    Updates: 1
2026-07-10T06:16:32.830+08:00 DEBUG 26476 --- [           main] org.mybatis.spring.SqlSessionUtils       : Releasing transactional SqlSession [org.apache.ibatis.session.defaults.DefaultSqlSession@69cb134]
2026-07-10T06:16:32.830+08:00 DEBUG 26476 --- [           main] org.mybatis.spring.SqlSessionUtils       : Transaction synchronization committing SqlSession [org.apache.ibatis.session.defaults.DefaultSqlSession@69cb134]
2026-07-10T06:16:32.831+08:00 DEBUG 26476 --- [           main] org.mybatis.spring.SqlSessionUtils       : Transaction synchronization deregistering SqlSession [org.apache.ibatis.session.defaults.DefaultSqlSession@69cb134]
2026-07-10T06:16:32.831+08:00 DEBUG 26476 --- [           main] org.mybatis.spring.SqlSessionUtils       : Transaction synchronization closing SqlSession [org.apache.ibatis.session.defaults.DefaultSqlSession@69cb134]
]]></system-out>
  </testcase>
  <testcase name="create_Success" classname="com.xuena.supplier.service.CategoryServiceTest" time="0.068">
    <system-out><![CDATA[2026-07-10T06:16:32.853+08:00 DEBUG 26476 --- [           main] org.mybatis.spring.SqlSessionUtils       : Creating a new SqlSession
2026-07-10T06:16:32.854+08:00 DEBUG 26476 --- [           main] org.mybatis.spring.SqlSessionUtils       : Registering transaction synchronization for SqlSession [org.apache.ibatis.session.defaults.DefaultSqlSession@6c1a63f7]
2026-07-10T06:16:32.854+08:00 DEBUG 26476 --- [           main] o.m.s.t.SpringManagedTransaction         : JDBC Connection [HikariProxyConnection@1914962576 wrapping com.mysql.cj.jdbc.ConnectionImpl@1fc0d9b4] will be managed by Spring
2026-07-10T06:16:32.854+08:00 DEBUG 26476 --- [           main] c.x.s.mapper.CategoryMapper.countByName  : ==>  Preparing: SELECT COUNT(*) FROM sp_category WHERE name = ? AND is_deleted = 0
2026-07-10T06:16:32.854+08:00 DEBUG 26476 --- [           main] c.x.s.mapper.CategoryMapper.countByName  : ==> Parameters: 测试品类_1783635392852(String)
2026-07-10T06:16:32.857+08:00 DEBUG 26476 --- [           main] c.x.s.mapper.CategoryMapper.countByName  : <==      Total: 1
2026-07-10T06:16:32.857+08:00 DEBUG 26476 --- [           main] org.mybatis.spring.SqlSessionUtils       : Releasing transactional SqlSession [org.apache.ibatis.session.defaults.DefaultSqlSession@6c1a63f7]
2026-07-10T06:16:32.857+08:00 DEBUG 26476 --- [           main] org.mybatis.spring.SqlSessionUtils       : Fetched SqlSession [org.apache.ibatis.session.defaults.DefaultSqlSession@6c1a63f7] from current transaction
2026-07-10T06:16:32.857+08:00 DEBUG 26476 --- [           main] c.x.s.mapper.CategoryMapper.insert       : ==>  Preparing: INSERT INTO sp_category (name, description) VALUES (?, ?)
2026-07-10T06:16:32.859+08:00 DEBUG 26476 --- [           main] c.x.s.mapper.CategoryMapper.insert       : ==> Parameters: 测试品类_1783635392852(String), 测试品类描述(String)
2026-07-10T06:16:32.861+08:00 DEBUG 26476 --- [           main] c.x.s.mapper.CategoryMapper.insert       : <==    Updates: 1
2026-07-10T06:16:32.863+08:00 DEBUG 26476 --- [           main] org.mybatis.spring.SqlSessionUtils       : Releasing transactional SqlSession [org.apache.ibatis.session.defaults.DefaultSqlSession@6c1a63f7]
2026-07-10T06:16:32.864+08:00 DEBUG 26476 --- [           main] org.mybatis.spring.SqlSessionUtils       : Transaction synchronization committing SqlSession [org.apache.ibatis.session.defaults.DefaultSqlSession@6c1a63f7]
2026-07-10T06:16:32.864+08:00 DEBUG 26476 --- [           main] org.mybatis.spring.SqlSessionUtils       : Transaction synchronization deregistering SqlSession [org.apache.ibatis.session.defaults.DefaultSqlSession@6c1a63f7]
2026-07-10T06:16:32.864+08:00 DEBUG 26476 --- [           main] org.mybatis.spring.SqlSessionUtils       : Transaction synchronization closing SqlSession [org.apache.ibatis.session.defaults.DefaultSqlSession@6c1a63f7]
2026-07-10T06:16:32.879+08:00 DEBUG 26476 --- [           main] org.mybatis.spring.SqlSessionUtils       : Creating a new SqlSession
2026-07-10T06:16:32.879+08:00 DEBUG 26476 --- [           main] org.mybatis.spring.SqlSessionUtils       : Registering transaction synchronization for SqlSession [org.apache.ibatis.session.defaults.DefaultSqlSession@61ca5134]
2026-07-10T06:16:32.880+08:00 DEBUG 26476 --- [           main] o.m.s.t.SpringManagedTransaction         : JDBC Connection [HikariProxyConnection@140733684 wrapping com.mysql.cj.jdbc.ConnectionImpl@1fc0d9b4] will be managed by Spring
2026-07-10T06:16:32.880+08:00 DEBUG 26476 --- [           main] c.x.s.mapper.CategoryMapper.countByName  : ==>  Preparing: SELECT COUNT(*) FROM sp_category WHERE name = ? AND is_deleted = 0
2026-07-10T06:16:32.881+08:00 DEBUG 26476 --- [           main] c.x.s.mapper.CategoryMapper.countByName  : ==> Parameters: 重复品类_1783635392852(String)
2026-07-10T06:16:32.883+08:00 DEBUG 26476 --- [           main] c.x.s.mapper.CategoryMapper.countByName  : <==      Total: 1
2026-07-10T06:16:32.883+08:00 DEBUG 26476 --- [           main] org.mybatis.spring.SqlSessionUtils       : Releasing transactional SqlSession [org.apache.ibatis.session.defaults.DefaultSqlSession@61ca5134]
2026-07-10T06:16:32.883+08:00 DEBUG 26476 --- [           main] org.mybatis.spring.SqlSessionUtils       : Fetched SqlSession [org.apache.ibatis.session.defaults.DefaultSqlSession@61ca5134] from current transaction
2026-07-10T06:16:32.883+08:00 DEBUG 26476 --- [           main] c.x.s.mapper.CategoryMapper.insert       : ==>  Preparing: INSERT INTO sp_category (name, description) VALUES (?, ?)
2026-07-10T06:16:32.883+08:00 DEBUG 26476 --- [           main] c.x.s.mapper.CategoryMapper.insert       : ==> Parameters: 重复品类_1783635392852(String), 重复品类(String)
2026-07-10T06:16:32.885+08:00 DEBUG 26476 --- [           main] c.x.s.mapper.CategoryMapper.insert       : <==    Updates: 1
2026-07-10T06:16:32.885+08:00 DEBUG 26476 --- [           main] org.mybatis.spring.SqlSessionUtils       : Releasing transactional SqlSession [org.apache.ibatis.session.defaults.DefaultSqlSession@61ca5134]
2026-07-10T06:16:32.885+08:00 DEBUG 26476 --- [           main] org.mybatis.spring.SqlSessionUtils       : Transaction synchronization committing SqlSession [org.apache.ibatis.session.defaults.DefaultSqlSession@61ca5134]
2026-07-10T06:16:32.885+08:00 DEBUG 26476 --- [           main] org.mybatis.spring.SqlSessionUtils       : Transaction synchronization deregistering SqlSession [org.apache.ibatis.session.defaults.DefaultSqlSession@61ca5134]
2026-07-10T06:16:32.885+08:00 DEBUG 26476 --- [           main] org.mybatis.spring.SqlSessionUtils       : Transaction synchronization closing SqlSession [org.apache.ibatis.session.defaults.DefaultSqlSession@61ca5134]
2026-07-10T06:16:32.900+08:00 DEBUG 26476 --- [           main] org.mybatis.spring.SqlSessionUtils       : Creating a new SqlSession
2026-07-10T06:16:32.900+08:00 DEBUG 26476 --- [           main] org.mybatis.spring.SqlSessionUtils       : Registering transaction synchronization for SqlSession [org.apache.ibatis.session.defaults.DefaultSqlSession@8ee1404]
2026-07-10T06:16:32.901+08:00 DEBUG 26476 --- [           main] o.m.s.t.SpringManagedTransaction         : JDBC Connection [HikariProxyConnection@1052905932 wrapping com.mysql.cj.jdbc.ConnectionImpl@1fc0d9b4] will be managed by Spring
2026-07-10T06:16:32.901+08:00 DEBUG 26476 --- [           main] c.x.s.mapper.CategoryMapper.countByName  : ==>  Preparing: SELECT COUNT(*) FROM sp_category WHERE name = ? AND is_deleted = 0
2026-07-10T06:16:32.901+08:00 DEBUG 26476 --- [           main] c.x.s.mapper.CategoryMapper.countByName  : ==> Parameters: 新品类_1783635392900(String)
2026-07-10T06:16:32.902+08:00 DEBUG 26476 --- [           main] c.x.s.mapper.CategoryMapper.countByName  : <==      Total: 1
2026-07-10T06:16:32.902+08:00 DEBUG 26476 --- [           main] org.mybatis.spring.SqlSessionUtils       : Releasing transactional SqlSession [org.apache.ibatis.session.defaults.DefaultSqlSession@8ee1404]
2026-07-10T06:16:32.902+08:00 DEBUG 26476 --- [           main] org.mybatis.spring.SqlSessionUtils       : Fetched SqlSession [org.apache.ibatis.session.defaults.DefaultSqlSession@8ee1404] from current transaction
2026-07-10T06:16:32.902+08:00 DEBUG 26476 --- [           main] c.x.s.mapper.CategoryMapper.insert       : ==>  Preparing: INSERT INTO sp_category (name, description) VALUES (?, ?)
2026-07-10T06:16:32.902+08:00 DEBUG 26476 --- [           main] c.x.s.mapper.CategoryMapper.insert       : ==> Parameters: 新品类_1783635392900(String), 新品类描述(String)
2026-07-10T06:16:32.903+08:00 DEBUG 26476 --- [           main] c.x.s.mapper.CategoryMapper.insert       : <==    Updates: 1
2026-07-10T06:16:32.903+08:00 DEBUG 26476 --- [           main] org.mybatis.spring.SqlSessionUtils       : Releasing transactional SqlSession [org.apache.ibatis.session.defaults.DefaultSqlSession@8ee1404]
2026-07-10T06:16:32.903+08:00 DEBUG 26476 --- [           main] org.mybatis.spring.SqlSessionUtils       : Transaction synchronization committing SqlSession [org.apache.ibatis.session.defaults.DefaultSqlSession@8ee1404]
2026-07-10T06:16:32.903+08:00 DEBUG 26476 --- [           main] org.mybatis.spring.SqlSessionUtils       : Transaction synchronization deregistering SqlSession [org.apache.ibatis.session.defaults.DefaultSqlSession@8ee1404]
2026-07-10T06:16:32.904+08:00 DEBUG 26476 --- [           main] org.mybatis.spring.SqlSessionUtils       : Transaction synchronization closing SqlSession [org.apache.ibatis.session.defaults.DefaultSqlSession@8ee1404]
]]></system-out>
  </testcase>
  <testcase name="list_Success" classname="com.xuena.supplier.service.CategoryServiceTest" time="0.045">
    <system-out><![CDATA[2026-07-10T06:16:32.920+08:00 DEBUG 26476 --- [           main] org.mybatis.spring.SqlSessionUtils       : Creating a new SqlSession
2026-07-10T06:16:32.920+08:00 DEBUG 26476 --- [           main] org.mybatis.spring.SqlSessionUtils       : Registering transaction synchronization for SqlSession [org.apache.ibatis.session.defaults.DefaultSqlSession@284b487f]
2026-07-10T06:16:32.920+08:00 DEBUG 26476 --- [           main] o.m.s.t.SpringManagedTransaction         : JDBC Connection [HikariProxyConnection@1661745907 wrapping com.mysql.cj.jdbc.ConnectionImpl@1fc0d9b4] will be managed by Spring
2026-07-10T06:16:32.920+08:00 DEBUG 26476 --- [           main] c.x.s.mapper.CategoryMapper.countByName  : ==>  Preparing: SELECT COUNT(*) FROM sp_category WHERE name = ? AND is_deleted = 0
2026-07-10T06:16:32.920+08:00 DEBUG 26476 --- [           main] c.x.s.mapper.CategoryMapper.countByName  : ==> Parameters: 测试品类_1783635392919(String)
2026-07-10T06:16:32.922+08:00 DEBUG 26476 --- [           main] c.x.s.mapper.CategoryMapper.countByName  : <==      Total: 1
2026-07-10T06:16:32.923+08:00 DEBUG 26476 --- [           main] org.mybatis.spring.SqlSessionUtils       : Releasing transactional SqlSession [org.apache.ibatis.session.defaults.DefaultSqlSession@284b487f]
2026-07-10T06:16:32.923+08:00 DEBUG 26476 --- [           main] org.mybatis.spring.SqlSessionUtils       : Fetched SqlSession [org.apache.ibatis.session.defaults.DefaultSqlSession@284b487f] from current transaction
2026-07-10T06:16:32.923+08:00 DEBUG 26476 --- [           main] c.x.s.mapper.CategoryMapper.insert       : ==>  Preparing: INSERT INTO sp_category (name, description) VALUES (?, ?)
2026-07-10T06:16:32.923+08:00 DEBUG 26476 --- [           main] c.x.s.mapper.CategoryMapper.insert       : ==> Parameters: 测试品类_1783635392919(String), 测试品类描述(String)
2026-07-10T06:16:32.924+08:00 DEBUG 26476 --- [           main] c.x.s.mapper.CategoryMapper.insert       : <==    Updates: 1
2026-07-10T06:16:32.925+08:00 DEBUG 26476 --- [           main] org.mybatis.spring.SqlSessionUtils       : Releasing transactional SqlSession [org.apache.ibatis.session.defaults.DefaultSqlSession@284b487f]
2026-07-10T06:16:32.925+08:00 DEBUG 26476 --- [           main] org.mybatis.spring.SqlSessionUtils       : Transaction synchronization committing SqlSession [org.apache.ibatis.session.defaults.DefaultSqlSession@284b487f]
2026-07-10T06:16:32.925+08:00 DEBUG 26476 --- [           main] org.mybatis.spring.SqlSessionUtils       : Transaction synchronization deregistering SqlSession [org.apache.ibatis.session.defaults.DefaultSqlSession@284b487f]
2026-07-10T06:16:32.925+08:00 DEBUG 26476 --- [           main] org.mybatis.spring.SqlSessionUtils       : Transaction synchronization closing SqlSession [org.apache.ibatis.session.defaults.DefaultSqlSession@284b487f]
2026-07-10T06:16:32.939+08:00 DEBUG 26476 --- [           main] org.mybatis.spring.SqlSessionUtils       : Creating a new SqlSession
2026-07-10T06:16:32.939+08:00 DEBUG 26476 --- [           main] org.mybatis.spring.SqlSessionUtils       : Registering transaction synchronization for SqlSession [org.apache.ibatis.session.defaults.DefaultSqlSession@2b4954a4]
2026-07-10T06:16:32.939+08:00 DEBUG 26476 --- [           main] o.m.s.t.SpringManagedTransaction         : JDBC Connection [HikariProxyConnection@217859585 wrapping com.mysql.cj.jdbc.ConnectionImpl@1fc0d9b4] will be managed by Spring
2026-07-10T06:16:32.939+08:00 DEBUG 26476 --- [           main] c.x.s.mapper.CategoryMapper.countByName  : ==>  Preparing: SELECT COUNT(*) FROM sp_category WHERE name = ? AND is_deleted = 0
2026-07-10T06:16:32.939+08:00 DEBUG 26476 --- [           main] c.x.s.mapper.CategoryMapper.countByName  : ==> Parameters: 重复品类_1783635392919(String)
2026-07-10T06:16:32.940+08:00 DEBUG 26476 --- [           main] c.x.s.mapper.CategoryMapper.countByName  : <==      Total: 1
2026-07-10T06:16:32.940+08:00 DEBUG 26476 --- [           main] org.mybatis.spring.SqlSessionUtils       : Releasing transactional SqlSession [org.apache.ibatis.session.defaults.DefaultSqlSession@2b4954a4]
2026-07-10T06:16:32.940+08:00 DEBUG 26476 --- [           main] org.mybatis.spring.SqlSessionUtils       : Fetched SqlSession [org.apache.ibatis.session.defaults.DefaultSqlSession@2b4954a4] from current transaction
2026-07-10T06:16:32.940+08:00 DEBUG 26476 --- [           main] c.x.s.mapper.CategoryMapper.insert       : ==>  Preparing: INSERT INTO sp_category (name, description) VALUES (?, ?)
2026-07-10T06:16:32.940+08:00 DEBUG 26476 --- [           main] c.x.s.mapper.CategoryMapper.insert       : ==> Parameters: 重复品类_1783635392919(String), 重复品类(String)
2026-07-10T06:16:32.941+08:00 DEBUG 26476 --- [           main] c.x.s.mapper.CategoryMapper.insert       : <==    Updates: 1
2026-07-10T06:16:32.941+08:00 DEBUG 26476 --- [           main] org.mybatis.spring.SqlSessionUtils       : Releasing transactional SqlSession [org.apache.ibatis.session.defaults.DefaultSqlSession@2b4954a4]
2026-07-10T06:16:32.941+08:00 DEBUG 26476 --- [           main] org.mybatis.spring.SqlSessionUtils       : Transaction synchronization committing SqlSession [org.apache.ibatis.session.defaults.DefaultSqlSession@2b4954a4]
2026-07-10T06:16:32.941+08:00 DEBUG 26476 --- [           main] org.mybatis.spring.SqlSessionUtils       : Transaction synchronization deregistering SqlSession [org.apache.ibatis.session.defaults.DefaultSqlSession@2b4954a4]
2026-07-10T06:16:32.941+08:00 DEBUG 26476 --- [           main] org.mybatis.spring.SqlSessionUtils       : Transaction synchronization closing SqlSession [org.apache.ibatis.session.defaults.DefaultSqlSession@2b4954a4]
2026-07-10T06:16:32.957+08:00 DEBUG 26476 --- [           main] org.mybatis.spring.SqlSessionUtils       : Creating a new SqlSession
2026-07-10T06:16:32.957+08:00 DEBUG 26476 --- [           main] org.mybatis.spring.SqlSessionUtils       : SqlSession [org.apache.ibatis.session.defaults.DefaultSqlSession@3e0327dd] was not registered for synchronization because synchronization is not active
2026-07-10T06:16:32.957+08:00 DEBUG 26476 --- [           main] o.m.s.t.SpringManagedTransaction         : JDBC Connection [HikariProxyConnection@247461277 wrapping com.mysql.cj.jdbc.ConnectionImpl@1fc0d9b4] will not be managed by Spring
2026-07-10T06:16:32.957+08:00 DEBUG 26476 --- [           main] c.x.s.mapper.CategoryMapper.selectList   : ==>  Preparing: SELECT * FROM sp_category WHERE is_deleted = 0 ORDER BY gmt_create DESC
2026-07-10T06:16:32.957+08:00 DEBUG 26476 --- [           main] c.x.s.mapper.CategoryMapper.selectList   : ==> Parameters: 
2026-07-10T06:16:32.961+08:00 DEBUG 26476 --- [           main] c.x.s.mapper.CategoryMapper.selectList   : <==      Total: 14
2026-07-10T06:16:32.961+08:00 DEBUG 26476 --- [           main] org.mybatis.spring.SqlSessionUtils       : Closing non transactional SqlSession [org.apache.ibatis.session.defaults.DefaultSqlSession@3e0327dd]
]]></system-out>
  </testcase>
  <testcase name="getById_Success" classname="com.xuena.supplier.service.CategoryServiceTest" time="0.044">
    <system-out><![CDATA[2026-07-10T06:16:32.965+08:00 DEBUG 26476 --- [           main] org.mybatis.spring.SqlSessionUtils       : Creating a new SqlSession
2026-07-10T06:16:32.965+08:00 DEBUG 26476 --- [           main] org.mybatis.spring.SqlSessionUtils       : Registering transaction synchronization for SqlSession [org.apache.ibatis.session.defaults.DefaultSqlSession@75c589f2]
2026-07-10T06:16:32.965+08:00 DEBUG 26476 --- [           main] o.m.s.t.SpringManagedTransaction         : JDBC Connection [HikariProxyConnection@150172894 wrapping com.mysql.cj.jdbc.ConnectionImpl@1fc0d9b4] will be managed by Spring
2026-07-10T06:16:32.965+08:00 DEBUG 26476 --- [           main] c.x.s.mapper.CategoryMapper.countByName  : ==>  Preparing: SELECT COUNT(*) FROM sp_category WHERE name = ? AND is_deleted = 0
2026-07-10T06:16:32.965+08:00 DEBUG 26476 --- [           main] c.x.s.mapper.CategoryMapper.countByName  : ==> Parameters: 测试品类_1783635392964(String)
2026-07-10T06:16:32.968+08:00 DEBUG 26476 --- [           main] c.x.s.mapper.CategoryMapper.countByName  : <==      Total: 1
2026-07-10T06:16:32.968+08:00 DEBUG 26476 --- [           main] org.mybatis.spring.SqlSessionUtils       : Releasing transactional SqlSession [org.apache.ibatis.session.defaults.DefaultSqlSession@75c589f2]
2026-07-10T06:16:32.968+08:00 DEBUG 26476 --- [           main] org.mybatis.spring.SqlSessionUtils       : Fetched SqlSession [org.apache.ibatis.session.defaults.DefaultSqlSession@75c589f2] from current transaction
2026-07-10T06:16:32.969+08:00 DEBUG 26476 --- [           main] c.x.s.mapper.CategoryMapper.insert       : ==>  Preparing: INSERT INTO sp_category (name, description) VALUES (?, ?)
2026-07-10T06:16:32.970+08:00 DEBUG 26476 --- [           main] c.x.s.mapper.CategoryMapper.insert       : ==> Parameters: 测试品类_1783635392964(String), 测试品类描述(String)
2026-07-10T06:16:32.972+08:00 DEBUG 26476 --- [           main] c.x.s.mapper.CategoryMapper.insert       : <==    Updates: 1
2026-07-10T06:16:32.972+08:00 DEBUG 26476 --- [           main] org.mybatis.spring.SqlSessionUtils       : Releasing transactional SqlSession [org.apache.ibatis.session.defaults.DefaultSqlSession@75c589f2]
2026-07-10T06:16:32.972+08:00 DEBUG 26476 --- [           main] org.mybatis.spring.SqlSessionUtils       : Transaction synchronization committing SqlSession [org.apache.ibatis.session.defaults.DefaultSqlSession@75c589f2]
2026-07-10T06:16:32.973+08:00 DEBUG 26476 --- [           main] org.mybatis.spring.SqlSessionUtils       : Transaction synchronization deregistering SqlSession [org.apache.ibatis.session.defaults.DefaultSqlSession@75c589f2]
2026-07-10T06:16:32.973+08:00 DEBUG 26476 --- [           main] org.mybatis.spring.SqlSessionUtils       : Transaction synchronization closing SqlSession [org.apache.ibatis.session.defaults.DefaultSqlSession@75c589f2]
2026-07-10T06:16:32.989+08:00 DEBUG 26476 --- [           main] org.mybatis.spring.SqlSessionUtils       : Creating a new SqlSession
2026-07-10T06:16:32.989+08:00 DEBUG 26476 --- [           main] org.mybatis.spring.SqlSessionUtils       : Registering transaction synchronization for SqlSession [org.apache.ibatis.session.defaults.DefaultSqlSession@565c887e]
2026-07-10T06:16:32.990+08:00 DEBUG 26476 --- [           main] o.m.s.t.SpringManagedTransaction         : JDBC Connection [HikariProxyConnection@320318508 wrapping com.mysql.cj.jdbc.ConnectionImpl@1fc0d9b4] will be managed by Spring
2026-07-10T06:16:32.990+08:00 DEBUG 26476 --- [           main] c.x.s.mapper.CategoryMapper.countByName  : ==>  Preparing: SELECT COUNT(*) FROM sp_category WHERE name = ? AND is_deleted = 0
2026-07-10T06:16:32.990+08:00 DEBUG 26476 --- [           main] c.x.s.mapper.CategoryMapper.countByName  : ==> Parameters: 重复品类_1783635392964(String)
2026-07-10T06:16:32.991+08:00 DEBUG 26476 --- [           main] c.x.s.mapper.CategoryMapper.countByName  : <==      Total: 1
2026-07-10T06:16:32.991+08:00 DEBUG 26476 --- [           main] org.mybatis.spring.SqlSessionUtils       : Releasing transactional SqlSession [org.apache.ibatis.session.defaults.DefaultSqlSession@565c887e]
2026-07-10T06:16:32.991+08:00 DEBUG 26476 --- [           main] org.mybatis.spring.SqlSessionUtils       : Fetched SqlSession [org.apache.ibatis.session.defaults.DefaultSqlSession@565c887e] from current transaction
2026-07-10T06:16:32.991+08:00 DEBUG 26476 --- [           main] c.x.s.mapper.CategoryMapper.insert       : ==>  Preparing: INSERT INTO sp_category (name, description) VALUES (?, ?)
2026-07-10T06:16:32.991+08:00 DEBUG 26476 --- [           main] c.x.s.mapper.CategoryMapper.insert       : ==> Parameters: 重复品类_1783635392964(String), 重复品类(String)
2026-07-10T06:16:32.991+08:00 DEBUG 26476 --- [           main] c.x.s.mapper.CategoryMapper.insert       : <==    Updates: 1
2026-07-10T06:16:32.991+08:00 DEBUG 26476 --- [           main] org.mybatis.spring.SqlSessionUtils       : Releasing transactional SqlSession [org.apache.ibatis.session.defaults.DefaultSqlSession@565c887e]
2026-07-10T06:16:32.991+08:00 DEBUG 26476 --- [           main] org.mybatis.spring.SqlSessionUtils       : Transaction synchronization committing SqlSession [org.apache.ibatis.session.defaults.DefaultSqlSession@565c887e]
2026-07-10T06:16:32.991+08:00 DEBUG 26476 --- [           main] org.mybatis.spring.SqlSessionUtils       : Transaction synchronization deregistering SqlSession [org.apache.ibatis.session.defaults.DefaultSqlSession@565c887e]
2026-07-10T06:16:32.991+08:00 DEBUG 26476 --- [           main] org.mybatis.spring.SqlSessionUtils       : Transaction synchronization closing SqlSession [org.apache.ibatis.session.defaults.DefaultSqlSession@565c887e]
2026-07-10T06:16:33.004+08:00 DEBUG 26476 --- [           main] org.mybatis.spring.SqlSessionUtils       : Creating a new SqlSession
2026-07-10T06:16:33.004+08:00 DEBUG 26476 --- [           main] org.mybatis.spring.SqlSessionUtils       : SqlSession [org.apache.ibatis.session.defaults.DefaultSqlSession@4e26c308] was not registered for synchronization because synchronization is not active
2026-07-10T06:16:33.004+08:00 DEBUG 26476 --- [           main] o.m.s.t.SpringManagedTransaction         : JDBC Connection [HikariProxyConnection@2089779261 wrapping com.mysql.cj.jdbc.ConnectionImpl@1fc0d9b4] will not be managed by Spring
2026-07-10T06:16:33.004+08:00 DEBUG 26476 --- [           main] c.x.s.mapper.CategoryMapper.selectById   : ==>  Preparing: SELECT * FROM sp_category WHERE id = ? AND is_deleted = 0
2026-07-10T06:16:33.004+08:00 DEBUG 26476 --- [           main] c.x.s.mapper.CategoryMapper.selectById   : ==> Parameters: 16(Long)
2026-07-10T06:16:33.007+08:00 DEBUG 26476 --- [           main] c.x.s.mapper.CategoryMapper.selectById   : <==      Total: 1
2026-07-10T06:16:33.007+08:00 DEBUG 26476 --- [           main] org.mybatis.spring.SqlSessionUtils       : Closing non transactional SqlSession [org.apache.ibatis.session.defaults.DefaultSqlSession@4e26c308]
]]></system-out>
  </testcase>
  <testcase name="update_DuplicateName_ThrowsException" classname="com.xuena.supplier.service.CategoryServiceTest" time="0.047">
    <system-out><![CDATA[2026-07-10T06:16:33.010+08:00 DEBUG 26476 --- [           main] org.mybatis.spring.SqlSessionUtils       : Creating a new SqlSession
2026-07-10T06:16:33.011+08:00 DEBUG 26476 --- [           main] org.mybatis.spring.SqlSessionUtils       : Registering transaction synchronization for SqlSession [org.apache.ibatis.session.defaults.DefaultSqlSession@16361e61]
2026-07-10T06:16:33.011+08:00 DEBUG 26476 --- [           main] o.m.s.t.SpringManagedTransaction         : JDBC Connection [HikariProxyConnection@24333082 wrapping com.mysql.cj.jdbc.ConnectionImpl@1fc0d9b4] will be managed by Spring
2026-07-10T06:16:33.011+08:00 DEBUG 26476 --- [           main] c.x.s.mapper.CategoryMapper.countByName  : ==>  Preparing: SELECT COUNT(*) FROM sp_category WHERE name = ? AND is_deleted = 0
2026-07-10T06:16:33.012+08:00 DEBUG 26476 --- [           main] c.x.s.mapper.CategoryMapper.countByName  : ==> Parameters: 测试品类_1783635393010(String)
2026-07-10T06:16:33.013+08:00 DEBUG 26476 --- [           main] c.x.s.mapper.CategoryMapper.countByName  : <==      Total: 1
2026-07-10T06:16:33.013+08:00 DEBUG 26476 --- [           main] org.mybatis.spring.SqlSessionUtils       : Releasing transactional SqlSession [org.apache.ibatis.session.defaults.DefaultSqlSession@16361e61]
2026-07-10T06:16:33.013+08:00 DEBUG 26476 --- [           main] org.mybatis.spring.SqlSessionUtils       : Fetched SqlSession [org.apache.ibatis.session.defaults.DefaultSqlSession@16361e61] from current transaction
2026-07-10T06:16:33.013+08:00 DEBUG 26476 --- [           main] c.x.s.mapper.CategoryMapper.insert       : ==>  Preparing: INSERT INTO sp_category (name, description) VALUES (?, ?)
2026-07-10T06:16:33.014+08:00 DEBUG 26476 --- [           main] c.x.s.mapper.CategoryMapper.insert       : ==> Parameters: 测试品类_1783635393010(String), 测试品类描述(String)
2026-07-10T06:16:33.014+08:00 DEBUG 26476 --- [           main] c.x.s.mapper.CategoryMapper.insert       : <==    Updates: 1
2026-07-10T06:16:33.015+08:00 DEBUG 26476 --- [           main] org.mybatis.spring.SqlSessionUtils       : Releasing transactional SqlSession [org.apache.ibatis.session.defaults.DefaultSqlSession@16361e61]
2026-07-10T06:16:33.015+08:00 DEBUG 26476 --- [           main] org.mybatis.spring.SqlSessionUtils       : Transaction synchronization committing SqlSession [org.apache.ibatis.session.defaults.DefaultSqlSession@16361e61]
2026-07-10T06:16:33.015+08:00 DEBUG 26476 --- [           main] org.mybatis.spring.SqlSessionUtils       : Transaction synchronization deregistering SqlSession [org.apache.ibatis.session.defaults.DefaultSqlSession@16361e61]
2026-07-10T06:16:33.015+08:00 DEBUG 26476 --- [           main] org.mybatis.spring.SqlSessionUtils       : Transaction synchronization closing SqlSession [org.apache.ibatis.session.defaults.DefaultSqlSession@16361e61]
2026-07-10T06:16:33.027+08:00 DEBUG 26476 --- [           main] org.mybatis.spring.SqlSessionUtils       : Creating a new SqlSession
2026-07-10T06:16:33.027+08:00 DEBUG 26476 --- [           main] org.mybatis.spring.SqlSessionUtils       : Registering transaction synchronization for SqlSession [org.apache.ibatis.session.defaults.DefaultSqlSession@6b6c0b7c]
2026-07-10T06:16:33.027+08:00 DEBUG 26476 --- [           main] o.m.s.t.SpringManagedTransaction         : JDBC Connection [HikariProxyConnection@1897978534 wrapping com.mysql.cj.jdbc.ConnectionImpl@1fc0d9b4] will be managed by Spring
2026-07-10T06:16:33.027+08:00 DEBUG 26476 --- [           main] c.x.s.mapper.CategoryMapper.countByName  : ==>  Preparing: SELECT COUNT(*) FROM sp_category WHERE name = ? AND is_deleted = 0
2026-07-10T06:16:33.027+08:00 DEBUG 26476 --- [           main] c.x.s.mapper.CategoryMapper.countByName  : ==> Parameters: 重复品类_1783635393010(String)
2026-07-10T06:16:33.029+08:00 DEBUG 26476 --- [           main] c.x.s.mapper.CategoryMapper.countByName  : <==      Total: 1
2026-07-10T06:16:33.029+08:00 DEBUG 26476 --- [           main] org.mybatis.spring.SqlSessionUtils       : Releasing transactional SqlSession [org.apache.ibatis.session.defaults.DefaultSqlSession@6b6c0b7c]
2026-07-10T06:16:33.029+08:00 DEBUG 26476 --- [           main] org.mybatis.spring.SqlSessionUtils       : Fetched SqlSession [org.apache.ibatis.session.defaults.DefaultSqlSession@6b6c0b7c] from current transaction
2026-07-10T06:16:33.029+08:00 DEBUG 26476 --- [           main] c.x.s.mapper.CategoryMapper.insert       : ==>  Preparing: INSERT INTO sp_category (name, description) VALUES (?, ?)
2026-07-10T06:16:33.029+08:00 DEBUG 26476 --- [           main] c.x.s.mapper.CategoryMapper.insert       : ==> Parameters: 重复品类_1783635393010(String), 重复品类(String)
2026-07-10T06:16:33.032+08:00 DEBUG 26476 --- [           main] c.x.s.mapper.CategoryMapper.insert       : <==    Updates: 1
2026-07-10T06:16:33.033+08:00 DEBUG 26476 --- [           main] org.mybatis.spring.SqlSessionUtils       : Releasing transactional SqlSession [org.apache.ibatis.session.defaults.DefaultSqlSession@6b6c0b7c]
2026-07-10T06:16:33.033+08:00 DEBUG 26476 --- [           main] org.mybatis.spring.SqlSessionUtils       : Transaction synchronization committing SqlSession [org.apache.ibatis.session.defaults.DefaultSqlSession@6b6c0b7c]
2026-07-10T06:16:33.033+08:00 DEBUG 26476 --- [           main] org.mybatis.spring.SqlSessionUtils       : Transaction synchronization deregistering SqlSession [org.apache.ibatis.session.defaults.DefaultSqlSession@6b6c0b7c]
2026-07-10T06:16:33.033+08:00 DEBUG 26476 --- [           main] org.mybatis.spring.SqlSessionUtils       : Transaction synchronization closing SqlSession [org.apache.ibatis.session.defaults.DefaultSqlSession@6b6c0b7c]
2026-07-10T06:16:33.049+08:00 DEBUG 26476 --- [           main] org.mybatis.spring.SqlSessionUtils       : Creating a new SqlSession
2026-07-10T06:16:33.049+08:00 DEBUG 26476 --- [           main] org.mybatis.spring.SqlSessionUtils       : Registering transaction synchronization for SqlSession [org.apache.ibatis.session.defaults.DefaultSqlSession@42e4431]
2026-07-10T06:16:33.049+08:00 DEBUG 26476 --- [           main] o.m.s.t.SpringManagedTransaction         : JDBC Connection [HikariProxyConnection@231585923 wrapping com.mysql.cj.jdbc.ConnectionImpl@1fc0d9b4] will be managed by Spring
2026-07-10T06:16:33.049+08:00 DEBUG 26476 --- [           main] c.x.s.mapper.CategoryMapper.selectById   : ==>  Preparing: SELECT * FROM sp_category WHERE id = ? AND is_deleted = 0
2026-07-10T06:16:33.049+08:00 DEBUG 26476 --- [           main] c.x.s.mapper.CategoryMapper.selectById   : ==> Parameters: 18(Long)
2026-07-10T06:16:33.051+08:00 DEBUG 26476 --- [           main] c.x.s.mapper.CategoryMapper.selectById   : <==      Total: 1
2026-07-10T06:16:33.051+08:00 DEBUG 26476 --- [           main] org.mybatis.spring.SqlSessionUtils       : Releasing transactional SqlSession [org.apache.ibatis.session.defaults.DefaultSqlSession@42e4431]
2026-07-10T06:16:33.052+08:00 DEBUG 26476 --- [           main] org.mybatis.spring.SqlSessionUtils       : Fetched SqlSession [org.apache.ibatis.session.defaults.DefaultSqlSession@42e4431] from current transaction
2026-07-10T06:16:33.052+08:00 DEBUG 26476 --- [           main] c.x.s.m.C.countByNameAndNotId            : ==>  Preparing: SELECT COUNT(*) FROM sp_category WHERE name = ? AND id != ? AND is_deleted = 0
2026-07-10T06:16:33.052+08:00 DEBUG 26476 --- [           main] c.x.s.m.C.countByNameAndNotId            : ==> Parameters: 重复品类_1783635393010(String), 18(Long)
2026-07-10T06:16:33.053+08:00 DEBUG 26476 --- [           main] c.x.s.m.C.countByNameAndNotId            : <==      Total: 1
2026-07-10T06:16:33.053+08:00 DEBUG 26476 --- [           main] org.mybatis.spring.SqlSessionUtils       : Releasing transactional SqlSession [org.apache.ibatis.session.defaults.DefaultSqlSession@42e4431]
2026-07-10T06:16:33.053+08:00 DEBUG 26476 --- [           main] org.mybatis.spring.SqlSessionUtils       : Transaction synchronization deregistering SqlSession [org.apache.ibatis.session.defaults.DefaultSqlSession@42e4431]
2026-07-10T06:16:33.053+08:00 DEBUG 26476 --- [           main] org.mybatis.spring.SqlSessionUtils       : Transaction synchronization closing SqlSession [org.apache.ibatis.session.defaults.DefaultSqlSession@42e4431]
]]></system-out>
  </testcase>
  <testcase name="getById_NotFound_ThrowsException" classname="com.xuena.supplier.service.CategoryServiceTest" time="0.052">
    <system-out><![CDATA[2026-07-10T06:16:33.063+08:00 DEBUG 26476 --- [           main] org.mybatis.spring.SqlSessionUtils       : Creating a new SqlSession
2026-07-10T06:16:33.063+08:00 DEBUG 26476 --- [           main] org.mybatis.spring.SqlSessionUtils       : Registering transaction synchronization for SqlSession [org.apache.ibatis.session.defaults.DefaultSqlSession@497fd334]
2026-07-10T06:16:33.063+08:00 DEBUG 26476 --- [           main] o.m.s.t.SpringManagedTransaction         : JDBC Connection [HikariProxyConnection@1871293699 wrapping com.mysql.cj.jdbc.ConnectionImpl@1fc0d9b4] will be managed by Spring
2026-07-10T06:16:33.063+08:00 DEBUG 26476 --- [           main] c.x.s.mapper.CategoryMapper.countByName  : ==>  Preparing: SELECT COUNT(*) FROM sp_category WHERE name = ? AND is_deleted = 0
2026-07-10T06:16:33.064+08:00 DEBUG 26476 --- [           main] c.x.s.mapper.CategoryMapper.countByName  : ==> Parameters: 测试品类_1783635393061(String)
2026-07-10T06:16:33.065+08:00 DEBUG 26476 --- [           main] c.x.s.mapper.CategoryMapper.countByName  : <==      Total: 1
2026-07-10T06:16:33.065+08:00 DEBUG 26476 --- [           main] org.mybatis.spring.SqlSessionUtils       : Releasing transactional SqlSession [org.apache.ibatis.session.defaults.DefaultSqlSession@497fd334]
2026-07-10T06:16:33.065+08:00 DEBUG 26476 --- [           main] org.mybatis.spring.SqlSessionUtils       : Fetched SqlSession [org.apache.ibatis.session.defaults.DefaultSqlSession@497fd334] from current transaction
2026-07-10T06:16:33.065+08:00 DEBUG 26476 --- [           main] c.x.s.mapper.CategoryMapper.insert       : ==>  Preparing: INSERT INTO sp_category (name, description) VALUES (?, ?)
2026-07-10T06:16:33.067+08:00 DEBUG 26476 --- [           main] c.x.s.mapper.CategoryMapper.insert       : ==> Parameters: 测试品类_1783635393061(String), 测试品类描述(String)
2026-07-10T06:16:33.068+08:00 DEBUG 26476 --- [           main] c.x.s.mapper.CategoryMapper.insert       : <==    Updates: 1
2026-07-10T06:16:33.070+08:00 DEBUG 26476 --- [           main] org.mybatis.spring.SqlSessionUtils       : Releasing transactional SqlSession [org.apache.ibatis.session.defaults.DefaultSqlSession@497fd334]
2026-07-10T06:16:33.071+08:00 DEBUG 26476 --- [           main] org.mybatis.spring.SqlSessionUtils       : Transaction synchronization committing SqlSession [org.apache.ibatis.session.defaults.DefaultSqlSession@497fd334]
2026-07-10T06:16:33.071+08:00 DEBUG 26476 --- [           main] org.mybatis.spring.SqlSessionUtils       : Transaction synchronization deregistering SqlSession [org.apache.ibatis.session.defaults.DefaultSqlSession@497fd334]
2026-07-10T06:16:33.071+08:00 DEBUG 26476 --- [           main] org.mybatis.spring.SqlSessionUtils       : Transaction synchronization closing SqlSession [org.apache.ibatis.session.defaults.DefaultSqlSession@497fd334]
2026-07-10T06:16:33.089+08:00 DEBUG 26476 --- [           main] org.mybatis.spring.SqlSessionUtils       : Creating a new SqlSession
2026-07-10T06:16:33.089+08:00 DEBUG 26476 --- [           main] org.mybatis.spring.SqlSessionUtils       : Registering transaction synchronization for SqlSession [org.apache.ibatis.session.defaults.DefaultSqlSession@50f13494]
2026-07-10T06:16:33.089+08:00 DEBUG 26476 --- [           main] o.m.s.t.SpringManagedTransaction         : JDBC Connection [HikariProxyConnection@1865152087 wrapping com.mysql.cj.jdbc.ConnectionImpl@1fc0d9b4] will be managed by Spring
2026-07-10T06:16:33.089+08:00 DEBUG 26476 --- [           main] c.x.s.mapper.CategoryMapper.countByName  : ==>  Preparing: SELECT COUNT(*) FROM sp_category WHERE name = ? AND is_deleted = 0
2026-07-10T06:16:33.089+08:00 DEBUG 26476 --- [           main] c.x.s.mapper.CategoryMapper.countByName  : ==> Parameters: 重复品类_1783635393061(String)
2026-07-10T06:16:33.090+08:00 DEBUG 26476 --- [           main] c.x.s.mapper.CategoryMapper.countByName  : <==      Total: 1
2026-07-10T06:16:33.090+08:00 DEBUG 26476 --- [           main] org.mybatis.spring.SqlSessionUtils       : Releasing transactional SqlSession [org.apache.ibatis.session.defaults.DefaultSqlSession@50f13494]
2026-07-10T06:16:33.090+08:00 DEBUG 26476 --- [           main] org.mybatis.spring.SqlSessionUtils       : Fetched SqlSession [org.apache.ibatis.session.defaults.DefaultSqlSession@50f13494] from current transaction
2026-07-10T06:16:33.090+08:00 DEBUG 26476 --- [           main] c.x.s.mapper.CategoryMapper.insert       : ==>  Preparing: INSERT INTO sp_category (name, description) VALUES (?, ?)
2026-07-10T06:16:33.090+08:00 DEBUG 26476 --- [           main] c.x.s.mapper.CategoryMapper.insert       : ==> Parameters: 重复品类_1783635393061(String), 重复品类(String)
2026-07-10T06:16:33.090+08:00 DEBUG 26476 --- [           main] c.x.s.mapper.CategoryMapper.insert       : <==    Updates: 1
2026-07-10T06:16:33.092+08:00 DEBUG 26476 --- [           main] org.mybatis.spring.SqlSessionUtils       : Releasing transactional SqlSession [org.apache.ibatis.session.defaults.DefaultSqlSession@50f13494]
2026-07-10T06:16:33.092+08:00 DEBUG 26476 --- [           main] org.mybatis.spring.SqlSessionUtils       : Transaction synchronization committing SqlSession [org.apache.ibatis.session.defaults.DefaultSqlSession@50f13494]
2026-07-10T06:16:33.092+08:00 DEBUG 26476 --- [           main] org.mybatis.spring.SqlSessionUtils       : Transaction synchronization deregistering SqlSession [org.apache.ibatis.session.defaults.DefaultSqlSession@50f13494]
2026-07-10T06:16:33.092+08:00 DEBUG 26476 --- [           main] org.mybatis.spring.SqlSessionUtils       : Transaction synchronization closing SqlSession [org.apache.ibatis.session.defaults.DefaultSqlSession@50f13494]
2026-07-10T06:16:33.106+08:00 DEBUG 26476 --- [           main] org.mybatis.spring.SqlSessionUtils       : Creating a new SqlSession
2026-07-10T06:16:33.106+08:00 DEBUG 26476 --- [           main] org.mybatis.spring.SqlSessionUtils       : SqlSession [org.apache.ibatis.session.defaults.DefaultSqlSession@750c23a3] was not registered for synchronization because synchronization is not active
2026-07-10T06:16:33.106+08:00 DEBUG 26476 --- [           main] o.m.s.t.SpringManagedTransaction         : JDBC Connection [HikariProxyConnection@595755231 wrapping com.mysql.cj.jdbc.ConnectionImpl@1fc0d9b4] will not be managed by Spring
2026-07-10T06:16:33.106+08:00 DEBUG 26476 --- [           main] c.x.s.mapper.CategoryMapper.selectById   : ==>  Preparing: SELECT * FROM sp_category WHERE id = ? AND is_deleted = 0
2026-07-10T06:16:33.106+08:00 DEBUG 26476 --- [           main] c.x.s.mapper.CategoryMapper.selectById   : ==> Parameters: 999999(Long)
2026-07-10T06:16:33.109+08:00 DEBUG 26476 --- [           main] c.x.s.mapper.CategoryMapper.selectById   : <==      Total: 0
2026-07-10T06:16:33.109+08:00 DEBUG 26476 --- [           main] org.mybatis.spring.SqlSessionUtils       : Closing non transactional SqlSession [org.apache.ibatis.session.defaults.DefaultSqlSession@750c23a3]
]]></system-out>
  </testcase>
  <testcase name="update_NotFound_ThrowsException" classname="com.xuena.supplier.service.CategoryServiceTest" time="0.039">
    <system-out><![CDATA[2026-07-10T06:16:33.113+08:00 DEBUG 26476 --- [           main] org.mybatis.spring.SqlSessionUtils       : Creating a new SqlSession
2026-07-10T06:16:33.113+08:00 DEBUG 26476 --- [           main] org.mybatis.spring.SqlSessionUtils       : Registering transaction synchronization for SqlSession [org.apache.ibatis.session.defaults.DefaultSqlSession@5dc120ab]
2026-07-10T06:16:33.113+08:00 DEBUG 26476 --- [           main] o.m.s.t.SpringManagedTransaction         : JDBC Connection [HikariProxyConnection@2130179092 wrapping com.mysql.cj.jdbc.ConnectionImpl@1fc0d9b4] will be managed by Spring
2026-07-10T06:16:33.113+08:00 DEBUG 26476 --- [           main] c.x.s.mapper.CategoryMapper.countByName  : ==>  Preparing: SELECT COUNT(*) FROM sp_category WHERE name = ? AND is_deleted = 0
2026-07-10T06:16:33.113+08:00 DEBUG 26476 --- [           main] c.x.s.mapper.CategoryMapper.countByName  : ==> Parameters: 测试品类_1783635393110(String)
2026-07-10T06:16:33.114+08:00 DEBUG 26476 --- [           main] c.x.s.mapper.CategoryMapper.countByName  : <==      Total: 1
2026-07-10T06:16:33.114+08:00 DEBUG 26476 --- [           main] org.mybatis.spring.SqlSessionUtils       : Releasing transactional SqlSession [org.apache.ibatis.session.defaults.DefaultSqlSession@5dc120ab]
2026-07-10T06:16:33.114+08:00 DEBUG 26476 --- [           main] org.mybatis.spring.SqlSessionUtils       : Fetched SqlSession [org.apache.ibatis.session.defaults.DefaultSqlSession@5dc120ab] from current transaction
2026-07-10T06:16:33.114+08:00 DEBUG 26476 --- [           main] c.x.s.mapper.CategoryMapper.insert       : ==>  Preparing: INSERT INTO sp_category (name, description) VALUES (?, ?)
2026-07-10T06:16:33.114+08:00 DEBUG 26476 --- [           main] c.x.s.mapper.CategoryMapper.insert       : ==> Parameters: 测试品类_1783635393110(String), 测试品类描述(String)
2026-07-10T06:16:33.116+08:00 DEBUG 26476 --- [           main] c.x.s.mapper.CategoryMapper.insert       : <==    Updates: 1
2026-07-10T06:16:33.117+08:00 DEBUG 26476 --- [           main] org.mybatis.spring.SqlSessionUtils       : Releasing transactional SqlSession [org.apache.ibatis.session.defaults.DefaultSqlSession@5dc120ab]
2026-07-10T06:16:33.117+08:00 DEBUG 26476 --- [           main] org.mybatis.spring.SqlSessionUtils       : Transaction synchronization committing SqlSession [org.apache.ibatis.session.defaults.DefaultSqlSession@5dc120ab]
2026-07-10T06:16:33.117+08:00 DEBUG 26476 --- [           main] org.mybatis.spring.SqlSessionUtils       : Transaction synchronization deregistering SqlSession [org.apache.ibatis.session.defaults.DefaultSqlSession@5dc120ab]
2026-07-10T06:16:33.117+08:00 DEBUG 26476 --- [           main] org.mybatis.spring.SqlSessionUtils       : Transaction synchronization closing SqlSession [org.apache.ibatis.session.defaults.DefaultSqlSession@5dc120ab]
2026-07-10T06:16:33.129+08:00 DEBUG 26476 --- [           main] org.mybatis.spring.SqlSessionUtils       : Creating a new SqlSession
2026-07-10T06:16:33.129+08:00 DEBUG 26476 --- [           main] org.mybatis.spring.SqlSessionUtils       : Registering transaction synchronization for SqlSession [org.apache.ibatis.session.defaults.DefaultSqlSession@640a6d4b]
2026-07-10T06:16:33.129+08:00 DEBUG 26476 --- [           main] o.m.s.t.SpringManagedTransaction         : JDBC Connection [HikariProxyConnection@901087828 wrapping com.mysql.cj.jdbc.ConnectionImpl@1fc0d9b4] will be managed by Spring
2026-07-10T06:16:33.129+08:00 DEBUG 26476 --- [           main] c.x.s.mapper.CategoryMapper.countByName  : ==>  Preparing: SELECT COUNT(*) FROM sp_category WHERE name = ? AND is_deleted = 0
2026-07-10T06:16:33.131+08:00 DEBUG 26476 --- [           main] c.x.s.mapper.CategoryMapper.countByName  : ==> Parameters: 重复品类_1783635393110(String)
2026-07-10T06:16:33.132+08:00 DEBUG 26476 --- [           main] c.x.s.mapper.CategoryMapper.countByName  : <==      Total: 1
2026-07-10T06:16:33.132+08:00 DEBUG 26476 --- [           main] org.mybatis.spring.SqlSessionUtils       : Releasing transactional SqlSession [org.apache.ibatis.session.defaults.DefaultSqlSession@640a6d4b]
2026-07-10T06:16:33.132+08:00 DEBUG 26476 --- [           main] org.mybatis.spring.SqlSessionUtils       : Fetched SqlSession [org.apache.ibatis.session.defaults.DefaultSqlSession@640a6d4b] from current transaction
2026-07-10T06:16:33.132+08:00 DEBUG 26476 --- [           main] c.x.s.mapper.CategoryMapper.insert       : ==>  Preparing: INSERT INTO sp_category (name, description) VALUES (?, ?)
2026-07-10T06:16:33.132+08:00 DEBUG 26476 --- [           main] c.x.s.mapper.CategoryMapper.insert       : ==> Parameters: 重复品类_1783635393110(String), 重复品类(String)
2026-07-10T06:16:33.133+08:00 DEBUG 26476 --- [           main] c.x.s.mapper.CategoryMapper.insert       : <==    Updates: 1
2026-07-10T06:16:33.133+08:00 DEBUG 26476 --- [           main] org.mybatis.spring.SqlSessionUtils       : Releasing transactional SqlSession [org.apache.ibatis.session.defaults.DefaultSqlSession@640a6d4b]
2026-07-10T06:16:33.133+08:00 DEBUG 26476 --- [           main] org.mybatis.spring.SqlSessionUtils       : Transaction synchronization committing SqlSession [org.apache.ibatis.session.defaults.DefaultSqlSession@640a6d4b]
2026-07-10T06:16:33.133+08:00 DEBUG 26476 --- [           main] org.mybatis.spring.SqlSessionUtils       : Transaction synchronization deregistering SqlSession [org.apache.ibatis.session.defaults.DefaultSqlSession@640a6d4b]
2026-07-10T06:16:33.133+08:00 DEBUG 26476 --- [           main] org.mybatis.spring.SqlSessionUtils       : Transaction synchronization closing SqlSession [org.apache.ibatis.session.defaults.DefaultSqlSession@640a6d4b]
2026-07-10T06:16:33.147+08:00 DEBUG 26476 --- [           main] org.mybatis.spring.SqlSessionUtils       : Creating a new SqlSession
2026-07-10T06:16:33.147+08:00 DEBUG 26476 --- [           main] org.mybatis.spring.SqlSessionUtils       : Registering transaction synchronization for SqlSession [org.apache.ibatis.session.defaults.DefaultSqlSession@2e1e7bc6]
2026-07-10T06:16:33.147+08:00 DEBUG 26476 --- [           main] o.m.s.t.SpringManagedTransaction         : JDBC Connection [HikariProxyConnection@408680160 wrapping com.mysql.cj.jdbc.ConnectionImpl@1fc0d9b4] will be managed by Spring
2026-07-10T06:16:33.147+08:00 DEBUG 26476 --- [           main] c.x.s.mapper.CategoryMapper.selectById   : ==>  Preparing: SELECT * FROM sp_category WHERE id = ? AND is_deleted = 0
2026-07-10T06:16:33.147+08:00 DEBUG 26476 --- [           main] c.x.s.mapper.CategoryMapper.selectById   : ==> Parameters: 999999(Long)
2026-07-10T06:16:33.148+08:00 DEBUG 26476 --- [           main] c.x.s.mapper.CategoryMapper.selectById   : <==      Total: 0
2026-07-10T06:16:33.148+08:00 DEBUG 26476 --- [           main] org.mybatis.spring.SqlSessionUtils       : Releasing transactional SqlSession [org.apache.ibatis.session.defaults.DefaultSqlSession@2e1e7bc6]
2026-07-10T06:16:33.148+08:00 DEBUG 26476 --- [           main] org.mybatis.spring.SqlSessionUtils       : Transaction synchronization deregistering SqlSession [org.apache.ibatis.session.defaults.DefaultSqlSession@2e1e7bc6]
2026-07-10T06:16:33.148+08:00 DEBUG 26476 --- [           main] org.mybatis.spring.SqlSessionUtils       : Transaction synchronization closing SqlSession [org.apache.ibatis.session.defaults.DefaultSqlSession@2e1e7bc6]
]]></system-out>
  </testcase>
  <testcase name="delete_Success" classname="com.xuena.supplier.service.CategoryServiceTest" time="0.061">
    <system-out><![CDATA[2026-07-10T06:16:33.150+08:00 DEBUG 26476 --- [           main] org.mybatis.spring.SqlSessionUtils       : Creating a new SqlSession
2026-07-10T06:16:33.150+08:00 DEBUG 26476 --- [           main] org.mybatis.spring.SqlSessionUtils       : Registering transaction synchronization for SqlSession [org.apache.ibatis.session.defaults.DefaultSqlSession@374ba492]
2026-07-10T06:16:33.152+08:00 DEBUG 26476 --- [           main] o.m.s.t.SpringManagedTransaction         : JDBC Connection [HikariProxyConnection@523655718 wrapping com.mysql.cj.jdbc.ConnectionImpl@1fc0d9b4] will be managed by Spring
2026-07-10T06:16:33.152+08:00 DEBUG 26476 --- [           main] c.x.s.mapper.CategoryMapper.countByName  : ==>  Preparing: SELECT COUNT(*) FROM sp_category WHERE name = ? AND is_deleted = 0
2026-07-10T06:16:33.153+08:00 DEBUG 26476 --- [           main] c.x.s.mapper.CategoryMapper.countByName  : ==> Parameters: 测试品类_1783635393150(String)
2026-07-10T06:16:33.155+08:00 DEBUG 26476 --- [           main] c.x.s.mapper.CategoryMapper.countByName  : <==      Total: 1
2026-07-10T06:16:33.155+08:00 DEBUG 26476 --- [           main] org.mybatis.spring.SqlSessionUtils       : Releasing transactional SqlSession [org.apache.ibatis.session.defaults.DefaultSqlSession@374ba492]
2026-07-10T06:16:33.155+08:00 DEBUG 26476 --- [           main] org.mybatis.spring.SqlSessionUtils       : Fetched SqlSession [org.apache.ibatis.session.defaults.DefaultSqlSession@374ba492] from current transaction
2026-07-10T06:16:33.156+08:00 DEBUG 26476 --- [           main] c.x.s.mapper.CategoryMapper.insert       : ==>  Preparing: INSERT INTO sp_category (name, description) VALUES (?, ?)
2026-07-10T06:16:33.157+08:00 DEBUG 26476 --- [           main] c.x.s.mapper.CategoryMapper.insert       : ==> Parameters: 测试品类_1783635393150(String), 测试品类描述(String)
2026-07-10T06:16:33.159+08:00 DEBUG 26476 --- [           main] c.x.s.mapper.CategoryMapper.insert       : <==    Updates: 1
2026-07-10T06:16:33.160+08:00 DEBUG 26476 --- [           main] org.mybatis.spring.SqlSessionUtils       : Releasing transactional SqlSession [org.apache.ibatis.session.defaults.DefaultSqlSession@374ba492]
2026-07-10T06:16:33.160+08:00 DEBUG 26476 --- [           main] org.mybatis.spring.SqlSessionUtils       : Transaction synchronization committing SqlSession [org.apache.ibatis.session.defaults.DefaultSqlSession@374ba492]
2026-07-10T06:16:33.160+08:00 DEBUG 26476 --- [           main] org.mybatis.spring.SqlSessionUtils       : Transaction synchronization deregistering SqlSession [org.apache.ibatis.session.defaults.DefaultSqlSession@374ba492]
2026-07-10T06:16:33.160+08:00 DEBUG 26476 --- [           main] org.mybatis.spring.SqlSessionUtils       : Transaction synchronization closing SqlSession [org.apache.ibatis.session.defaults.DefaultSqlSession@374ba492]
2026-07-10T06:16:33.173+08:00 DEBUG 26476 --- [           main] org.mybatis.spring.SqlSessionUtils       : Creating a new SqlSession
2026-07-10T06:16:33.173+08:00 DEBUG 26476 --- [           main] org.mybatis.spring.SqlSessionUtils       : Registering transaction synchronization for SqlSession [org.apache.ibatis.session.defaults.DefaultSqlSession@319058ce]
2026-07-10T06:16:33.173+08:00 DEBUG 26476 --- [           main] o.m.s.t.SpringManagedTransaction         : JDBC Connection [HikariProxyConnection@1909198389 wrapping com.mysql.cj.jdbc.ConnectionImpl@1fc0d9b4] will be managed by Spring
2026-07-10T06:16:33.173+08:00 DEBUG 26476 --- [           main] c.x.s.mapper.CategoryMapper.countByName  : ==>  Preparing: SELECT COUNT(*) FROM sp_category WHERE name = ? AND is_deleted = 0
2026-07-10T06:16:33.173+08:00 DEBUG 26476 --- [           main] c.x.s.mapper.CategoryMapper.countByName  : ==> Parameters: 重复品类_1783635393150(String)
2026-07-10T06:16:33.173+08:00 DEBUG 26476 --- [           main] c.x.s.mapper.CategoryMapper.countByName  : <==      Total: 1
2026-07-10T06:16:33.173+08:00 DEBUG 26476 --- [           main] org.mybatis.spring.SqlSessionUtils       : Releasing transactional SqlSession [org.apache.ibatis.session.defaults.DefaultSqlSession@319058ce]
2026-07-10T06:16:33.173+08:00 DEBUG 26476 --- [           main] org.mybatis.spring.SqlSessionUtils       : Fetched SqlSession [org.apache.ibatis.session.defaults.DefaultSqlSession@319058ce] from current transaction
2026-07-10T06:16:33.173+08:00 DEBUG 26476 --- [           main] c.x.s.mapper.CategoryMapper.insert       : ==>  Preparing: INSERT INTO sp_category (name, description) VALUES (?, ?)
2026-07-10T06:16:33.173+08:00 DEBUG 26476 --- [           main] c.x.s.mapper.CategoryMapper.insert       : ==> Parameters: 重复品类_1783635393150(String), 重复品类(String)
2026-07-10T06:16:33.174+08:00 DEBUG 26476 --- [           main] c.x.s.mapper.CategoryMapper.insert       : <==    Updates: 1
2026-07-10T06:16:33.174+08:00 DEBUG 26476 --- [           main] org.mybatis.spring.SqlSessionUtils       : Releasing transactional SqlSession [org.apache.ibatis.session.defaults.DefaultSqlSession@319058ce]
2026-07-10T06:16:33.174+08:00 DEBUG 26476 --- [           main] org.mybatis.spring.SqlSessionUtils       : Transaction synchronization committing SqlSession [org.apache.ibatis.session.defaults.DefaultSqlSession@319058ce]
2026-07-10T06:16:33.174+08:00 DEBUG 26476 --- [           main] org.mybatis.spring.SqlSessionUtils       : Transaction synchronization deregistering SqlSession [org.apache.ibatis.session.defaults.DefaultSqlSession@319058ce]
2026-07-10T06:16:33.174+08:00 DEBUG 26476 --- [           main] org.mybatis.spring.SqlSessionUtils       : Transaction synchronization closing SqlSession [org.apache.ibatis.session.defaults.DefaultSqlSession@319058ce]
2026-07-10T06:16:33.193+08:00 DEBUG 26476 --- [           main] org.mybatis.spring.SqlSessionUtils       : Creating a new SqlSession
2026-07-10T06:16:33.193+08:00 DEBUG 26476 --- [           main] org.mybatis.spring.SqlSessionUtils       : Registering transaction synchronization for SqlSession [org.apache.ibatis.session.defaults.DefaultSqlSession@90394d]
2026-07-10T06:16:33.193+08:00 DEBUG 26476 --- [           main] o.m.s.t.SpringManagedTransaction         : JDBC Connection [HikariProxyConnection@1873788332 wrapping com.mysql.cj.jdbc.ConnectionImpl@1fc0d9b4] will be managed by Spring
2026-07-10T06:16:33.193+08:00 DEBUG 26476 --- [           main] c.x.s.mapper.CategoryMapper.selectById   : ==>  Preparing: SELECT * FROM sp_category WHERE id = ? AND is_deleted = 0
2026-07-10T06:16:33.193+08:00 DEBUG 26476 --- [           main] c.x.s.mapper.CategoryMapper.selectById   : ==> Parameters: 24(Long)
2026-07-10T06:16:33.194+08:00 DEBUG 26476 --- [           main] c.x.s.mapper.CategoryMapper.selectById   : <==      Total: 1
2026-07-10T06:16:33.194+08:00 DEBUG 26476 --- [           main] org.mybatis.spring.SqlSessionUtils       : Releasing transactional SqlSession [org.apache.ibatis.session.defaults.DefaultSqlSession@90394d]
2026-07-10T06:16:33.194+08:00 DEBUG 26476 --- [           main] org.mybatis.spring.SqlSessionUtils       : Fetched SqlSession [org.apache.ibatis.session.defaults.DefaultSqlSession@90394d] from current transaction
2026-07-10T06:16:33.194+08:00 DEBUG 26476 --- [           main] c.x.s.mapper.CategoryMapper.delete       : ==>  Preparing: UPDATE sp_category SET is_deleted = 1 WHERE id = ?
2026-07-10T06:16:33.194+08:00 DEBUG 26476 --- [           main] c.x.s.mapper.CategoryMapper.delete       : ==> Parameters: 24(Long)
2026-07-10T06:16:33.195+08:00 DEBUG 26476 --- [           main] c.x.s.mapper.CategoryMapper.delete       : <==    Updates: 1
2026-07-10T06:16:33.195+08:00 DEBUG 26476 --- [           main] org.mybatis.spring.SqlSessionUtils       : Releasing transactional SqlSession [org.apache.ibatis.session.defaults.DefaultSqlSession@90394d]
2026-07-10T06:16:33.195+08:00 DEBUG 26476 --- [           main] org.mybatis.spring.SqlSessionUtils       : Transaction synchronization committing SqlSession [org.apache.ibatis.session.defaults.DefaultSqlSession@90394d]
2026-07-10T06:16:33.195+08:00 DEBUG 26476 --- [           main] org.mybatis.spring.SqlSessionUtils       : Transaction synchronization deregistering SqlSession [org.apache.ibatis.session.defaults.DefaultSqlSession@90394d]
2026-07-10T06:16:33.195+08:00 DEBUG 26476 --- [           main] org.mybatis.spring.SqlSessionUtils       : Transaction synchronization closing SqlSession [org.apache.ibatis.session.defaults.DefaultSqlSession@90394d]
2026-07-10T06:16:33.208+08:00 DEBUG 26476 --- [           main] org.mybatis.spring.SqlSessionUtils       : Creating a new SqlSession
2026-07-10T06:16:33.208+08:00 DEBUG 26476 --- [           main] org.mybatis.spring.SqlSessionUtils       : SqlSession [org.apache.ibatis.session.defaults.DefaultSqlSession@1860b107] was not registered for synchronization because synchronization is not active
2026-07-10T06:16:33.208+08:00 DEBUG 26476 --- [           main] o.m.s.t.SpringManagedTransaction         : JDBC Connection [HikariProxyConnection@1951337995 wrapping com.mysql.cj.jdbc.ConnectionImpl@1fc0d9b4] will not be managed by Spring
2026-07-10T06:16:33.208+08:00 DEBUG 26476 --- [           main] c.x.s.mapper.CategoryMapper.selectById   : ==>  Preparing: SELECT * FROM sp_category WHERE id = ? AND is_deleted = 0
2026-07-10T06:16:33.208+08:00 DEBUG 26476 --- [           main] c.x.s.mapper.CategoryMapper.selectById   : ==> Parameters: 24(Long)
2026-07-10T06:16:33.209+08:00 DEBUG 26476 --- [           main] c.x.s.mapper.CategoryMapper.selectById   : <==      Total: 0
2026-07-10T06:16:33.209+08:00 DEBUG 26476 --- [           main] org.mybatis.spring.SqlSessionUtils       : Closing non transactional SqlSession [org.apache.ibatis.session.defaults.DefaultSqlSession@1860b107]
]]></system-out>
  </testcase>
</testsuite>