<?xml version="1.0" encoding="UTF-8"?>
<testsuite xmlns:xsi="http://www.w3.org/2001/XMLSchema-instance" xsi:noNamespaceSchemaLocation="https://maven.apache.org/surefire/maven-surefire-plugin/xsd/surefire-test-report-3.0.xsd" version="3.0" name="com.xuena.supplier.service.CategoryServiceTest" time="0.435" tests="10" errors="0" skipped="0" failures="0">
  <properties>
[...]
</properties>
  <testcase name="delete_NotFound_ThrowsException" classname="com.xuena.supplier.service.CategoryServiceTest" time="0.068">
    <system-out><![CDATA[2026-07-10T07:34:59.362+08:00  INFO 11216 --- [           main] t.c.s.AnnotationConfigContextLoaderUtils : Could not detect default configuration classes for test class [com.xuena.supplier.service.CategoryServiceTest]: CategoryServiceTest does not declare any static, non-private, non-final, nested classes annotated with @Configuration.
2026-07-10T07:34:59.365+08:00  INFO 11216 --- [           main] .b.t.c.SpringBootTestContextBootstrapper : Found @SpringBootConfiguration com.xuena.supplier.SupplierApplication for test class com.xuena.supplier.service.CategoryServiceTest
2026-07-10T07:34:59.392+08:00 DEBUG 11216 --- [           main] org.mybatis.spring.SqlSessionUtils       : Creating a new SqlSession
2026-07-10T07:34:59.392+08:00 DEBUG 11216 --- [           main] org.mybatis.spring.SqlSessionUtils       : Registering transaction synchronization for SqlSession [org.apache.ibatis.session.defaults.DefaultSqlSession@5d1a1770]
2026-07-10T07:34:59.394+08:00 DEBUG 11216 --- [           main] o.m.s.t.SpringManagedTransaction         : JDBC Connection [HikariProxyConnection@1441700763 wrapping com.mysql.cj.jdbc.ConnectionImpl@1cca09bc] will be managed by Spring
2026-07-10T07:34:59.394+08:00 DEBUG 11216 --- [           main] c.x.s.mapper.CategoryMapper.countByName  : ==>  Preparing: SELECT COUNT(*) FROM sp_category WHERE name = ? AND is_deleted = 0
2026-07-10T07:34:59.394+08:00 DEBUG 11216 --- [           main] c.x.s.mapper.CategoryMapper.countByName  : ==> Parameters: 测试品类_1783640099375(String)
2026-07-10T07:34:59.396+08:00 DEBUG 11216 --- [           main] c.x.s.mapper.CategoryMapper.countByName  : <==      Total: 1
2026-07-10T07:34:59.397+08:00 DEBUG 11216 --- [           main] org.mybatis.spring.SqlSessionUtils       : Releasing transactional SqlSession [org.apache.ibatis.session.defaults.DefaultSqlSession@5d1a1770]
2026-07-10T07:34:59.398+08:00 DEBUG 11216 --- [           main] org.mybatis.spring.SqlSessionUtils       : Fetched SqlSession [org.apache.ibatis.session.defaults.DefaultSqlSession@5d1a1770] from current transaction
2026-07-10T07:34:59.399+08:00 DEBUG 11216 --- [           main] c.x.s.mapper.CategoryMapper.insert       : ==>  Preparing: INSERT INTO sp_category (name, description) VALUES (?, ?)
2026-07-10T07:34:59.400+08:00 DEBUG 11216 --- [           main] c.x.s.mapper.CategoryMapper.insert       : ==> Parameters: 测试品类_1783640099375(String), 测试品类描述(String)
2026-07-10T07:34:59.402+08:00 DEBUG 11216 --- [           main] c.x.s.mapper.CategoryMapper.insert       : <==    Updates: 1
2026-07-10T07:34:59.406+08:00 DEBUG 11216 --- [           main] org.mybatis.spring.SqlSessionUtils       : Releasing transactional SqlSession [org.apache.ibatis.session.defaults.DefaultSqlSession@5d1a1770]
2026-07-10T07:34:59.407+08:00 DEBUG 11216 --- [           main] org.mybatis.spring.SqlSessionUtils       : Transaction synchronization committing SqlSession [org.apache.ibatis.session.defaults.DefaultSqlSession@5d1a1770]
2026-07-10T07:34:59.407+08:00 DEBUG 11216 --- [           main] org.mybatis.spring.SqlSessionUtils       : Transaction synchronization deregistering SqlSession [org.apache.ibatis.session.defaults.DefaultSqlSession@5d1a1770]
2026-07-10T07:34:59.408+08:00 DEBUG 11216 --- [           main] org.mybatis.spring.SqlSessionUtils       : Transaction synchronization closing SqlSession [org.apache.ibatis.session.defaults.DefaultSqlSession@5d1a1770]
2026-07-10T07:34:59.414+08:00 DEBUG 11216 --- [           main] org.mybatis.spring.SqlSessionUtils       : Creating a new SqlSession
2026-07-10T07:34:59.414+08:00 DEBUG 11216 --- [           main] org.mybatis.spring.SqlSessionUtils       : Registering transaction synchronization for SqlSession [org.apache.ibatis.session.defaults.DefaultSqlSession@16c69c47]
2026-07-10T07:34:59.414+08:00 DEBUG 11216 --- [           main] o.m.s.t.SpringManagedTransaction         : JDBC Connection [HikariProxyConnection@210812328 wrapping com.mysql.cj.jdbc.ConnectionImpl@1cca09bc] will be managed by Spring
2026-07-10T07:34:59.414+08:00 DEBUG 11216 --- [           main] c.x.s.mapper.CategoryMapper.countByName  : ==>  Preparing: SELECT COUNT(*) FROM sp_category WHERE name = ? AND is_deleted = 0
2026-07-10T07:34:59.416+08:00 DEBUG 11216 --- [           main] c.x.s.mapper.CategoryMapper.countByName  : ==> Parameters: 重复品类_1783640099375(String)
2026-07-10T07:34:59.418+08:00 DEBUG 11216 --- [           main] c.x.s.mapper.CategoryMapper.countByName  : <==      Total: 1
2026-07-10T07:34:59.419+08:00 DEBUG 11216 --- [           main] org.mybatis.spring.SqlSessionUtils       : Releasing transactional SqlSession [org.apache.ibatis.session.defaults.DefaultSqlSession@16c69c47]
2026-07-10T07:34:59.419+08:00 DEBUG 11216 --- [           main] org.mybatis.spring.SqlSessionUtils       : Fetched SqlSession [org.apache.ibatis.session.defaults.DefaultSqlSession@16c69c47] from current transaction
2026-07-10T07:34:59.419+08:00 DEBUG 11216 --- [           main] c.x.s.mapper.CategoryMapper.insert       : ==>  Preparing: INSERT INTO sp_category (name, description) VALUES (?, ?)
2026-07-10T07:34:59.421+08:00 DEBUG 11216 --- [           main] c.x.s.mapper.CategoryMapper.insert       : ==> Parameters: 重复品类_1783640099375(String), 重复品类(String)
2026-07-10T07:34:59.422+08:00 DEBUG 11216 --- [           main] c.x.s.mapper.CategoryMapper.insert       : <==    Updates: 1
2026-07-10T07:34:59.423+08:00 DEBUG 11216 --- [           main] org.mybatis.spring.SqlSessionUtils       : Releasing transactional SqlSession [org.apache.ibatis.session.defaults.DefaultSqlSession@16c69c47]
2026-07-10T07:34:59.423+08:00 DEBUG 11216 --- [           main] org.mybatis.spring.SqlSessionUtils       : Transaction synchronization committing SqlSession [org.apache.ibatis.session.defaults.DefaultSqlSession@16c69c47]
2026-07-10T07:34:59.423+08:00 DEBUG 11216 --- [           main] org.mybatis.spring.SqlSessionUtils       : Transaction synchronization deregistering SqlSession [org.apache.ibatis.session.defaults.DefaultSqlSession@16c69c47]
2026-07-10T07:34:59.423+08:00 DEBUG 11216 --- [           main] org.mybatis.spring.SqlSessionUtils       : Transaction synchronization closing SqlSession [org.apache.ibatis.session.defaults.DefaultSqlSession@16c69c47]
2026-07-10T07:34:59.430+08:00 DEBUG 11216 --- [           main] org.mybatis.spring.SqlSessionUtils       : Creating a new SqlSession
2026-07-10T07:34:59.431+08:00 DEBUG 11216 --- [           main] org.mybatis.spring.SqlSessionUtils       : Registering transaction synchronization for SqlSession [org.apache.ibatis.session.defaults.DefaultSqlSession@1ae60fb5]
2026-07-10T07:34:59.431+08:00 DEBUG 11216 --- [           main] o.m.s.t.SpringManagedTransaction         : JDBC Connection [HikariProxyConnection@81731168 wrapping com.mysql.cj.jdbc.ConnectionImpl@1cca09bc] will be managed by Spring
2026-07-10T07:34:59.431+08:00 DEBUG 11216 --- [           main] c.x.s.mapper.CategoryMapper.selectById   : ==>  Preparing: SELECT * FROM sp_category WHERE id = ? AND is_deleted = 0
2026-07-10T07:34:59.431+08:00 DEBUG 11216 --- [           main] c.x.s.mapper.CategoryMapper.selectById   : ==> Parameters: 999999(Long)
2026-07-10T07:34:59.432+08:00 DEBUG 11216 --- [           main] c.x.s.mapper.CategoryMapper.selectById   : <==      Total: 0
2026-07-10T07:34:59.432+08:00 DEBUG 11216 --- [           main] org.mybatis.spring.SqlSessionUtils       : Releasing transactional SqlSession [org.apache.ibatis.session.defaults.DefaultSqlSession@1ae60fb5]
2026-07-10T07:34:59.432+08:00 DEBUG 11216 --- [           main] org.mybatis.spring.SqlSessionUtils       : Transaction synchronization deregistering SqlSession [org.apache.ibatis.session.defaults.DefaultSqlSession@1ae60fb5]
2026-07-10T07:34:59.433+08:00 DEBUG 11216 --- [           main] org.mybatis.spring.SqlSessionUtils       : Transaction synchronization closing SqlSession [org.apache.ibatis.session.defaults.DefaultSqlSession@1ae60fb5]
]]></system-out>
  </testcase>
  <testcase name="create_DuplicateName_ThrowsException" classname="com.xuena.supplier.service.CategoryServiceTest" time="0.048">
    <system-out><![CDATA[2026-07-10T07:34:59.444+08:00 DEBUG 11216 --- [           main] org.mybatis.spring.SqlSessionUtils       : Creating a new SqlSession
2026-07-10T07:34:59.445+08:00 DEBUG 11216 --- [           main] org.mybatis.spring.SqlSessionUtils       : Registering transaction synchronization for SqlSession [org.apache.ibatis.session.defaults.DefaultSqlSession@6cc52eb1]
2026-07-10T07:34:59.445+08:00 DEBUG 11216 --- [           main] o.m.s.t.SpringManagedTransaction         : JDBC Connection [HikariProxyConnection@1339725877 wrapping com.mysql.cj.jdbc.ConnectionImpl@1cca09bc] will be managed by Spring
2026-07-10T07:34:59.445+08:00 DEBUG 11216 --- [           main] c.x.s.mapper.CategoryMapper.countByName  : ==>  Preparing: SELECT COUNT(*) FROM sp_category WHERE name = ? AND is_deleted = 0
2026-07-10T07:34:59.446+08:00 DEBUG 11216 --- [           main] c.x.s.mapper.CategoryMapper.countByName  : ==> Parameters: 测试品类_1783640099443(String)
2026-07-10T07:34:59.447+08:00 DEBUG 11216 --- [           main] c.x.s.mapper.CategoryMapper.countByName  : <==      Total: 1
2026-07-10T07:34:59.449+08:00 DEBUG 11216 --- [           main] org.mybatis.spring.SqlSessionUtils       : Releasing transactional SqlSession [org.apache.ibatis.session.defaults.DefaultSqlSession@6cc52eb1]
2026-07-10T07:34:59.449+08:00 DEBUG 11216 --- [           main] org.mybatis.spring.SqlSessionUtils       : Fetched SqlSession [org.apache.ibatis.session.defaults.DefaultSqlSession@6cc52eb1] from current transaction
2026-07-10T07:34:59.449+08:00 DEBUG 11216 --- [           main] c.x.s.mapper.CategoryMapper.insert       : ==>  Preparing: INSERT INTO sp_category (name, description) VALUES (?, ?)
2026-07-10T07:34:59.451+08:00 DEBUG 11216 --- [           main] c.x.s.mapper.CategoryMapper.insert       : ==> Parameters: 测试品类_1783640099443(String), 测试品类描述(String)
2026-07-10T07:34:59.453+08:00 DEBUG 11216 --- [           main] c.x.s.mapper.CategoryMapper.insert       : <==    Updates: 1
2026-07-10T07:34:59.454+08:00 DEBUG 11216 --- [           main] org.mybatis.spring.SqlSessionUtils       : Releasing transactional SqlSession [org.apache.ibatis.session.defaults.DefaultSqlSession@6cc52eb1]
2026-07-10T07:34:59.454+08:00 DEBUG 11216 --- [           main] org.mybatis.spring.SqlSessionUtils       : Transaction synchronization committing SqlSession [org.apache.ibatis.session.defaults.DefaultSqlSession@6cc52eb1]
2026-07-10T07:34:59.454+08:00 DEBUG 11216 --- [           main] org.mybatis.spring.SqlSessionUtils       : Transaction synchronization deregistering SqlSession [org.apache.ibatis.session.defaults.DefaultSqlSession@6cc52eb1]
2026-07-10T07:34:59.454+08:00 DEBUG 11216 --- [           main] org.mybatis.spring.SqlSessionUtils       : Transaction synchronization closing SqlSession [org.apache.ibatis.session.defaults.DefaultSqlSession@6cc52eb1]
2026-07-10T07:34:59.465+08:00 DEBUG 11216 --- [           main] org.mybatis.spring.SqlSessionUtils       : Creating a new SqlSession
2026-07-10T07:34:59.466+08:00 DEBUG 11216 --- [           main] org.mybatis.spring.SqlSessionUtils       : Registering transaction synchronization for SqlSession [org.apache.ibatis.session.defaults.DefaultSqlSession@4ec16868]
2026-07-10T07:34:59.466+08:00 DEBUG 11216 --- [           main] o.m.s.t.SpringManagedTransaction         : JDBC Connection [HikariProxyConnection@597587284 wrapping com.mysql.cj.jdbc.ConnectionImpl@1cca09bc] will be managed by Spring
2026-07-10T07:34:59.466+08:00 DEBUG 11216 --- [           main] c.x.s.mapper.CategoryMapper.countByName  : ==>  Preparing: SELECT COUNT(*) FROM sp_category WHERE name = ? AND is_deleted = 0
2026-07-10T07:34:59.466+08:00 DEBUG 11216 --- [           main] c.x.s.mapper.CategoryMapper.countByName  : ==> Parameters: 重复品类_1783640099443(String)
2026-07-10T07:34:59.470+08:00 DEBUG 11216 --- [           main] c.x.s.mapper.CategoryMapper.countByName  : <==      Total: 1
2026-07-10T07:34:59.471+08:00 DEBUG 11216 --- [           main] org.mybatis.spring.SqlSessionUtils       : Releasing transactional SqlSession [org.apache.ibatis.session.defaults.DefaultSqlSession@4ec16868]
2026-07-10T07:34:59.471+08:00 DEBUG 11216 --- [           main] org.mybatis.spring.SqlSessionUtils       : Fetched SqlSession [org.apache.ibatis.session.defaults.DefaultSqlSession@4ec16868] from current transaction
2026-07-10T07:34:59.472+08:00 DEBUG 11216 --- [           main] c.x.s.mapper.CategoryMapper.insert       : ==>  Preparing: INSERT INTO sp_category (name, description) VALUES (?, ?)
2026-07-10T07:34:59.473+08:00 DEBUG 11216 --- [           main] c.x.s.mapper.CategoryMapper.insert       : ==> Parameters: 重复品类_1783640099443(String), 重复品类(String)
2026-07-10T07:34:59.476+08:00 DEBUG 11216 --- [           main] c.x.s.mapper.CategoryMapper.insert       : <==    Updates: 1
2026-07-10T07:34:59.478+08:00 DEBUG 11216 --- [           main] org.mybatis.spring.SqlSessionUtils       : Releasing transactional SqlSession [org.apache.ibatis.session.defaults.DefaultSqlSession@4ec16868]
2026-07-10T07:34:59.478+08:00 DEBUG 11216 --- [           main] org.mybatis.spring.SqlSessionUtils       : Transaction synchronization committing SqlSession [org.apache.ibatis.session.defaults.DefaultSqlSession@4ec16868]
2026-07-10T07:34:59.478+08:00 DEBUG 11216 --- [           main] org.mybatis.spring.SqlSessionUtils       : Transaction synchronization deregistering SqlSession [org.apache.ibatis.session.defaults.DefaultSqlSession@4ec16868]
2026-07-10T07:34:59.478+08:00 DEBUG 11216 --- [           main] org.mybatis.spring.SqlSessionUtils       : Transaction synchronization closing SqlSession [org.apache.ibatis.session.defaults.DefaultSqlSession@4ec16868]
2026-07-10T07:34:59.485+08:00 DEBUG 11216 --- [           main] org.mybatis.spring.SqlSessionUtils       : Creating a new SqlSession
2026-07-10T07:34:59.485+08:00 DEBUG 11216 --- [           main] org.mybatis.spring.SqlSessionUtils       : Registering transaction synchronization for SqlSession [org.apache.ibatis.session.defaults.DefaultSqlSession@4f900cf9]
2026-07-10T07:34:59.487+08:00 DEBUG 11216 --- [           main] o.m.s.t.SpringManagedTransaction         : JDBC Connection [HikariProxyConnection@316728489 wrapping com.mysql.cj.jdbc.ConnectionImpl@1cca09bc] will be managed by Spring
2026-07-10T07:34:59.487+08:00 DEBUG 11216 --- [           main] c.x.s.mapper.CategoryMapper.countByName  : ==>  Preparing: SELECT COUNT(*) FROM sp_category WHERE name = ? AND is_deleted = 0
2026-07-10T07:34:59.487+08:00 DEBUG 11216 --- [           main] c.x.s.mapper.CategoryMapper.countByName  : ==> Parameters: 测试品类_1783640099443(String)
2026-07-10T07:34:59.488+08:00 DEBUG 11216 --- [           main] c.x.s.mapper.CategoryMapper.countByName  : <==      Total: 1
2026-07-10T07:34:59.488+08:00 DEBUG 11216 --- [           main] org.mybatis.spring.SqlSessionUtils       : Releasing transactional SqlSession [org.apache.ibatis.session.defaults.DefaultSqlSession@4f900cf9]
2026-07-10T07:34:59.488+08:00 DEBUG 11216 --- [           main] org.mybatis.spring.SqlSessionUtils       : Transaction synchronization deregistering SqlSession [org.apache.ibatis.session.defaults.DefaultSqlSession@4f900cf9]
2026-07-10T07:34:59.488+08:00 DEBUG 11216 --- [           main] org.mybatis.spring.SqlSessionUtils       : Transaction synchronization closing SqlSession [org.apache.ibatis.session.defaults.DefaultSqlSession@4f900cf9]
]]></system-out>
  </testcase>
  <testcase name="update_Success" classname="com.xuena.supplier.service.CategoryServiceTest" time="0.049">
    <system-out><![CDATA[2026-07-10T07:34:59.495+08:00 DEBUG 11216 --- [           main] org.mybatis.spring.SqlSessionUtils       : Creating a new SqlSession
2026-07-10T07:34:59.496+08:00 DEBUG 11216 --- [           main] org.mybatis.spring.SqlSessionUtils       : Registering transaction synchronization for SqlSession [org.apache.ibatis.session.defaults.DefaultSqlSession@5639a80c]
2026-07-10T07:34:59.496+08:00 DEBUG 11216 --- [           main] o.m.s.t.SpringManagedTransaction         : JDBC Connection [HikariProxyConnection@500725580 wrapping com.mysql.cj.jdbc.ConnectionImpl@1cca09bc] will be managed by Spring
2026-07-10T07:34:59.496+08:00 DEBUG 11216 --- [           main] c.x.s.mapper.CategoryMapper.countByName  : ==>  Preparing: SELECT COUNT(*) FROM sp_category WHERE name = ? AND is_deleted = 0
2026-07-10T07:34:59.497+08:00 DEBUG 11216 --- [           main] c.x.s.mapper.CategoryMapper.countByName  : ==> Parameters: 测试品类_1783640099494(String)
2026-07-10T07:34:59.498+08:00 DEBUG 11216 --- [           main] c.x.s.mapper.CategoryMapper.countByName  : <==      Total: 1
2026-07-10T07:34:59.498+08:00 DEBUG 11216 --- [           main] org.mybatis.spring.SqlSessionUtils       : Releasing transactional SqlSession [org.apache.ibatis.session.defaults.DefaultSqlSession@5639a80c]
2026-07-10T07:34:59.498+08:00 DEBUG 11216 --- [           main] org.mybatis.spring.SqlSessionUtils       : Fetched SqlSession [org.apache.ibatis.session.defaults.DefaultSqlSession@5639a80c] from current transaction
2026-07-10T07:34:59.498+08:00 DEBUG 11216 --- [           main] c.x.s.mapper.CategoryMapper.insert       : ==>  Preparing: INSERT INTO sp_category (name, description) VALUES (?, ?)
2026-07-10T07:34:59.500+08:00 DEBUG 11216 --- [           main] c.x.s.mapper.CategoryMapper.insert       : ==> Parameters: 测试品类_1783640099494(String), 测试品类描述(String)
2026-07-10T07:34:59.503+08:00 DEBUG 11216 --- [           main] c.x.s.mapper.CategoryMapper.insert       : <==    Updates: 1
2026-07-10T07:34:59.505+08:00 DEBUG 11216 --- [           main] org.mybatis.spring.SqlSessionUtils       : Releasing transactional SqlSession [org.apache.ibatis.session.defaults.DefaultSqlSession@5639a80c]
2026-07-10T07:34:59.505+08:00 DEBUG 11216 --- [           main] org.mybatis.spring.SqlSessionUtils       : Transaction synchronization committing SqlSession [org.apache.ibatis.session.defaults.DefaultSqlSession@5639a80c]
2026-07-10T07:34:59.505+08:00 DEBUG 11216 --- [           main] org.mybatis.spring.SqlSessionUtils       : Transaction synchronization deregistering SqlSession [org.apache.ibatis.session.defaults.DefaultSqlSession@5639a80c]
2026-07-10T07:34:59.505+08:00 DEBUG 11216 --- [           main] org.mybatis.spring.SqlSessionUtils       : Transaction synchronization closing SqlSession [org.apache.ibatis.session.defaults.DefaultSqlSession@5639a80c]
2026-07-10T07:34:59.510+08:00 DEBUG 11216 --- [           main] org.mybatis.spring.SqlSessionUtils       : Creating a new SqlSession
2026-07-10T07:34:59.511+08:00 DEBUG 11216 --- [           main] org.mybatis.spring.SqlSessionUtils       : Registering transaction synchronization for SqlSession [org.apache.ibatis.session.defaults.DefaultSqlSession@5e84478]
2026-07-10T07:34:59.511+08:00 DEBUG 11216 --- [           main] o.m.s.t.SpringManagedTransaction         : JDBC Connection [HikariProxyConnection@193115548 wrapping com.mysql.cj.jdbc.ConnectionImpl@1cca09bc] will be managed by Spring
2026-07-10T07:34:59.511+08:00 DEBUG 11216 --- [           main] c.x.s.mapper.CategoryMapper.countByName  : ==>  Preparing: SELECT COUNT(*) FROM sp_category WHERE name = ? AND is_deleted = 0
2026-07-10T07:34:59.512+08:00 DEBUG 11216 --- [           main] c.x.s.mapper.CategoryMapper.countByName  : ==> Parameters: 重复品类_1783640099494(String)
2026-07-10T07:34:59.512+08:00 DEBUG 11216 --- [           main] c.x.s.mapper.CategoryMapper.countByName  : <==      Total: 1
2026-07-10T07:34:59.513+08:00 DEBUG 11216 --- [           main] org.mybatis.spring.SqlSessionUtils       : Releasing transactional SqlSession [org.apache.ibatis.session.defaults.DefaultSqlSession@5e84478]
2026-07-10T07:34:59.513+08:00 DEBUG 11216 --- [           main] org.mybatis.spring.SqlSessionUtils       : Fetched SqlSession [org.apache.ibatis.session.defaults.DefaultSqlSession@5e84478] from current transaction
2026-07-10T07:34:59.513+08:00 DEBUG 11216 --- [           main] c.x.s.mapper.CategoryMapper.insert       : ==>  Preparing: INSERT INTO sp_category (name, description) VALUES (?, ?)
2026-07-10T07:34:59.513+08:00 DEBUG 11216 --- [           main] c.x.s.mapper.CategoryMapper.insert       : ==> Parameters: 重复品类_1783640099494(String), 重复品类(String)
2026-07-10T07:34:59.515+08:00 DEBUG 11216 --- [           main] c.x.s.mapper.CategoryMapper.insert       : <==    Updates: 1
2026-07-10T07:34:59.516+08:00 DEBUG 11216 --- [           main] org.mybatis.spring.SqlSessionUtils       : Releasing transactional SqlSession [org.apache.ibatis.session.defaults.DefaultSqlSession@5e84478]
2026-07-10T07:34:59.516+08:00 DEBUG 11216 --- [           main] org.mybatis.spring.SqlSessionUtils       : Transaction synchronization committing SqlSession [org.apache.ibatis.session.defaults.DefaultSqlSession@5e84478]
2026-07-10T07:34:59.516+08:00 DEBUG 11216 --- [           main] org.mybatis.spring.SqlSessionUtils       : Transaction synchronization deregistering SqlSession [org.apache.ibatis.session.defaults.DefaultSqlSession@5e84478]
2026-07-10T07:34:59.516+08:00 DEBUG 11216 --- [           main] org.mybatis.spring.SqlSessionUtils       : Transaction synchronization closing SqlSession [org.apache.ibatis.session.defaults.DefaultSqlSession@5e84478]
2026-07-10T07:34:59.522+08:00 DEBUG 11216 --- [           main] org.mybatis.spring.SqlSessionUtils       : Creating a new SqlSession
2026-07-10T07:34:59.522+08:00 DEBUG 11216 --- [           main] org.mybatis.spring.SqlSessionUtils       : Registering transaction synchronization for SqlSession [org.apache.ibatis.session.defaults.DefaultSqlSession@77aa94d4]
2026-07-10T07:34:59.522+08:00 DEBUG 11216 --- [           main] o.m.s.t.SpringManagedTransaction         : JDBC Connection [HikariProxyConnection@1384996769 wrapping com.mysql.cj.jdbc.ConnectionImpl@1cca09bc] will be managed by Spring
2026-07-10T07:34:59.522+08:00 DEBUG 11216 --- [           main] c.x.s.mapper.CategoryMapper.selectById   : ==>  Preparing: SELECT * FROM sp_category WHERE id = ? AND is_deleted = 0
2026-07-10T07:34:59.522+08:00 DEBUG 11216 --- [           main] c.x.s.mapper.CategoryMapper.selectById   : ==> Parameters: 114(Long)
2026-07-10T07:34:59.523+08:00 DEBUG 11216 --- [           main] c.x.s.mapper.CategoryMapper.selectById   : <==      Total: 1
2026-07-10T07:34:59.524+08:00 DEBUG 11216 --- [           main] org.mybatis.spring.SqlSessionUtils       : Releasing transactional SqlSession [org.apache.ibatis.session.defaults.DefaultSqlSession@77aa94d4]
2026-07-10T07:34:59.524+08:00 DEBUG 11216 --- [           main] org.mybatis.spring.SqlSessionUtils       : Fetched SqlSession [org.apache.ibatis.session.defaults.DefaultSqlSession@77aa94d4] from current transaction
2026-07-10T07:34:59.524+08:00 DEBUG 11216 --- [           main] c.x.s.m.C.countByNameAndNotId            : ==>  Preparing: SELECT COUNT(*) FROM sp_category WHERE name = ? AND id != ? AND is_deleted = 0
2026-07-10T07:34:59.524+08:00 DEBUG 11216 --- [           main] c.x.s.m.C.countByNameAndNotId            : ==> Parameters: 修改品类_1783640099520(String), 114(Long)
2026-07-10T07:34:59.526+08:00 DEBUG 11216 --- [           main] c.x.s.m.C.countByNameAndNotId            : <==      Total: 1
2026-07-10T07:34:59.526+08:00 DEBUG 11216 --- [           main] org.mybatis.spring.SqlSessionUtils       : Releasing transactional SqlSession [org.apache.ibatis.session.defaults.DefaultSqlSession@77aa94d4]
2026-07-10T07:34:59.526+08:00 DEBUG 11216 --- [           main] org.mybatis.spring.SqlSessionUtils       : Fetched SqlSession [org.apache.ibatis.session.defaults.DefaultSqlSession@77aa94d4] from current transaction
2026-07-10T07:34:59.532+08:00 DEBUG 11216 --- [           main] c.x.s.mapper.CategoryMapper.update       : ==>  Preparing: UPDATE sp_category SET name = ?, description = ? WHERE id = ?
2026-07-10T07:34:59.532+08:00 DEBUG 11216 --- [           main] c.x.s.mapper.CategoryMapper.update       : ==> Parameters: 修改品类_1783640099520(String), 修改后的描述(String), 114(Long)
2026-07-10T07:34:59.535+08:00 DEBUG 11216 --- [           main] c.x.s.mapper.CategoryMapper.update       : <==    Updates: 1
2026-07-10T07:34:59.535+08:00 DEBUG 11216 --- [           main] org.mybatis.spring.SqlSessionUtils       : Releasing transactional SqlSession [org.apache.ibatis.session.defaults.DefaultSqlSession@77aa94d4]
2026-07-10T07:34:59.535+08:00 DEBUG 11216 --- [           main] org.mybatis.spring.SqlSessionUtils       : Transaction synchronization committing SqlSession [org.apache.ibatis.session.defaults.DefaultSqlSession@77aa94d4]
2026-07-10T07:34:59.535+08:00 DEBUG 11216 --- [           main] org.mybatis.spring.SqlSessionUtils       : Transaction synchronization deregistering SqlSession [org.apache.ibatis.session.defaults.DefaultSqlSession@77aa94d4]
2026-07-10T07:34:59.535+08:00 DEBUG 11216 --- [           main] org.mybatis.spring.SqlSessionUtils       : Transaction synchronization closing SqlSession [org.apache.ibatis.session.defaults.DefaultSqlSession@77aa94d4]
]]></system-out>
  </testcase>
  <testcase name="create_Success" classname="com.xuena.supplier.service.CategoryServiceTest" time="0.04">
    <system-out><![CDATA[2026-07-10T07:34:59.546+08:00 DEBUG 11216 --- [           main] org.mybatis.spring.SqlSessionUtils       : Creating a new SqlSession
2026-07-10T07:34:59.546+08:00 DEBUG 11216 --- [           main] org.mybatis.spring.SqlSessionUtils       : Registering transaction synchronization for SqlSession [org.apache.ibatis.session.defaults.DefaultSqlSession@6c4de249]
2026-07-10T07:34:59.546+08:00 DEBUG 11216 --- [           main] o.m.s.t.SpringManagedTransaction         : JDBC Connection [HikariProxyConnection@435224506 wrapping com.mysql.cj.jdbc.ConnectionImpl@1cca09bc] will be managed by Spring
2026-07-10T07:34:59.546+08:00 DEBUG 11216 --- [           main] c.x.s.mapper.CategoryMapper.countByName  : ==>  Preparing: SELECT COUNT(*) FROM sp_category WHERE name = ? AND is_deleted = 0
2026-07-10T07:34:59.547+08:00 DEBUG 11216 --- [           main] c.x.s.mapper.CategoryMapper.countByName  : ==> Parameters: 测试品类_1783640099544(String)
2026-07-10T07:34:59.548+08:00 DEBUG 11216 --- [           main] c.x.s.mapper.CategoryMapper.countByName  : <==      Total: 1
2026-07-10T07:34:59.548+08:00 DEBUG 11216 --- [           main] org.mybatis.spring.SqlSessionUtils       : Releasing transactional SqlSession [org.apache.ibatis.session.defaults.DefaultSqlSession@6c4de249]
2026-07-10T07:34:59.548+08:00 DEBUG 11216 --- [           main] org.mybatis.spring.SqlSessionUtils       : Fetched SqlSession [org.apache.ibatis.session.defaults.DefaultSqlSession@6c4de249] from current transaction
2026-07-10T07:34:59.549+08:00 DEBUG 11216 --- [           main] c.x.s.mapper.CategoryMapper.insert       : ==>  Preparing: INSERT INTO sp_category (name, description) VALUES (?, ?)
2026-07-10T07:34:59.549+08:00 DEBUG 11216 --- [           main] c.x.s.mapper.CategoryMapper.insert       : ==> Parameters: 测试品类_1783640099544(String), 测试品类描述(String)
2026-07-10T07:34:59.551+08:00 DEBUG 11216 --- [           main] c.x.s.mapper.CategoryMapper.insert       : <==    Updates: 1
2026-07-10T07:34:59.552+08:00 DEBUG 11216 --- [           main] org.mybatis.spring.SqlSessionUtils       : Releasing transactional SqlSession [org.apache.ibatis.session.defaults.DefaultSqlSession@6c4de249]
2026-07-10T07:34:59.552+08:00 DEBUG 11216 --- [           main] org.mybatis.spring.SqlSessionUtils       : Transaction synchronization committing SqlSession [org.apache.ibatis.session.defaults.DefaultSqlSession@6c4de249]
2026-07-10T07:34:59.552+08:00 DEBUG 11216 --- [           main] org.mybatis.spring.SqlSessionUtils       : Transaction synchronization deregistering SqlSession [org.apache.ibatis.session.defaults.DefaultSqlSession@6c4de249]
2026-07-10T07:34:59.552+08:00 DEBUG 11216 --- [           main] org.mybatis.spring.SqlSessionUtils       : Transaction synchronization closing SqlSession [org.apache.ibatis.session.defaults.DefaultSqlSession@6c4de249]
2026-07-10T07:34:59.556+08:00 DEBUG 11216 --- [           main] org.mybatis.spring.SqlSessionUtils       : Creating a new SqlSession
2026-07-10T07:34:59.556+08:00 DEBUG 11216 --- [           main] org.mybatis.spring.SqlSessionUtils       : Registering transaction synchronization for SqlSession [org.apache.ibatis.session.defaults.DefaultSqlSession@739a1850]
2026-07-10T07:34:59.559+08:00 DEBUG 11216 --- [           main] o.m.s.t.SpringManagedTransaction         : JDBC Connection [HikariProxyConnection@390220472 wrapping com.mysql.cj.jdbc.ConnectionImpl@1cca09bc] will be managed by Spring
2026-07-10T07:34:59.559+08:00 DEBUG 11216 --- [           main] c.x.s.mapper.CategoryMapper.countByName  : ==>  Preparing: SELECT COUNT(*) FROM sp_category WHERE name = ? AND is_deleted = 0
2026-07-10T07:34:59.559+08:00 DEBUG 11216 --- [           main] c.x.s.mapper.CategoryMapper.countByName  : ==> Parameters: 重复品类_1783640099544(String)
2026-07-10T07:34:59.560+08:00 DEBUG 11216 --- [           main] c.x.s.mapper.CategoryMapper.countByName  : <==      Total: 1
2026-07-10T07:34:59.560+08:00 DEBUG 11216 --- [           main] org.mybatis.spring.SqlSessionUtils       : Releasing transactional SqlSession [org.apache.ibatis.session.defaults.DefaultSqlSession@739a1850]
2026-07-10T07:34:59.560+08:00 DEBUG 11216 --- [           main] org.mybatis.spring.SqlSessionUtils       : Fetched SqlSession [org.apache.ibatis.session.defaults.DefaultSqlSession@739a1850] from current transaction
2026-07-10T07:34:59.560+08:00 DEBUG 11216 --- [           main] c.x.s.mapper.CategoryMapper.insert       : ==>  Preparing: INSERT INTO sp_category (name, description) VALUES (?, ?)
2026-07-10T07:34:59.561+08:00 DEBUG 11216 --- [           main] c.x.s.mapper.CategoryMapper.insert       : ==> Parameters: 重复品类_1783640099544(String), 重复品类(String)
2026-07-10T07:34:59.563+08:00 DEBUG 11216 --- [           main] c.x.s.mapper.CategoryMapper.insert       : <==    Updates: 1
2026-07-10T07:34:59.563+08:00 DEBUG 11216 --- [           main] org.mybatis.spring.SqlSessionUtils       : Releasing transactional SqlSession [org.apache.ibatis.session.defaults.DefaultSqlSession@739a1850]
2026-07-10T07:34:59.563+08:00 DEBUG 11216 --- [           main] org.mybatis.spring.SqlSessionUtils       : Transaction synchronization committing SqlSession [org.apache.ibatis.session.defaults.DefaultSqlSession@739a1850]
2026-07-10T07:34:59.563+08:00 DEBUG 11216 --- [           main] org.mybatis.spring.SqlSessionUtils       : Transaction synchronization deregistering SqlSession [org.apache.ibatis.session.defaults.DefaultSqlSession@739a1850]
2026-07-10T07:34:59.563+08:00 DEBUG 11216 --- [           main] org.mybatis.spring.SqlSessionUtils       : Transaction synchronization closing SqlSession [org.apache.ibatis.session.defaults.DefaultSqlSession@739a1850]
2026-07-10T07:34:59.569+08:00 DEBUG 11216 --- [           main] org.mybatis.spring.SqlSessionUtils       : Creating a new SqlSession
2026-07-10T07:34:59.569+08:00 DEBUG 11216 --- [           main] org.mybatis.spring.SqlSessionUtils       : Registering transaction synchronization for SqlSession [org.apache.ibatis.session.defaults.DefaultSqlSession@3093c41f]
2026-07-10T07:34:59.569+08:00 DEBUG 11216 --- [           main] o.m.s.t.SpringManagedTransaction         : JDBC Connection [HikariProxyConnection@1293995646 wrapping com.mysql.cj.jdbc.ConnectionImpl@1cca09bc] will be managed by Spring
2026-07-10T07:34:59.569+08:00 DEBUG 11216 --- [           main] c.x.s.mapper.CategoryMapper.countByName  : ==>  Preparing: SELECT COUNT(*) FROM sp_category WHERE name = ? AND is_deleted = 0
2026-07-10T07:34:59.569+08:00 DEBUG 11216 --- [           main] c.x.s.mapper.CategoryMapper.countByName  : ==> Parameters: 新品类_1783640099568(String)
2026-07-10T07:34:59.571+08:00 DEBUG 11216 --- [           main] c.x.s.mapper.CategoryMapper.countByName  : <==      Total: 1
2026-07-10T07:34:59.571+08:00 DEBUG 11216 --- [           main] org.mybatis.spring.SqlSessionUtils       : Releasing transactional SqlSession [org.apache.ibatis.session.defaults.DefaultSqlSession@3093c41f]
2026-07-10T07:34:59.571+08:00 DEBUG 11216 --- [           main] org.mybatis.spring.SqlSessionUtils       : Fetched SqlSession [org.apache.ibatis.session.defaults.DefaultSqlSession@3093c41f] from current transaction
2026-07-10T07:34:59.571+08:00 DEBUG 11216 --- [           main] c.x.s.mapper.CategoryMapper.insert       : ==>  Preparing: INSERT INTO sp_category (name, description) VALUES (?, ?)
2026-07-10T07:34:59.571+08:00 DEBUG 11216 --- [           main] c.x.s.mapper.CategoryMapper.insert       : ==> Parameters: 新品类_1783640099568(String), 新品类描述(String)
2026-07-10T07:34:59.573+08:00 DEBUG 11216 --- [           main] c.x.s.mapper.CategoryMapper.insert       : <==    Updates: 1
2026-07-10T07:34:59.573+08:00 DEBUG 11216 --- [           main] org.mybatis.spring.SqlSessionUtils       : Releasing transactional SqlSession [org.apache.ibatis.session.defaults.DefaultSqlSession@3093c41f]
2026-07-10T07:34:59.573+08:00 DEBUG 11216 --- [           main] org.mybatis.spring.SqlSessionUtils       : Transaction synchronization committing SqlSession [org.apache.ibatis.session.defaults.DefaultSqlSession@3093c41f]
2026-07-10T07:34:59.574+08:00 DEBUG 11216 --- [           main] org.mybatis.spring.SqlSessionUtils       : Transaction synchronization deregistering SqlSession [org.apache.ibatis.session.defaults.DefaultSqlSession@3093c41f]
2026-07-10T07:34:59.574+08:00 DEBUG 11216 --- [           main] org.mybatis.spring.SqlSessionUtils       : Transaction synchronization closing SqlSession [org.apache.ibatis.session.defaults.DefaultSqlSession@3093c41f]
]]></system-out>
  </testcase>
  <testcase name="list_Success" classname="com.xuena.supplier.service.CategoryServiceTest" time="0.045">
    <system-out><![CDATA[2026-07-10T07:34:59.587+08:00 DEBUG 11216 --- [           main] org.mybatis.spring.SqlSessionUtils       : Creating a new SqlSession
2026-07-10T07:34:59.587+08:00 DEBUG 11216 --- [           main] org.mybatis.spring.SqlSessionUtils       : Registering transaction synchronization for SqlSession [org.apache.ibatis.session.defaults.DefaultSqlSession@677b5145]
2026-07-10T07:34:59.587+08:00 DEBUG 11216 --- [           main] o.m.s.t.SpringManagedTransaction         : JDBC Connection [HikariProxyConnection@632238734 wrapping com.mysql.cj.jdbc.ConnectionImpl@1cca09bc] will be managed by Spring
2026-07-10T07:34:59.587+08:00 DEBUG 11216 --- [           main] c.x.s.mapper.CategoryMapper.countByName  : ==>  Preparing: SELECT COUNT(*) FROM sp_category WHERE name = ? AND is_deleted = 0
2026-07-10T07:34:59.587+08:00 DEBUG 11216 --- [           main] c.x.s.mapper.CategoryMapper.countByName  : ==> Parameters: 测试品类_1783640099586(String)
2026-07-10T07:34:59.589+08:00 DEBUG 11216 --- [           main] c.x.s.mapper.CategoryMapper.countByName  : <==      Total: 1
2026-07-10T07:34:59.589+08:00 DEBUG 11216 --- [           main] org.mybatis.spring.SqlSessionUtils       : Releasing transactional SqlSession [org.apache.ibatis.session.defaults.DefaultSqlSession@677b5145]
2026-07-10T07:34:59.589+08:00 DEBUG 11216 --- [           main] org.mybatis.spring.SqlSessionUtils       : Fetched SqlSession [org.apache.ibatis.session.defaults.DefaultSqlSession@677b5145] from current transaction
2026-07-10T07:34:59.589+08:00 DEBUG 11216 --- [           main] c.x.s.mapper.CategoryMapper.insert       : ==>  Preparing: INSERT INTO sp_category (name, description) VALUES (?, ?)
2026-07-10T07:34:59.589+08:00 DEBUG 11216 --- [           main] c.x.s.mapper.CategoryMapper.insert       : ==> Parameters: 测试品类_1783640099586(String), 测试品类描述(String)
2026-07-10T07:34:59.591+08:00 DEBUG 11216 --- [           main] c.x.s.mapper.CategoryMapper.insert       : <==    Updates: 1
2026-07-10T07:34:59.591+08:00 DEBUG 11216 --- [           main] org.mybatis.spring.SqlSessionUtils       : Releasing transactional SqlSession [org.apache.ibatis.session.defaults.DefaultSqlSession@677b5145]
2026-07-10T07:34:59.591+08:00 DEBUG 11216 --- [           main] org.mybatis.spring.SqlSessionUtils       : Transaction synchronization committing SqlSession [org.apache.ibatis.session.defaults.DefaultSqlSession@677b5145]
2026-07-10T07:34:59.591+08:00 DEBUG 11216 --- [           main] org.mybatis.spring.SqlSessionUtils       : Transaction synchronization deregistering SqlSession [org.apache.ibatis.session.defaults.DefaultSqlSession@677b5145]
2026-07-10T07:34:59.591+08:00 DEBUG 11216 --- [           main] org.mybatis.spring.SqlSessionUtils       : Transaction synchronization closing SqlSession [org.apache.ibatis.session.defaults.DefaultSqlSession@677b5145]
2026-07-10T07:34:59.595+08:00 DEBUG 11216 --- [           main] org.mybatis.spring.SqlSessionUtils       : Creating a new SqlSession
2026-07-10T07:34:59.595+08:00 DEBUG 11216 --- [           main] org.mybatis.spring.SqlSessionUtils       : Registering transaction synchronization for SqlSession [org.apache.ibatis.session.defaults.DefaultSqlSession@56c390fc]
2026-07-10T07:34:59.595+08:00 DEBUG 11216 --- [           main] o.m.s.t.SpringManagedTransaction         : JDBC Connection [HikariProxyConnection@260522229 wrapping com.mysql.cj.jdbc.ConnectionImpl@1cca09bc] will be managed by Spring
2026-07-10T07:34:59.595+08:00 DEBUG 11216 --- [           main] c.x.s.mapper.CategoryMapper.countByName  : ==>  Preparing: SELECT COUNT(*) FROM sp_category WHERE name = ? AND is_deleted = 0
2026-07-10T07:34:59.595+08:00 DEBUG 11216 --- [           main] c.x.s.mapper.CategoryMapper.countByName  : ==> Parameters: 重复品类_1783640099586(String)
2026-07-10T07:34:59.596+08:00 DEBUG 11216 --- [           main] c.x.s.mapper.CategoryMapper.countByName  : <==      Total: 1
2026-07-10T07:34:59.597+08:00 DEBUG 11216 --- [           main] org.mybatis.spring.SqlSessionUtils       : Releasing transactional SqlSession [org.apache.ibatis.session.defaults.DefaultSqlSession@56c390fc]
2026-07-10T07:34:59.597+08:00 DEBUG 11216 --- [           main] org.mybatis.spring.SqlSessionUtils       : Fetched SqlSession [org.apache.ibatis.session.defaults.DefaultSqlSession@56c390fc] from current transaction
2026-07-10T07:34:59.598+08:00 DEBUG 11216 --- [           main] c.x.s.mapper.CategoryMapper.insert       : ==>  Preparing: INSERT INTO sp_category (name, description) VALUES (?, ?)
2026-07-10T07:34:59.598+08:00 DEBUG 11216 --- [           main] c.x.s.mapper.CategoryMapper.insert       : ==> Parameters: 重复品类_1783640099586(String), 重复品类(String)
2026-07-10T07:34:59.599+08:00 DEBUG 11216 --- [           main] c.x.s.mapper.CategoryMapper.insert       : <==    Updates: 1
2026-07-10T07:34:59.600+08:00 DEBUG 11216 --- [           main] org.mybatis.spring.SqlSessionUtils       : Releasing transactional SqlSession [org.apache.ibatis.session.defaults.DefaultSqlSession@56c390fc]
2026-07-10T07:34:59.601+08:00 DEBUG 11216 --- [           main] org.mybatis.spring.SqlSessionUtils       : Transaction synchronization committing SqlSession [org.apache.ibatis.session.defaults.DefaultSqlSession@56c390fc]
2026-07-10T07:34:59.601+08:00 DEBUG 11216 --- [           main] org.mybatis.spring.SqlSessionUtils       : Transaction synchronization deregistering SqlSession [org.apache.ibatis.session.defaults.DefaultSqlSession@56c390fc]
2026-07-10T07:34:59.601+08:00 DEBUG 11216 --- [           main] org.mybatis.spring.SqlSessionUtils       : Transaction synchronization closing SqlSession [org.apache.ibatis.session.defaults.DefaultSqlSession@56c390fc]
2026-07-10T07:34:59.606+08:00 DEBUG 11216 --- [           main] org.mybatis.spring.SqlSessionUtils       : Creating a new SqlSession
2026-07-10T07:34:59.606+08:00 DEBUG 11216 --- [           main] org.mybatis.spring.SqlSessionUtils       : SqlSession [org.apache.ibatis.session.defaults.DefaultSqlSession@68a06679] was not registered for synchronization because synchronization is not active
2026-07-10T07:34:59.606+08:00 DEBUG 11216 --- [           main] o.m.s.t.SpringManagedTransaction         : JDBC Connection [HikariProxyConnection@559276514 wrapping com.mysql.cj.jdbc.ConnectionImpl@1cca09bc] will not be managed by Spring
2026-07-10T07:34:59.606+08:00 DEBUG 11216 --- [           main] c.x.s.mapper.CategoryMapper.selectList   : ==>  Preparing: SELECT * FROM sp_category WHERE is_deleted = 0 ORDER BY gmt_create DESC
2026-07-10T07:34:59.607+08:00 DEBUG 11216 --- [           main] c.x.s.mapper.CategoryMapper.selectList   : ==> Parameters: 
2026-07-10T07:34:59.626+08:00 DEBUG 11216 --- [           main] c.x.s.mapper.CategoryMapper.selectList   : <==      Total: 114
2026-07-10T07:34:59.627+08:00 DEBUG 11216 --- [           main] org.mybatis.spring.SqlSessionUtils       : Closing non transactional SqlSession [org.apache.ibatis.session.defaults.DefaultSqlSession@68a06679]
]]></system-out>
  </testcase>
  <testcase name="getById_Success" classname="com.xuena.supplier.service.CategoryServiceTest" time="0.044">
    <system-out><![CDATA[2026-07-10T07:34:59.634+08:00 DEBUG 11216 --- [           main] org.mybatis.spring.SqlSessionUtils       : Creating a new SqlSession
2026-07-10T07:34:59.636+08:00 DEBUG 11216 --- [           main] org.mybatis.spring.SqlSessionUtils       : Registering transaction synchronization for SqlSession [org.apache.ibatis.session.defaults.DefaultSqlSession@2541f33f]
2026-07-10T07:34:59.636+08:00 DEBUG 11216 --- [           main] o.m.s.t.SpringManagedTransaction         : JDBC Connection [HikariProxyConnection@1335883259 wrapping com.mysql.cj.jdbc.ConnectionImpl@1cca09bc] will be managed by Spring
2026-07-10T07:34:59.636+08:00 DEBUG 11216 --- [           main] c.x.s.mapper.CategoryMapper.countByName  : ==>  Preparing: SELECT COUNT(*) FROM sp_category WHERE name = ? AND is_deleted = 0
2026-07-10T07:34:59.636+08:00 DEBUG 11216 --- [           main] c.x.s.mapper.CategoryMapper.countByName  : ==> Parameters: 测试品类_1783640099634(String)
2026-07-10T07:34:59.638+08:00 DEBUG 11216 --- [           main] c.x.s.mapper.CategoryMapper.countByName  : <==      Total: 1
2026-07-10T07:34:59.638+08:00 DEBUG 11216 --- [           main] org.mybatis.spring.SqlSessionUtils       : Releasing transactional SqlSession [org.apache.ibatis.session.defaults.DefaultSqlSession@2541f33f]
2026-07-10T07:34:59.638+08:00 DEBUG 11216 --- [           main] org.mybatis.spring.SqlSessionUtils       : Fetched SqlSession [org.apache.ibatis.session.defaults.DefaultSqlSession@2541f33f] from current transaction
2026-07-10T07:34:59.639+08:00 DEBUG 11216 --- [           main] c.x.s.mapper.CategoryMapper.insert       : ==>  Preparing: INSERT INTO sp_category (name, description) VALUES (?, ?)
2026-07-10T07:34:59.639+08:00 DEBUG 11216 --- [           main] c.x.s.mapper.CategoryMapper.insert       : ==> Parameters: 测试品类_1783640099634(String), 测试品类描述(String)
2026-07-10T07:34:59.640+08:00 DEBUG 11216 --- [           main] c.x.s.mapper.CategoryMapper.insert       : <==    Updates: 1
2026-07-10T07:34:59.640+08:00 DEBUG 11216 --- [           main] org.mybatis.spring.SqlSessionUtils       : Releasing transactional SqlSession [org.apache.ibatis.session.defaults.DefaultSqlSession@2541f33f]
2026-07-10T07:34:59.640+08:00 DEBUG 11216 --- [           main] org.mybatis.spring.SqlSessionUtils       : Transaction synchronization committing SqlSession [org.apache.ibatis.session.defaults.DefaultSqlSession@2541f33f]
2026-07-10T07:34:59.640+08:00 DEBUG 11216 --- [           main] org.mybatis.spring.SqlSessionUtils       : Transaction synchronization deregistering SqlSession [org.apache.ibatis.session.defaults.DefaultSqlSession@2541f33f]
2026-07-10T07:34:59.640+08:00 DEBUG 11216 --- [           main] org.mybatis.spring.SqlSessionUtils       : Transaction synchronization closing SqlSession [org.apache.ibatis.session.defaults.DefaultSqlSession@2541f33f]
2026-07-10T07:34:59.647+08:00 DEBUG 11216 --- [           main] org.mybatis.spring.SqlSessionUtils       : Creating a new SqlSession
2026-07-10T07:34:59.648+08:00 DEBUG 11216 --- [           main] org.mybatis.spring.SqlSessionUtils       : Registering transaction synchronization for SqlSession [org.apache.ibatis.session.defaults.DefaultSqlSession@50912319]
2026-07-10T07:34:59.648+08:00 DEBUG 11216 --- [           main] o.m.s.t.SpringManagedTransaction         : JDBC Connection [HikariProxyConnection@1817845812 wrapping com.mysql.cj.jdbc.ConnectionImpl@1cca09bc] will be managed by Spring
2026-07-10T07:34:59.648+08:00 DEBUG 11216 --- [           main] c.x.s.mapper.CategoryMapper.countByName  : ==>  Preparing: SELECT COUNT(*) FROM sp_category WHERE name = ? AND is_deleted = 0
2026-07-10T07:34:59.648+08:00 DEBUG 11216 --- [           main] c.x.s.mapper.CategoryMapper.countByName  : ==> Parameters: 重复品类_1783640099634(String)
2026-07-10T07:34:59.651+08:00 DEBUG 11216 --- [           main] c.x.s.mapper.CategoryMapper.countByName  : <==      Total: 1
2026-07-10T07:34:59.652+08:00 DEBUG 11216 --- [           main] org.mybatis.spring.SqlSessionUtils       : Releasing transactional SqlSession [org.apache.ibatis.session.defaults.DefaultSqlSession@50912319]
2026-07-10T07:34:59.652+08:00 DEBUG 11216 --- [           main] org.mybatis.spring.SqlSessionUtils       : Fetched SqlSession [org.apache.ibatis.session.defaults.DefaultSqlSession@50912319] from current transaction
2026-07-10T07:34:59.652+08:00 DEBUG 11216 --- [           main] c.x.s.mapper.CategoryMapper.insert       : ==>  Preparing: INSERT INTO sp_category (name, description) VALUES (?, ?)
2026-07-10T07:34:59.653+08:00 DEBUG 11216 --- [           main] c.x.s.mapper.CategoryMapper.insert       : ==> Parameters: 重复品类_1783640099634(String), 重复品类(String)
2026-07-10T07:34:59.657+08:00 DEBUG 11216 --- [           main] c.x.s.mapper.CategoryMapper.insert       : <==    Updates: 1
2026-07-10T07:34:59.657+08:00 DEBUG 11216 --- [           main] org.mybatis.spring.SqlSessionUtils       : Releasing transactional SqlSession [org.apache.ibatis.session.defaults.DefaultSqlSession@50912319]
2026-07-10T07:34:59.657+08:00 DEBUG 11216 --- [           main] org.mybatis.spring.SqlSessionUtils       : Transaction synchronization committing SqlSession [org.apache.ibatis.session.defaults.DefaultSqlSession@50912319]
2026-07-10T07:34:59.657+08:00 DEBUG 11216 --- [           main] org.mybatis.spring.SqlSessionUtils       : Transaction synchronization deregistering SqlSession [org.apache.ibatis.session.defaults.DefaultSqlSession@50912319]
2026-07-10T07:34:59.657+08:00 DEBUG 11216 --- [           main] org.mybatis.spring.SqlSessionUtils       : Transaction synchronization closing SqlSession [org.apache.ibatis.session.defaults.DefaultSqlSession@50912319]
2026-07-10T07:34:59.663+08:00 DEBUG 11216 --- [           main] org.mybatis.spring.SqlSessionUtils       : Creating a new SqlSession
2026-07-10T07:34:59.664+08:00 DEBUG 11216 --- [           main] org.mybatis.spring.SqlSessionUtils       : SqlSession [org.apache.ibatis.session.defaults.DefaultSqlSession@43caeb40] was not registered for synchronization because synchronization is not active
2026-07-10T07:34:59.664+08:00 DEBUG 11216 --- [           main] o.m.s.t.SpringManagedTransaction         : JDBC Connection [HikariProxyConnection@1700357793 wrapping com.mysql.cj.jdbc.ConnectionImpl@1cca09bc] will not be managed by Spring
2026-07-10T07:34:59.664+08:00 DEBUG 11216 --- [           main] c.x.s.mapper.CategoryMapper.selectById   : ==>  Preparing: SELECT * FROM sp_category WHERE id = ? AND is_deleted = 0
2026-07-10T07:34:59.664+08:00 DEBUG 11216 --- [           main] c.x.s.mapper.CategoryMapper.selectById   : ==> Parameters: 121(Long)
2026-07-10T07:34:59.669+08:00 DEBUG 11216 --- [           main] c.x.s.mapper.CategoryMapper.selectById   : <==      Total: 1
2026-07-10T07:34:59.670+08:00 DEBUG 11216 --- [           main] org.mybatis.spring.SqlSessionUtils       : Closing non transactional SqlSession [org.apache.ibatis.session.defaults.DefaultSqlSession@43caeb40]
]]></system-out>
  </testcase>
  <testcase name="update_DuplicateName_ThrowsException" classname="com.xuena.supplier.service.CategoryServiceTest" time="0.035">
    <system-out><![CDATA[2026-07-10T07:34:59.681+08:00 DEBUG 11216 --- [           main] org.mybatis.spring.SqlSessionUtils       : Creating a new SqlSession
2026-07-10T07:34:59.681+08:00 DEBUG 11216 --- [           main] org.mybatis.spring.SqlSessionUtils       : Registering transaction synchronization for SqlSession [org.apache.ibatis.session.defaults.DefaultSqlSession@3cde655c]
2026-07-10T07:34:59.681+08:00 DEBUG 11216 --- [           main] o.m.s.t.SpringManagedTransaction         : JDBC Connection [HikariProxyConnection@1893052981 wrapping com.mysql.cj.jdbc.ConnectionImpl@1cca09bc] will be managed by Spring
2026-07-10T07:34:59.681+08:00 DEBUG 11216 --- [           main] c.x.s.mapper.CategoryMapper.countByName  : ==>  Preparing: SELECT COUNT(*) FROM sp_category WHERE name = ? AND is_deleted = 0
2026-07-10T07:34:59.682+08:00 DEBUG 11216 --- [           main] c.x.s.mapper.CategoryMapper.countByName  : ==> Parameters: 测试品类_1783640099679(String)
2026-07-10T07:34:59.683+08:00 DEBUG 11216 --- [           main] c.x.s.mapper.CategoryMapper.countByName  : <==      Total: 1
2026-07-10T07:34:59.683+08:00 DEBUG 11216 --- [           main] org.mybatis.spring.SqlSessionUtils       : Releasing transactional SqlSession [org.apache.ibatis.session.defaults.DefaultSqlSession@3cde655c]
2026-07-10T07:34:59.683+08:00 DEBUG 11216 --- [           main] org.mybatis.spring.SqlSessionUtils       : Fetched SqlSession [org.apache.ibatis.session.defaults.DefaultSqlSession@3cde655c] from current transaction
2026-07-10T07:34:59.684+08:00 DEBUG 11216 --- [           main] c.x.s.mapper.CategoryMapper.insert       : ==>  Preparing: INSERT INTO sp_category (name, description) VALUES (?, ?)
2026-07-10T07:34:59.685+08:00 DEBUG 11216 --- [           main] c.x.s.mapper.CategoryMapper.insert       : ==> Parameters: 测试品类_1783640099679(String), 测试品类描述(String)
2026-07-10T07:34:59.687+08:00 DEBUG 11216 --- [           main] c.x.s.mapper.CategoryMapper.insert       : <==    Updates: 1
2026-07-10T07:34:59.687+08:00 DEBUG 11216 --- [           main] org.mybatis.spring.SqlSessionUtils       : Releasing transactional SqlSession [org.apache.ibatis.session.defaults.DefaultSqlSession@3cde655c]
2026-07-10T07:34:59.689+08:00 DEBUG 11216 --- [           main] org.mybatis.spring.SqlSessionUtils       : Transaction synchronization committing SqlSession [org.apache.ibatis.session.defaults.DefaultSqlSession@3cde655c]
2026-07-10T07:34:59.689+08:00 DEBUG 11216 --- [           main] org.mybatis.spring.SqlSessionUtils       : Transaction synchronization deregistering SqlSession [org.apache.ibatis.session.defaults.DefaultSqlSession@3cde655c]
2026-07-10T07:34:59.689+08:00 DEBUG 11216 --- [           main] org.mybatis.spring.SqlSessionUtils       : Transaction synchronization closing SqlSession [org.apache.ibatis.session.defaults.DefaultSqlSession@3cde655c]
2026-07-10T07:34:59.693+08:00 DEBUG 11216 --- [           main] org.mybatis.spring.SqlSessionUtils       : Creating a new SqlSession
2026-07-10T07:34:59.693+08:00 DEBUG 11216 --- [           main] org.mybatis.spring.SqlSessionUtils       : Registering transaction synchronization for SqlSession [org.apache.ibatis.session.defaults.DefaultSqlSession@17da4d27]
2026-07-10T07:34:59.695+08:00 DEBUG 11216 --- [           main] o.m.s.t.SpringManagedTransaction         : JDBC Connection [HikariProxyConnection@748517748 wrapping com.mysql.cj.jdbc.ConnectionImpl@1cca09bc] will be managed by Spring
2026-07-10T07:34:59.695+08:00 DEBUG 11216 --- [           main] c.x.s.mapper.CategoryMapper.countByName  : ==>  Preparing: SELECT COUNT(*) FROM sp_category WHERE name = ? AND is_deleted = 0
2026-07-10T07:34:59.695+08:00 DEBUG 11216 --- [           main] c.x.s.mapper.CategoryMapper.countByName  : ==> Parameters: 重复品类_1783640099679(String)
2026-07-10T07:34:59.695+08:00 DEBUG 11216 --- [           main] c.x.s.mapper.CategoryMapper.countByName  : <==      Total: 1
2026-07-10T07:34:59.695+08:00 DEBUG 11216 --- [           main] org.mybatis.spring.SqlSessionUtils       : Releasing transactional SqlSession [org.apache.ibatis.session.defaults.DefaultSqlSession@17da4d27]
2026-07-10T07:34:59.695+08:00 DEBUG 11216 --- [           main] org.mybatis.spring.SqlSessionUtils       : Fetched SqlSession [org.apache.ibatis.session.defaults.DefaultSqlSession@17da4d27] from current transaction
2026-07-10T07:34:59.695+08:00 DEBUG 11216 --- [           main] c.x.s.mapper.CategoryMapper.insert       : ==>  Preparing: INSERT INTO sp_category (name, description) VALUES (?, ?)
2026-07-10T07:34:59.695+08:00 DEBUG 11216 --- [           main] c.x.s.mapper.CategoryMapper.insert       : ==> Parameters: 重复品类_1783640099679(String), 重复品类(String)
2026-07-10T07:34:59.698+08:00 DEBUG 11216 --- [           main] c.x.s.mapper.CategoryMapper.insert       : <==    Updates: 1
2026-07-10T07:34:59.698+08:00 DEBUG 11216 --- [           main] org.mybatis.spring.SqlSessionUtils       : Releasing transactional SqlSession [org.apache.ibatis.session.defaults.DefaultSqlSession@17da4d27]
2026-07-10T07:34:59.698+08:00 DEBUG 11216 --- [           main] org.mybatis.spring.SqlSessionUtils       : Transaction synchronization committing SqlSession [org.apache.ibatis.session.defaults.DefaultSqlSession@17da4d27]
2026-07-10T07:34:59.698+08:00 DEBUG 11216 --- [           main] org.mybatis.spring.SqlSessionUtils       : Transaction synchronization deregistering SqlSession [org.apache.ibatis.session.defaults.DefaultSqlSession@17da4d27]
2026-07-10T07:34:59.698+08:00 DEBUG 11216 --- [           main] org.mybatis.spring.SqlSessionUtils       : Transaction synchronization closing SqlSession [org.apache.ibatis.session.defaults.DefaultSqlSession@17da4d27]
2026-07-10T07:34:59.704+08:00 DEBUG 11216 --- [           main] org.mybatis.spring.SqlSessionUtils       : Creating a new SqlSession
2026-07-10T07:34:59.705+08:00 DEBUG 11216 --- [           main] org.mybatis.spring.SqlSessionUtils       : Registering transaction synchronization for SqlSession [org.apache.ibatis.session.defaults.DefaultSqlSession@6e4c6264]
2026-07-10T07:34:59.705+08:00 DEBUG 11216 --- [           main] o.m.s.t.SpringManagedTransaction         : JDBC Connection [HikariProxyConnection@1665344713 wrapping com.mysql.cj.jdbc.ConnectionImpl@1cca09bc] will be managed by Spring
2026-07-10T07:34:59.705+08:00 DEBUG 11216 --- [           main] c.x.s.mapper.CategoryMapper.selectById   : ==>  Preparing: SELECT * FROM sp_category WHERE id = ? AND is_deleted = 0
2026-07-10T07:34:59.705+08:00 DEBUG 11216 --- [           main] c.x.s.mapper.CategoryMapper.selectById   : ==> Parameters: 123(Long)
2026-07-10T07:34:59.706+08:00 DEBUG 11216 --- [           main] c.x.s.mapper.CategoryMapper.selectById   : <==      Total: 1
2026-07-10T07:34:59.707+08:00 DEBUG 11216 --- [           main] org.mybatis.spring.SqlSessionUtils       : Releasing transactional SqlSession [org.apache.ibatis.session.defaults.DefaultSqlSession@6e4c6264]
2026-07-10T07:34:59.707+08:00 DEBUG 11216 --- [           main] org.mybatis.spring.SqlSessionUtils       : Fetched SqlSession [org.apache.ibatis.session.defaults.DefaultSqlSession@6e4c6264] from current transaction
2026-07-10T07:34:59.707+08:00 DEBUG 11216 --- [           main] c.x.s.m.C.countByNameAndNotId            : ==>  Preparing: SELECT COUNT(*) FROM sp_category WHERE name = ? AND id != ? AND is_deleted = 0
2026-07-10T07:34:59.707+08:00 DEBUG 11216 --- [           main] c.x.s.m.C.countByNameAndNotId            : ==> Parameters: 重复品类_1783640099679(String), 123(Long)
2026-07-10T07:34:59.708+08:00 DEBUG 11216 --- [           main] c.x.s.m.C.countByNameAndNotId            : <==      Total: 1
2026-07-10T07:34:59.708+08:00 DEBUG 11216 --- [           main] org.mybatis.spring.SqlSessionUtils       : Releasing transactional SqlSession [org.apache.ibatis.session.defaults.DefaultSqlSession@6e4c6264]
2026-07-10T07:34:59.708+08:00 DEBUG 11216 --- [           main] org.mybatis.spring.SqlSessionUtils       : Transaction synchronization deregistering SqlSession [org.apache.ibatis.session.defaults.DefaultSqlSession@6e4c6264]
2026-07-10T07:34:59.708+08:00 DEBUG 11216 --- [           main] org.mybatis.spring.SqlSessionUtils       : Transaction synchronization closing SqlSession [org.apache.ibatis.session.defaults.DefaultSqlSession@6e4c6264]
]]></system-out>
  </testcase>
  <testcase name="getById_NotFound_ThrowsException" classname="com.xuena.supplier.service.CategoryServiceTest" time="0.026">
    <system-out><![CDATA[2026-07-10T07:34:59.715+08:00 DEBUG 11216 --- [           main] org.mybatis.spring.SqlSessionUtils       : Creating a new SqlSession
2026-07-10T07:34:59.715+08:00 DEBUG 11216 --- [           main] org.mybatis.spring.SqlSessionUtils       : Registering transaction synchronization for SqlSession [org.apache.ibatis.session.defaults.DefaultSqlSession@116d39e2]
2026-07-10T07:34:59.716+08:00 DEBUG 11216 --- [           main] o.m.s.t.SpringManagedTransaction         : JDBC Connection [HikariProxyConnection@1753093060 wrapping com.mysql.cj.jdbc.ConnectionImpl@1cca09bc] will be managed by Spring
2026-07-10T07:34:59.717+08:00 DEBUG 11216 --- [           main] c.x.s.mapper.CategoryMapper.countByName  : ==>  Preparing: SELECT COUNT(*) FROM sp_category WHERE name = ? AND is_deleted = 0
2026-07-10T07:34:59.718+08:00 DEBUG 11216 --- [           main] c.x.s.mapper.CategoryMapper.countByName  : ==> Parameters: 测试品类_1783640099714(String)
2026-07-10T07:34:59.719+08:00 DEBUG 11216 --- [           main] c.x.s.mapper.CategoryMapper.countByName  : <==      Total: 1
2026-07-10T07:34:59.720+08:00 DEBUG 11216 --- [           main] org.mybatis.spring.SqlSessionUtils       : Releasing transactional SqlSession [org.apache.ibatis.session.defaults.DefaultSqlSession@116d39e2]
2026-07-10T07:34:59.720+08:00 DEBUG 11216 --- [           main] org.mybatis.spring.SqlSessionUtils       : Fetched SqlSession [org.apache.ibatis.session.defaults.DefaultSqlSession@116d39e2] from current transaction
2026-07-10T07:34:59.720+08:00 DEBUG 11216 --- [           main] c.x.s.mapper.CategoryMapper.insert       : ==>  Preparing: INSERT INTO sp_category (name, description) VALUES (?, ?)
2026-07-10T07:34:59.721+08:00 DEBUG 11216 --- [           main] c.x.s.mapper.CategoryMapper.insert       : ==> Parameters: 测试品类_1783640099714(String), 测试品类描述(String)
2026-07-10T07:34:59.723+08:00 DEBUG 11216 --- [           main] c.x.s.mapper.CategoryMapper.insert       : <==    Updates: 1
2026-07-10T07:34:59.724+08:00 DEBUG 11216 --- [           main] org.mybatis.spring.SqlSessionUtils       : Releasing transactional SqlSession [org.apache.ibatis.session.defaults.DefaultSqlSession@116d39e2]
2026-07-10T07:34:59.724+08:00 DEBUG 11216 --- [           main] org.mybatis.spring.SqlSessionUtils       : Transaction synchronization committing SqlSession [org.apache.ibatis.session.defaults.DefaultSqlSession@116d39e2]
2026-07-10T07:34:59.724+08:00 DEBUG 11216 --- [           main] org.mybatis.spring.SqlSessionUtils       : Transaction synchronization deregistering SqlSession [org.apache.ibatis.session.defaults.DefaultSqlSession@116d39e2]
2026-07-10T07:34:59.724+08:00 DEBUG 11216 --- [           main] org.mybatis.spring.SqlSessionUtils       : Transaction synchronization closing SqlSession [org.apache.ibatis.session.defaults.DefaultSqlSession@116d39e2]
2026-07-10T07:34:59.728+08:00 DEBUG 11216 --- [           main] org.mybatis.spring.SqlSessionUtils       : Creating a new SqlSession
2026-07-10T07:34:59.728+08:00 DEBUG 11216 --- [           main] org.mybatis.spring.SqlSessionUtils       : Registering transaction synchronization for SqlSession [org.apache.ibatis.session.defaults.DefaultSqlSession@1e7c3465]
2026-07-10T07:34:59.728+08:00 DEBUG 11216 --- [           main] o.m.s.t.SpringManagedTransaction         : JDBC Connection [HikariProxyConnection@1045780059 wrapping com.mysql.cj.jdbc.ConnectionImpl@1cca09bc] will be managed by Spring
2026-07-10T07:34:59.728+08:00 DEBUG 11216 --- [           main] c.x.s.mapper.CategoryMapper.countByName  : ==>  Preparing: SELECT COUNT(*) FROM sp_category WHERE name = ? AND is_deleted = 0
2026-07-10T07:34:59.728+08:00 DEBUG 11216 --- [           main] c.x.s.mapper.CategoryMapper.countByName  : ==> Parameters: 重复品类_1783640099714(String)
2026-07-10T07:34:59.729+08:00 DEBUG 11216 --- [           main] c.x.s.mapper.CategoryMapper.countByName  : <==      Total: 1
2026-07-10T07:34:59.729+08:00 DEBUG 11216 --- [           main] org.mybatis.spring.SqlSessionUtils       : Releasing transactional SqlSession [org.apache.ibatis.session.defaults.DefaultSqlSession@1e7c3465]
2026-07-10T07:34:59.729+08:00 DEBUG 11216 --- [           main] org.mybatis.spring.SqlSessionUtils       : Fetched SqlSession [org.apache.ibatis.session.defaults.DefaultSqlSession@1e7c3465] from current transaction
2026-07-10T07:34:59.730+08:00 DEBUG 11216 --- [           main] c.x.s.mapper.CategoryMapper.insert       : ==>  Preparing: INSERT INTO sp_category (name, description) VALUES (?, ?)
2026-07-10T07:34:59.730+08:00 DEBUG 11216 --- [           main] c.x.s.mapper.CategoryMapper.insert       : ==> Parameters: 重复品类_1783640099714(String), 重复品类(String)
2026-07-10T07:34:59.731+08:00 DEBUG 11216 --- [           main] c.x.s.mapper.CategoryMapper.insert       : <==    Updates: 1
2026-07-10T07:34:59.732+08:00 DEBUG 11216 --- [           main] org.mybatis.spring.SqlSessionUtils       : Releasing transactional SqlSession [org.apache.ibatis.session.defaults.DefaultSqlSession@1e7c3465]
2026-07-10T07:34:59.732+08:00 DEBUG 11216 --- [           main] org.mybatis.spring.SqlSessionUtils       : Transaction synchronization committing SqlSession [org.apache.ibatis.session.defaults.DefaultSqlSession@1e7c3465]
2026-07-10T07:34:59.732+08:00 DEBUG 11216 --- [           main] org.mybatis.spring.SqlSessionUtils       : Transaction synchronization deregistering SqlSession [org.apache.ibatis.session.defaults.DefaultSqlSession@1e7c3465]
2026-07-10T07:34:59.732+08:00 DEBUG 11216 --- [           main] org.mybatis.spring.SqlSessionUtils       : Transaction synchronization closing SqlSession [org.apache.ibatis.session.defaults.DefaultSqlSession@1e7c3465]
2026-07-10T07:34:59.736+08:00 DEBUG 11216 --- [           main] org.mybatis.spring.SqlSessionUtils       : Creating a new SqlSession
2026-07-10T07:34:59.736+08:00 DEBUG 11216 --- [           main] org.mybatis.spring.SqlSessionUtils       : SqlSession [org.apache.ibatis.session.defaults.DefaultSqlSession@621177e1] was not registered for synchronization because synchronization is not active
2026-07-10T07:34:59.736+08:00 DEBUG 11216 --- [           main] o.m.s.t.SpringManagedTransaction         : JDBC Connection [HikariProxyConnection@1583437171 wrapping com.mysql.cj.jdbc.ConnectionImpl@1cca09bc] will not be managed by Spring
2026-07-10T07:34:59.736+08:00 DEBUG 11216 --- [           main] c.x.s.mapper.CategoryMapper.selectById   : ==>  Preparing: SELECT * FROM sp_category WHERE id = ? AND is_deleted = 0
2026-07-10T07:34:59.736+08:00 DEBUG 11216 --- [           main] c.x.s.mapper.CategoryMapper.selectById   : ==> Parameters: 999999(Long)
2026-07-10T07:34:59.736+08:00 DEBUG 11216 --- [           main] c.x.s.mapper.CategoryMapper.selectById   : <==      Total: 0
2026-07-10T07:34:59.736+08:00 DEBUG 11216 --- [           main] org.mybatis.spring.SqlSessionUtils       : Closing non transactional SqlSession [org.apache.ibatis.session.defaults.DefaultSqlSession@621177e1]
]]></system-out>
  </testcase>
  <testcase name="update_NotFound_ThrowsException" classname="com.xuena.supplier.service.CategoryServiceTest" time="0.022">
    <system-out><![CDATA[2026-07-10T07:34:59.741+08:00 DEBUG 11216 --- [           main] org.mybatis.spring.SqlSessionUtils       : Creating a new SqlSession
2026-07-10T07:34:59.742+08:00 DEBUG 11216 --- [           main] org.mybatis.spring.SqlSessionUtils       : Registering transaction synchronization for SqlSession [org.apache.ibatis.session.defaults.DefaultSqlSession@51e05e54]
2026-07-10T07:34:59.742+08:00 DEBUG 11216 --- [           main] o.m.s.t.SpringManagedTransaction         : JDBC Connection [HikariProxyConnection@1815713116 wrapping com.mysql.cj.jdbc.ConnectionImpl@1cca09bc] will be managed by Spring
2026-07-10T07:34:59.742+08:00 DEBUG 11216 --- [           main] c.x.s.mapper.CategoryMapper.countByName  : ==>  Preparing: SELECT COUNT(*) FROM sp_category WHERE name = ? AND is_deleted = 0
2026-07-10T07:34:59.742+08:00 DEBUG 11216 --- [           main] c.x.s.mapper.CategoryMapper.countByName  : ==> Parameters: 测试品类_1783640099741(String)
2026-07-10T07:34:59.742+08:00 DEBUG 11216 --- [           main] c.x.s.mapper.CategoryMapper.countByName  : <==      Total: 1
2026-07-10T07:34:59.743+08:00 DEBUG 11216 --- [           main] org.mybatis.spring.SqlSessionUtils       : Releasing transactional SqlSession [org.apache.ibatis.session.defaults.DefaultSqlSession@51e05e54]
2026-07-10T07:34:59.743+08:00 DEBUG 11216 --- [           main] org.mybatis.spring.SqlSessionUtils       : Fetched SqlSession [org.apache.ibatis.session.defaults.DefaultSqlSession@51e05e54] from current transaction
2026-07-10T07:34:59.743+08:00 DEBUG 11216 --- [           main] c.x.s.mapper.CategoryMapper.insert       : ==>  Preparing: INSERT INTO sp_category (name, description) VALUES (?, ?)
2026-07-10T07:34:59.743+08:00 DEBUG 11216 --- [           main] c.x.s.mapper.CategoryMapper.insert       : ==> Parameters: 测试品类_1783640099741(String), 测试品类描述(String)
2026-07-10T07:34:59.743+08:00 DEBUG 11216 --- [           main] c.x.s.mapper.CategoryMapper.insert       : <==    Updates: 1
2026-07-10T07:34:59.743+08:00 DEBUG 11216 --- [           main] org.mybatis.spring.SqlSessionUtils       : Releasing transactional SqlSession [org.apache.ibatis.session.defaults.DefaultSqlSession@51e05e54]
2026-07-10T07:34:59.743+08:00 DEBUG 11216 --- [           main] org.mybatis.spring.SqlSessionUtils       : Transaction synchronization committing SqlSession [org.apache.ibatis.session.defaults.DefaultSqlSession@51e05e54]
2026-07-10T07:34:59.743+08:00 DEBUG 11216 --- [           main] org.mybatis.spring.SqlSessionUtils       : Transaction synchronization deregistering SqlSession [org.apache.ibatis.session.defaults.DefaultSqlSession@51e05e54]
2026-07-10T07:34:59.743+08:00 DEBUG 11216 --- [           main] org.mybatis.spring.SqlSessionUtils       : Transaction synchronization closing SqlSession [org.apache.ibatis.session.defaults.DefaultSqlSession@51e05e54]
2026-07-10T07:34:59.750+08:00 DEBUG 11216 --- [           main] org.mybatis.spring.SqlSessionUtils       : Creating a new SqlSession
2026-07-10T07:34:59.750+08:00 DEBUG 11216 --- [           main] org.mybatis.spring.SqlSessionUtils       : Registering transaction synchronization for SqlSession [org.apache.ibatis.session.defaults.DefaultSqlSession@45c2fa2]
2026-07-10T07:34:59.750+08:00 DEBUG 11216 --- [           main] o.m.s.t.SpringManagedTransaction         : JDBC Connection [HikariProxyConnection@1482122896 wrapping com.mysql.cj.jdbc.ConnectionImpl@1cca09bc] will be managed by Spring
2026-07-10T07:34:59.750+08:00 DEBUG 11216 --- [           main] c.x.s.mapper.CategoryMapper.countByName  : ==>  Preparing: SELECT COUNT(*) FROM sp_category WHERE name = ? AND is_deleted = 0
2026-07-10T07:34:59.750+08:00 DEBUG 11216 --- [           main] c.x.s.mapper.CategoryMapper.countByName  : ==> Parameters: 重复品类_1783640099741(String)
2026-07-10T07:34:59.752+08:00 DEBUG 11216 --- [           main] c.x.s.mapper.CategoryMapper.countByName  : <==      Total: 1
2026-07-10T07:34:59.753+08:00 DEBUG 11216 --- [           main] org.mybatis.spring.SqlSessionUtils       : Releasing transactional SqlSession [org.apache.ibatis.session.defaults.DefaultSqlSession@45c2fa2]
2026-07-10T07:34:59.753+08:00 DEBUG 11216 --- [           main] org.mybatis.spring.SqlSessionUtils       : Fetched SqlSession [org.apache.ibatis.session.defaults.DefaultSqlSession@45c2fa2] from current transaction
2026-07-10T07:34:59.753+08:00 DEBUG 11216 --- [           main] c.x.s.mapper.CategoryMapper.insert       : ==>  Preparing: INSERT INTO sp_category (name, description) VALUES (?, ?)
2026-07-10T07:34:59.753+08:00 DEBUG 11216 --- [           main] c.x.s.mapper.CategoryMapper.insert       : ==> Parameters: 重复品类_1783640099741(String), 重复品类(String)
2026-07-10T07:34:59.754+08:00 DEBUG 11216 --- [           main] c.x.s.mapper.CategoryMapper.insert       : <==    Updates: 1
2026-07-10T07:34:59.754+08:00 DEBUG 11216 --- [           main] org.mybatis.spring.SqlSessionUtils       : Releasing transactional SqlSession [org.apache.ibatis.session.defaults.DefaultSqlSession@45c2fa2]
2026-07-10T07:34:59.754+08:00 DEBUG 11216 --- [           main] org.mybatis.spring.SqlSessionUtils       : Transaction synchronization committing SqlSession [org.apache.ibatis.session.defaults.DefaultSqlSession@45c2fa2]
2026-07-10T07:34:59.754+08:00 DEBUG 11216 --- [           main] org.mybatis.spring.SqlSessionUtils       : Transaction synchronization deregistering SqlSession [org.apache.ibatis.session.defaults.DefaultSqlSession@45c2fa2]
2026-07-10T07:34:59.754+08:00 DEBUG 11216 --- [           main] org.mybatis.spring.SqlSessionUtils       : Transaction synchronization closing SqlSession [org.apache.ibatis.session.defaults.DefaultSqlSession@45c2fa2]
2026-07-10T07:34:59.757+08:00 DEBUG 11216 --- [           main] org.mybatis.spring.SqlSessionUtils       : Creating a new SqlSession
2026-07-10T07:34:59.757+08:00 DEBUG 11216 --- [           main] org.mybatis.spring.SqlSessionUtils       : Registering transaction synchronization for SqlSession [org.apache.ibatis.session.defaults.DefaultSqlSession@793704af]
2026-07-10T07:34:59.757+08:00 DEBUG 11216 --- [           main] o.m.s.t.SpringManagedTransaction         : JDBC Connection [HikariProxyConnection@595596745 wrapping com.mysql.cj.jdbc.ConnectionImpl@1cca09bc] will be managed by Spring
2026-07-10T07:34:59.759+08:00 DEBUG 11216 --- [           main] c.x.s.mapper.CategoryMapper.selectById   : ==>  Preparing: SELECT * FROM sp_category WHERE id = ? AND is_deleted = 0
2026-07-10T07:34:59.759+08:00 DEBUG 11216 --- [           main] c.x.s.mapper.CategoryMapper.selectById   : ==> Parameters: 999999(Long)
2026-07-10T07:34:59.759+08:00 DEBUG 11216 --- [           main] c.x.s.mapper.CategoryMapper.selectById   : <==      Total: 0
2026-07-10T07:34:59.759+08:00 DEBUG 11216 --- [           main] org.mybatis.spring.SqlSessionUtils       : Releasing transactional SqlSession [org.apache.ibatis.session.defaults.DefaultSqlSession@793704af]
2026-07-10T07:34:59.759+08:00 DEBUG 11216 --- [           main] org.mybatis.spring.SqlSessionUtils       : Transaction synchronization deregistering SqlSession [org.apache.ibatis.session.defaults.DefaultSqlSession@793704af]
2026-07-10T07:34:59.759+08:00 DEBUG 11216 --- [           main] org.mybatis.spring.SqlSessionUtils       : Transaction synchronization closing SqlSession [org.apache.ibatis.session.defaults.DefaultSqlSession@793704af]
]]></system-out>
  </testcase>
  <testcase name="delete_Success" classname="com.xuena.supplier.service.CategoryServiceTest" time="0.033">
    <system-out><![CDATA[2026-07-10T07:34:59.765+08:00 DEBUG 11216 --- [           main] org.mybatis.spring.SqlSessionUtils       : Creating a new SqlSession
2026-07-10T07:34:59.765+08:00 DEBUG 11216 --- [           main] org.mybatis.spring.SqlSessionUtils       : Registering transaction synchronization for SqlSession [org.apache.ibatis.session.defaults.DefaultSqlSession@48701496]
2026-07-10T07:34:59.765+08:00 DEBUG 11216 --- [           main] o.m.s.t.SpringManagedTransaction         : JDBC Connection [HikariProxyConnection@979755297 wrapping com.mysql.cj.jdbc.ConnectionImpl@1cca09bc] will be managed by Spring
2026-07-10T07:34:59.765+08:00 DEBUG 11216 --- [           main] c.x.s.mapper.CategoryMapper.countByName  : ==>  Preparing: SELECT COUNT(*) FROM sp_category WHERE name = ? AND is_deleted = 0
2026-07-10T07:34:59.765+08:00 DEBUG 11216 --- [           main] c.x.s.mapper.CategoryMapper.countByName  : ==> Parameters: 测试品类_1783640099763(String)
2026-07-10T07:34:59.766+08:00 DEBUG 11216 --- [           main] c.x.s.mapper.CategoryMapper.countByName  : <==      Total: 1
2026-07-10T07:34:59.767+08:00 DEBUG 11216 --- [           main] org.mybatis.spring.SqlSessionUtils       : Releasing transactional SqlSession [org.apache.ibatis.session.defaults.DefaultSqlSession@48701496]
2026-07-10T07:34:59.767+08:00 DEBUG 11216 --- [           main] org.mybatis.spring.SqlSessionUtils       : Fetched SqlSession [org.apache.ibatis.session.defaults.DefaultSqlSession@48701496] from current transaction
2026-07-10T07:34:59.767+08:00 DEBUG 11216 --- [           main] c.x.s.mapper.CategoryMapper.insert       : ==>  Preparing: INSERT INTO sp_category (name, description) VALUES (?, ?)
2026-07-10T07:34:59.767+08:00 DEBUG 11216 --- [           main] c.x.s.mapper.CategoryMapper.insert       : ==> Parameters: 测试品类_1783640099763(String), 测试品类描述(String)
2026-07-10T07:34:59.768+08:00 DEBUG 11216 --- [           main] c.x.s.mapper.CategoryMapper.insert       : <==    Updates: 1
2026-07-10T07:34:59.768+08:00 DEBUG 11216 --- [           main] org.mybatis.spring.SqlSessionUtils       : Releasing transactional SqlSession [org.apache.ibatis.session.defaults.DefaultSqlSession@48701496]
2026-07-10T07:34:59.768+08:00 DEBUG 11216 --- [           main] org.mybatis.spring.SqlSessionUtils       : Transaction synchronization committing SqlSession [org.apache.ibatis.session.defaults.DefaultSqlSession@48701496]
2026-07-10T07:34:59.768+08:00 DEBUG 11216 --- [           main] org.mybatis.spring.SqlSessionUtils       : Transaction synchronization deregistering SqlSession [org.apache.ibatis.session.defaults.DefaultSqlSession@48701496]
2026-07-10T07:34:59.768+08:00 DEBUG 11216 --- [           main] org.mybatis.spring.SqlSessionUtils       : Transaction synchronization closing SqlSession [org.apache.ibatis.session.defaults.DefaultSqlSession@48701496]
2026-07-10T07:34:59.771+08:00 DEBUG 11216 --- [           main] org.mybatis.spring.SqlSessionUtils       : Creating a new SqlSession
2026-07-10T07:34:59.773+08:00 DEBUG 11216 --- [           main] org.mybatis.spring.SqlSessionUtils       : Registering transaction synchronization for SqlSession [org.apache.ibatis.session.defaults.DefaultSqlSession@28d3a37a]
2026-07-10T07:34:59.773+08:00 DEBUG 11216 --- [           main] o.m.s.t.SpringManagedTransaction         : JDBC Connection [HikariProxyConnection@55439810 wrapping com.mysql.cj.jdbc.ConnectionImpl@1cca09bc] will be managed by Spring
2026-07-10T07:34:59.773+08:00 DEBUG 11216 --- [           main] c.x.s.mapper.CategoryMapper.countByName  : ==>  Preparing: SELECT COUNT(*) FROM sp_category WHERE name = ? AND is_deleted = 0
2026-07-10T07:34:59.773+08:00 DEBUG 11216 --- [           main] c.x.s.mapper.CategoryMapper.countByName  : ==> Parameters: 重复品类_1783640099763(String)
2026-07-10T07:34:59.774+08:00 DEBUG 11216 --- [           main] c.x.s.mapper.CategoryMapper.countByName  : <==      Total: 1
2026-07-10T07:34:59.774+08:00 DEBUG 11216 --- [           main] org.mybatis.spring.SqlSessionUtils       : Releasing transactional SqlSession [org.apache.ibatis.session.defaults.DefaultSqlSession@28d3a37a]
2026-07-10T07:34:59.774+08:00 DEBUG 11216 --- [           main] org.mybatis.spring.SqlSessionUtils       : Fetched SqlSession [org.apache.ibatis.session.defaults.DefaultSqlSession@28d3a37a] from current transaction
2026-07-10T07:34:59.774+08:00 DEBUG 11216 --- [           main] c.x.s.mapper.CategoryMapper.insert       : ==>  Preparing: INSERT INTO sp_category (name, description) VALUES (?, ?)
2026-07-10T07:34:59.774+08:00 DEBUG 11216 --- [           main] c.x.s.mapper.CategoryMapper.insert       : ==> Parameters: 重复品类_1783640099763(String), 重复品类(String)
2026-07-10T07:34:59.775+08:00 DEBUG 11216 --- [           main] c.x.s.mapper.CategoryMapper.insert       : <==    Updates: 1
2026-07-10T07:34:59.775+08:00 DEBUG 11216 --- [           main] org.mybatis.spring.SqlSessionUtils       : Releasing transactional SqlSession [org.apache.ibatis.session.defaults.DefaultSqlSession@28d3a37a]
2026-07-10T07:34:59.775+08:00 DEBUG 11216 --- [           main] org.mybatis.spring.SqlSessionUtils       : Transaction synchronization committing SqlSession [org.apache.ibatis.session.defaults.DefaultSqlSession@28d3a37a]
2026-07-10T07:34:59.775+08:00 DEBUG 11216 --- [           main] org.mybatis.spring.SqlSessionUtils       : Transaction synchronization deregistering SqlSession [org.apache.ibatis.session.defaults.DefaultSqlSession@28d3a37a]
2026-07-10T07:34:59.775+08:00 DEBUG 11216 --- [           main] org.mybatis.spring.SqlSessionUtils       : Transaction synchronization closing SqlSession [org.apache.ibatis.session.defaults.DefaultSqlSession@28d3a37a]
2026-07-10T07:34:59.782+08:00 DEBUG 11216 --- [           main] org.mybatis.spring.SqlSessionUtils       : Creating a new SqlSession
2026-07-10T07:34:59.782+08:00 DEBUG 11216 --- [           main] org.mybatis.spring.SqlSessionUtils       : Registering transaction synchronization for SqlSession [org.apache.ibatis.session.defaults.DefaultSqlSession@342be37]
2026-07-10T07:34:59.782+08:00 DEBUG 11216 --- [           main] o.m.s.t.SpringManagedTransaction         : JDBC Connection [HikariProxyConnection@67282625 wrapping com.mysql.cj.jdbc.ConnectionImpl@1cca09bc] will be managed by Spring
2026-07-10T07:34:59.782+08:00 DEBUG 11216 --- [           main] c.x.s.mapper.CategoryMapper.selectById   : ==>  Preparing: SELECT * FROM sp_category WHERE id = ? AND is_deleted = 0
2026-07-10T07:34:59.782+08:00 DEBUG 11216 --- [           main] c.x.s.mapper.CategoryMapper.selectById   : ==> Parameters: 129(Long)
2026-07-10T07:34:59.784+08:00 DEBUG 11216 --- [           main] c.x.s.mapper.CategoryMapper.selectById   : <==      Total: 1
2026-07-10T07:34:59.785+08:00 DEBUG 11216 --- [           main] org.mybatis.spring.SqlSessionUtils       : Releasing transactional SqlSession [org.apache.ibatis.session.defaults.DefaultSqlSession@342be37]
2026-07-10T07:34:59.785+08:00 DEBUG 11216 --- [           main] org.mybatis.spring.SqlSessionUtils       : Fetched SqlSession [org.apache.ibatis.session.defaults.DefaultSqlSession@342be37] from current transaction
2026-07-10T07:34:59.785+08:00 DEBUG 11216 --- [           main] c.x.s.mapper.CategoryMapper.delete       : ==>  Preparing: UPDATE sp_category SET is_deleted = 1 WHERE id = ?
2026-07-10T07:34:59.785+08:00 DEBUG 11216 --- [           main] c.x.s.mapper.CategoryMapper.delete       : ==> Parameters: 129(Long)
2026-07-10T07:34:59.788+08:00 DEBUG 11216 --- [           main] c.x.s.mapper.CategoryMapper.delete       : <==    Updates: 1
2026-07-10T07:34:59.788+08:00 DEBUG 11216 --- [           main] org.mybatis.spring.SqlSessionUtils       : Releasing transactional SqlSession [org.apache.ibatis.session.defaults.DefaultSqlSession@342be37]
2026-07-10T07:34:59.788+08:00 DEBUG 11216 --- [           main] org.mybatis.spring.SqlSessionUtils       : Transaction synchronization committing SqlSession [org.apache.ibatis.session.defaults.DefaultSqlSession@342be37]
2026-07-10T07:34:59.788+08:00 DEBUG 11216 --- [           main] org.mybatis.spring.SqlSessionUtils       : Transaction synchronization deregistering SqlSession [org.apache.ibatis.session.defaults.DefaultSqlSession@342be37]
2026-07-10T07:34:59.788+08:00 DEBUG 11216 --- [           main] org.mybatis.spring.SqlSessionUtils       : Transaction synchronization closing SqlSession [org.apache.ibatis.session.defaults.DefaultSqlSession@342be37]
2026-07-10T07:34:59.791+08:00 DEBUG 11216 --- [           main] org.mybatis.spring.SqlSessionUtils       : Creating a new SqlSession
2026-07-10T07:34:59.793+08:00 DEBUG 11216 --- [           main] org.mybatis.spring.SqlSessionUtils       : SqlSession [org.apache.ibatis.session.defaults.DefaultSqlSession@196a99d0] was not registered for synchronization because synchronization is not active
2026-07-10T07:34:59.793+08:00 DEBUG 11216 --- [           main] o.m.s.t.SpringManagedTransaction         : JDBC Connection [HikariProxyConnection@254980030 wrapping com.mysql.cj.jdbc.ConnectionImpl@1cca09bc] will not be managed by Spring
2026-07-10T07:34:59.793+08:00 DEBUG 11216 --- [           main] c.x.s.mapper.CategoryMapper.selectById   : ==>  Preparing: SELECT * FROM sp_category WHERE id = ? AND is_deleted = 0
2026-07-10T07:34:59.793+08:00 DEBUG 11216 --- [           main] c.x.s.mapper.CategoryMapper.selectById   : ==> Parameters: 129(Long)
2026-07-10T07:34:59.794+08:00 DEBUG 11216 --- [           main] c.x.s.mapper.CategoryMapper.selectById   : <==      Total: 0
2026-07-10T07:34:59.794+08:00 DEBUG 11216 --- [           main] org.mybatis.spring.SqlSessionUtils       : Closing non transactional SqlSession [org.apache.ibatis.session.defaults.DefaultSqlSession@196a99d0]
]]></system-out>
  </testcase>
</testsuite>