<?xml version="1.0" encoding="UTF-8"?>
<testsuite xmlns:xsi="http://www.w3.org/2001/XMLSchema-instance" xsi:noNamespaceSchemaLocation="https://maven.apache.org/surefire/maven-surefire-plugin/xsd/surefire-test-report-3.0.xsd" version="3.0" name="com.xuena.supplier.service.MonthlyAssessmentServiceTest" time="0.325" tests="17" errors="0" skipped="0" failures="0">
  <properties>
[...]
</properties>
  <testcase name="submit_Locked_ThrowsException" classname="com.xuena.supplier.service.MonthlyAssessmentServiceTest" time="0.037">
    <system-out><![CDATA[2026-07-10T06:16:33.475+08:00  INFO 26476 --- [           main] t.c.s.AnnotationConfigContextLoaderUtils : Could not detect default configuration classes for test class [com.xuena.supplier.service.MonthlyAssessmentServiceTest]: MonthlyAssessmentServiceTest does not declare any static, non-private, non-final, nested classes annotated with @Configuration.
2026-07-10T06:16:33.476+08:00  INFO 26476 --- [           main] .b.t.c.SpringBootTestContextBootstrapper : Found @SpringBootConfiguration com.xuena.supplier.SupplierApplication for test class com.xuena.supplier.service.MonthlyAssessmentServiceTest
2026-07-10T06:16:33.487+08:00 DEBUG 26476 --- [           main] org.mybatis.spring.SqlSessionUtils       : Creating a new SqlSession
2026-07-10T06:16:33.488+08:00 DEBUG 26476 --- [           main] org.mybatis.spring.SqlSessionUtils       : Registering transaction synchronization for SqlSession [org.apache.ibatis.session.defaults.DefaultSqlSession@37cc6017]
2026-07-10T06:16:33.488+08:00 DEBUG 26476 --- [           main] o.m.s.t.SpringManagedTransaction         : JDBC Connection [HikariProxyConnection@1964157350 wrapping com.mysql.cj.jdbc.ConnectionImpl@1fc0d9b4] will be managed by Spring
2026-07-10T06:16:33.488+08:00 DEBUG 26476 --- [           main] c.x.s.m.M.countByYearMonthAndSupplier    : ==>  Preparing: SELECT COUNT(*) FROM sp_monthly_assessment WHERE `year_month` = ? AND supplier_name = ? AND is_deleted = 0
2026-07-10T06:16:33.488+08:00 DEBUG 26476 --- [           main] c.x.s.m.M.countByYearMonthAndSupplier    : ==> Parameters: 2026-03(String), 供应商_1783635393486(String)
2026-07-10T06:16:33.491+08:00 DEBUG 26476 --- [           main] c.x.s.m.M.countByYearMonthAndSupplier    : <==      Total: 1
2026-07-10T06:16:33.491+08:00 DEBUG 26476 --- [           main] org.mybatis.spring.SqlSessionUtils       : Releasing transactional SqlSession [org.apache.ibatis.session.defaults.DefaultSqlSession@37cc6017]
2026-07-10T06:16:33.491+08:00 DEBUG 26476 --- [           main] org.mybatis.spring.SqlSessionUtils       : Fetched SqlSession [org.apache.ibatis.session.defaults.DefaultSqlSession@37cc6017] from current transaction
2026-07-10T06:16:33.491+08:00 DEBUG 26476 --- [           main] c.x.s.m.MonthlyAssessmentMapper.insert   : ==>  Preparing: INSERT INTO sp_monthly_assessment (`year_month`, supplier_name, category, total, grade, dimension_a, dimension_b, dimension_c, dimension_d, sub_a1, sub_a2, sub_a3, sub_a4, sub_b1, sub_b2, sub_b3, sub_b4, sub_b5, sub_c1, sub_c2, sub_c3, sub_d1a, sub_d1b, sub_d2a, sub_d2b, sub_d2c, sub_d2d, sub_d2e, conclusion, exception_quality, exception_cost, exception_delivery, exception_service_product, exception_service_package, exception_other, status, file_name) VALUES (?, ?, ?, ?, ?, ?, ?, ?, ?, ?, ?, ?, ?, ?, ?, ?, ?, ?, ?, ?, ?, ?, ?, ?, ?, ?, ?, ?, ?, ?, ?, ?, ?, ?, ?, ?, ?)
2026-07-10T06:16:33.493+08:00 DEBUG 26476 --- [           main] c.x.s.m.MonthlyAssessmentMapper.insert   : ==> Parameters: 2026-03(String), 供应商_1783635393486(String), null, 0.00(BigDecimal), D级(String), null, null, null, null, null, null, null, null, null, null, null, null, null, null, null, null, null, null, null, null, null, null, null, null, null, null, null, null, null, null, DRAFT(String), null
2026-07-10T06:16:33.494+08:00 DEBUG 26476 --- [           main] c.x.s.m.MonthlyAssessmentMapper.insert   : <==    Updates: 1
2026-07-10T06:16:33.495+08:00 DEBUG 26476 --- [           main] org.mybatis.spring.SqlSessionUtils       : Releasing transactional SqlSession [org.apache.ibatis.session.defaults.DefaultSqlSession@37cc6017]
2026-07-10T06:16:33.495+08:00 DEBUG 26476 --- [           main] org.mybatis.spring.SqlSessionUtils       : Transaction synchronization committing SqlSession [org.apache.ibatis.session.defaults.DefaultSqlSession@37cc6017]
2026-07-10T06:16:33.495+08:00 DEBUG 26476 --- [           main] org.mybatis.spring.SqlSessionUtils       : Transaction synchronization deregistering SqlSession [org.apache.ibatis.session.defaults.DefaultSqlSession@37cc6017]
2026-07-10T06:16:33.495+08:00 DEBUG 26476 --- [           main] org.mybatis.spring.SqlSessionUtils       : Transaction synchronization closing SqlSession [org.apache.ibatis.session.defaults.DefaultSqlSession@37cc6017]
2026-07-10T06:16:33.501+08:00 DEBUG 26476 --- [           main] org.mybatis.spring.SqlSessionUtils       : Creating a new SqlSession
2026-07-10T06:16:33.501+08:00 DEBUG 26476 --- [           main] org.mybatis.spring.SqlSessionUtils       : Registering transaction synchronization for SqlSession [org.apache.ibatis.session.defaults.DefaultSqlSession@169d1f92]
2026-07-10T06:16:33.501+08:00 DEBUG 26476 --- [           main] o.m.s.t.SpringManagedTransaction         : JDBC Connection [HikariProxyConnection@535296534 wrapping com.mysql.cj.jdbc.ConnectionImpl@1fc0d9b4] will be managed by Spring
2026-07-10T06:16:33.501+08:00 DEBUG 26476 --- [           main] c.x.s.m.M.selectById                     : ==>  Preparing: SELECT * FROM sp_monthly_assessment WHERE id = ? AND is_deleted = 0
2026-07-10T06:16:33.501+08:00 DEBUG 26476 --- [           main] c.x.s.m.M.selectById                     : ==> Parameters: 49(Long)
2026-07-10T06:16:33.503+08:00 DEBUG 26476 --- [           main] c.x.s.m.M.selectById                     : <==      Total: 1
2026-07-10T06:16:33.503+08:00 DEBUG 26476 --- [           main] org.mybatis.spring.SqlSessionUtils       : Releasing transactional SqlSession [org.apache.ibatis.session.defaults.DefaultSqlSession@169d1f92]
2026-07-10T06:16:33.503+08:00 DEBUG 26476 --- [           main] org.mybatis.spring.SqlSessionUtils       : Fetched SqlSession [org.apache.ibatis.session.defaults.DefaultSqlSession@169d1f92] from current transaction
2026-07-10T06:16:33.503+08:00 DEBUG 26476 --- [           main] c.x.s.m.M.updateStatus                   : ==>  Preparing: UPDATE sp_monthly_assessment SET status = ? WHERE id = ?
2026-07-10T06:16:33.503+08:00 DEBUG 26476 --- [           main] c.x.s.m.M.updateStatus                   : ==> Parameters: LOCKED(String), 49(Long)
2026-07-10T06:16:33.505+08:00 DEBUG 26476 --- [           main] c.x.s.m.M.updateStatus                   : <==    Updates: 1
2026-07-10T06:16:33.505+08:00 DEBUG 26476 --- [           main] org.mybatis.spring.SqlSessionUtils       : Releasing transactional SqlSession [org.apache.ibatis.session.defaults.DefaultSqlSession@169d1f92]
2026-07-10T06:16:33.505+08:00 DEBUG 26476 --- [           main] org.mybatis.spring.SqlSessionUtils       : Transaction synchronization committing SqlSession [org.apache.ibatis.session.defaults.DefaultSqlSession@169d1f92]
2026-07-10T06:16:33.505+08:00 DEBUG 26476 --- [           main] org.mybatis.spring.SqlSessionUtils       : Transaction synchronization deregistering SqlSession [org.apache.ibatis.session.defaults.DefaultSqlSession@169d1f92]
2026-07-10T06:16:33.505+08:00 DEBUG 26476 --- [           main] org.mybatis.spring.SqlSessionUtils       : Transaction synchronization closing SqlSession [org.apache.ibatis.session.defaults.DefaultSqlSession@169d1f92]
2026-07-10T06:16:33.513+08:00 DEBUG 26476 --- [           main] org.mybatis.spring.SqlSessionUtils       : Creating a new SqlSession
2026-07-10T06:16:33.513+08:00 DEBUG 26476 --- [           main] org.mybatis.spring.SqlSessionUtils       : Registering transaction synchronization for SqlSession [org.apache.ibatis.session.defaults.DefaultSqlSession@1eab0700]
2026-07-10T06:16:33.513+08:00 DEBUG 26476 --- [           main] o.m.s.t.SpringManagedTransaction         : JDBC Connection [HikariProxyConnection@530861926 wrapping com.mysql.cj.jdbc.ConnectionImpl@1fc0d9b4] will be managed by Spring
2026-07-10T06:16:33.513+08:00 DEBUG 26476 --- [           main] c.x.s.m.M.selectById                     : ==>  Preparing: SELECT * FROM sp_monthly_assessment WHERE id = ? AND is_deleted = 0
2026-07-10T06:16:33.515+08:00 DEBUG 26476 --- [           main] c.x.s.m.M.selectById                     : ==> Parameters: 49(Long)
2026-07-10T06:16:33.517+08:00 DEBUG 26476 --- [           main] c.x.s.m.M.selectById                     : <==      Total: 1
2026-07-10T06:16:33.518+08:00 DEBUG 26476 --- [           main] org.mybatis.spring.SqlSessionUtils       : Releasing transactional SqlSession [org.apache.ibatis.session.defaults.DefaultSqlSession@1eab0700]
2026-07-10T06:16:33.518+08:00 DEBUG 26476 --- [           main] org.mybatis.spring.SqlSessionUtils       : Transaction synchronization deregistering SqlSession [org.apache.ibatis.session.defaults.DefaultSqlSession@1eab0700]
2026-07-10T06:16:33.518+08:00 DEBUG 26476 --- [           main] org.mybatis.spring.SqlSessionUtils       : Transaction synchronization closing SqlSession [org.apache.ibatis.session.defaults.DefaultSqlSession@1eab0700]
]]></system-out>
  </testcase>
  <testcase name="create_Duplicate_ThrowsException" classname="com.xuena.supplier.service.MonthlyAssessmentServiceTest" time="0.018">
    <system-out><![CDATA[2026-07-10T06:16:33.522+08:00 DEBUG 26476 --- [           main] org.mybatis.spring.SqlSessionUtils       : Creating a new SqlSession
2026-07-10T06:16:33.524+08:00 DEBUG 26476 --- [           main] org.mybatis.spring.SqlSessionUtils       : Registering transaction synchronization for SqlSession [org.apache.ibatis.session.defaults.DefaultSqlSession@47c356e]
2026-07-10T06:16:33.524+08:00 DEBUG 26476 --- [           main] o.m.s.t.SpringManagedTransaction         : JDBC Connection [HikariProxyConnection@1535161373 wrapping com.mysql.cj.jdbc.ConnectionImpl@1fc0d9b4] will be managed by Spring
2026-07-10T06:16:33.524+08:00 DEBUG 26476 --- [           main] c.x.s.m.M.countByYearMonthAndSupplier    : ==>  Preparing: SELECT COUNT(*) FROM sp_monthly_assessment WHERE `year_month` = ? AND supplier_name = ? AND is_deleted = 0
2026-07-10T06:16:33.524+08:00 DEBUG 26476 --- [           main] c.x.s.m.M.countByYearMonthAndSupplier    : ==> Parameters: 2026-03(String), 供应商_1783635393521(String)
2026-07-10T06:16:33.524+08:00 DEBUG 26476 --- [           main] c.x.s.m.M.countByYearMonthAndSupplier    : <==      Total: 1
2026-07-10T06:16:33.525+08:00 DEBUG 26476 --- [           main] org.mybatis.spring.SqlSessionUtils       : Releasing transactional SqlSession [org.apache.ibatis.session.defaults.DefaultSqlSession@47c356e]
2026-07-10T06:16:33.525+08:00 DEBUG 26476 --- [           main] org.mybatis.spring.SqlSessionUtils       : Fetched SqlSession [org.apache.ibatis.session.defaults.DefaultSqlSession@47c356e] from current transaction
2026-07-10T06:16:33.525+08:00 DEBUG 26476 --- [           main] c.x.s.m.MonthlyAssessmentMapper.insert   : ==>  Preparing: INSERT INTO sp_monthly_assessment (`year_month`, supplier_name, category, total, grade, dimension_a, dimension_b, dimension_c, dimension_d, sub_a1, sub_a2, sub_a3, sub_a4, sub_b1, sub_b2, sub_b3, sub_b4, sub_b5, sub_c1, sub_c2, sub_c3, sub_d1a, sub_d1b, sub_d2a, sub_d2b, sub_d2c, sub_d2d, sub_d2e, conclusion, exception_quality, exception_cost, exception_delivery, exception_service_product, exception_service_package, exception_other, status, file_name) VALUES (?, ?, ?, ?, ?, ?, ?, ?, ?, ?, ?, ?, ?, ?, ?, ?, ?, ?, ?, ?, ?, ?, ?, ?, ?, ?, ?, ?, ?, ?, ?, ?, ?, ?, ?, ?, ?)
2026-07-10T06:16:33.525+08:00 DEBUG 26476 --- [           main] c.x.s.m.MonthlyAssessmentMapper.insert   : ==> Parameters: 2026-03(String), 供应商_1783635393521(String), null, 0.00(BigDecimal), D级(String), null, null, null, null, null, null, null, null, null, null, null, null, null, null, null, null, null, null, null, null, null, null, null, null, null, null, null, null, null, null, DRAFT(String), null
2026-07-10T06:16:33.528+08:00 DEBUG 26476 --- [           main] c.x.s.m.MonthlyAssessmentMapper.insert   : <==    Updates: 1
2026-07-10T06:16:33.528+08:00 DEBUG 26476 --- [           main] org.mybatis.spring.SqlSessionUtils       : Releasing transactional SqlSession [org.apache.ibatis.session.defaults.DefaultSqlSession@47c356e]
2026-07-10T06:16:33.528+08:00 DEBUG 26476 --- [           main] org.mybatis.spring.SqlSessionUtils       : Transaction synchronization committing SqlSession [org.apache.ibatis.session.defaults.DefaultSqlSession@47c356e]
2026-07-10T06:16:33.528+08:00 DEBUG 26476 --- [           main] org.mybatis.spring.SqlSessionUtils       : Transaction synchronization deregistering SqlSession [org.apache.ibatis.session.defaults.DefaultSqlSession@47c356e]
2026-07-10T06:16:33.528+08:00 DEBUG 26476 --- [           main] org.mybatis.spring.SqlSessionUtils       : Transaction synchronization closing SqlSession [org.apache.ibatis.session.defaults.DefaultSqlSession@47c356e]
2026-07-10T06:16:33.535+08:00 DEBUG 26476 --- [           main] org.mybatis.spring.SqlSessionUtils       : Creating a new SqlSession
2026-07-10T06:16:33.535+08:00 DEBUG 26476 --- [           main] org.mybatis.spring.SqlSessionUtils       : Registering transaction synchronization for SqlSession [org.apache.ibatis.session.defaults.DefaultSqlSession@31028e45]
2026-07-10T06:16:33.535+08:00 DEBUG 26476 --- [           main] o.m.s.t.SpringManagedTransaction         : JDBC Connection [HikariProxyConnection@1356903538 wrapping com.mysql.cj.jdbc.ConnectionImpl@1fc0d9b4] will be managed by Spring
2026-07-10T06:16:33.535+08:00 DEBUG 26476 --- [           main] c.x.s.m.M.countByYearMonthAndSupplier    : ==>  Preparing: SELECT COUNT(*) FROM sp_monthly_assessment WHERE `year_month` = ? AND supplier_name = ? AND is_deleted = 0
2026-07-10T06:16:33.535+08:00 DEBUG 26476 --- [           main] c.x.s.m.M.countByYearMonthAndSupplier    : ==> Parameters: 2026-03(String), 供应商_1783635393521(String)
2026-07-10T06:16:33.536+08:00 DEBUG 26476 --- [           main] c.x.s.m.M.countByYearMonthAndSupplier    : <==      Total: 1
2026-07-10T06:16:33.536+08:00 DEBUG 26476 --- [           main] org.mybatis.spring.SqlSessionUtils       : Releasing transactional SqlSession [org.apache.ibatis.session.defaults.DefaultSqlSession@31028e45]
2026-07-10T06:16:33.536+08:00 DEBUG 26476 --- [           main] org.mybatis.spring.SqlSessionUtils       : Transaction synchronization deregistering SqlSession [org.apache.ibatis.session.defaults.DefaultSqlSession@31028e45]
2026-07-10T06:16:33.536+08:00 DEBUG 26476 --- [           main] org.mybatis.spring.SqlSessionUtils       : Transaction synchronization closing SqlSession [org.apache.ibatis.session.defaults.DefaultSqlSession@31028e45]
]]></system-out>
  </testcase>
  <testcase name="update_Success" classname="com.xuena.supplier.service.MonthlyAssessmentServiceTest" time="0.026">
    <system-out><![CDATA[2026-07-10T06:16:33.542+08:00 DEBUG 26476 --- [           main] org.mybatis.spring.SqlSessionUtils       : Creating a new SqlSession
2026-07-10T06:16:33.542+08:00 DEBUG 26476 --- [           main] org.mybatis.spring.SqlSessionUtils       : Registering transaction synchronization for SqlSession [org.apache.ibatis.session.defaults.DefaultSqlSession@6054ac20]
2026-07-10T06:16:33.543+08:00 DEBUG 26476 --- [           main] o.m.s.t.SpringManagedTransaction         : JDBC Connection [HikariProxyConnection@1731593711 wrapping com.mysql.cj.jdbc.ConnectionImpl@1fc0d9b4] will be managed by Spring
2026-07-10T06:16:33.543+08:00 DEBUG 26476 --- [           main] c.x.s.m.M.countByYearMonthAndSupplier    : ==>  Preparing: SELECT COUNT(*) FROM sp_monthly_assessment WHERE `year_month` = ? AND supplier_name = ? AND is_deleted = 0
2026-07-10T06:16:33.543+08:00 DEBUG 26476 --- [           main] c.x.s.m.M.countByYearMonthAndSupplier    : ==> Parameters: 2026-03(String), 供应商_1783635393540(String)
2026-07-10T06:16:33.543+08:00 DEBUG 26476 --- [           main] c.x.s.m.M.countByYearMonthAndSupplier    : <==      Total: 1
2026-07-10T06:16:33.543+08:00 DEBUG 26476 --- [           main] org.mybatis.spring.SqlSessionUtils       : Releasing transactional SqlSession [org.apache.ibatis.session.defaults.DefaultSqlSession@6054ac20]
2026-07-10T06:16:33.543+08:00 DEBUG 26476 --- [           main] org.mybatis.spring.SqlSessionUtils       : Fetched SqlSession [org.apache.ibatis.session.defaults.DefaultSqlSession@6054ac20] from current transaction
2026-07-10T06:16:33.543+08:00 DEBUG 26476 --- [           main] c.x.s.m.MonthlyAssessmentMapper.insert   : ==>  Preparing: INSERT INTO sp_monthly_assessment (`year_month`, supplier_name, category, total, grade, dimension_a, dimension_b, dimension_c, dimension_d, sub_a1, sub_a2, sub_a3, sub_a4, sub_b1, sub_b2, sub_b3, sub_b4, sub_b5, sub_c1, sub_c2, sub_c3, sub_d1a, sub_d1b, sub_d2a, sub_d2b, sub_d2c, sub_d2d, sub_d2e, conclusion, exception_quality, exception_cost, exception_delivery, exception_service_product, exception_service_package, exception_other, status, file_name) VALUES (?, ?, ?, ?, ?, ?, ?, ?, ?, ?, ?, ?, ?, ?, ?, ?, ?, ?, ?, ?, ?, ?, ?, ?, ?, ?, ?, ?, ?, ?, ?, ?, ?, ?, ?, ?, ?)
2026-07-10T06:16:33.544+08:00 DEBUG 26476 --- [           main] c.x.s.m.MonthlyAssessmentMapper.insert   : ==> Parameters: 2026-03(String), 供应商_1783635393540(String), null, 0.00(BigDecimal), D级(String), null, null, null, null, null, null, null, null, null, null, null, null, null, null, null, null, null, null, null, null, null, null, null, null, null, null, null, null, null, null, DRAFT(String), null
2026-07-10T06:16:33.547+08:00 DEBUG 26476 --- [           main] c.x.s.m.MonthlyAssessmentMapper.insert   : <==    Updates: 1
2026-07-10T06:16:33.547+08:00 DEBUG 26476 --- [           main] org.mybatis.spring.SqlSessionUtils       : Releasing transactional SqlSession [org.apache.ibatis.session.defaults.DefaultSqlSession@6054ac20]
2026-07-10T06:16:33.547+08:00 DEBUG 26476 --- [           main] org.mybatis.spring.SqlSessionUtils       : Transaction synchronization committing SqlSession [org.apache.ibatis.session.defaults.DefaultSqlSession@6054ac20]
2026-07-10T06:16:33.547+08:00 DEBUG 26476 --- [           main] org.mybatis.spring.SqlSessionUtils       : Transaction synchronization deregistering SqlSession [org.apache.ibatis.session.defaults.DefaultSqlSession@6054ac20]
2026-07-10T06:16:33.547+08:00 DEBUG 26476 --- [           main] org.mybatis.spring.SqlSessionUtils       : Transaction synchronization closing SqlSession [org.apache.ibatis.session.defaults.DefaultSqlSession@6054ac20]
2026-07-10T06:16:33.551+08:00 DEBUG 26476 --- [           main] org.mybatis.spring.SqlSessionUtils       : Creating a new SqlSession
2026-07-10T06:16:33.551+08:00 DEBUG 26476 --- [           main] org.mybatis.spring.SqlSessionUtils       : Registering transaction synchronization for SqlSession [org.apache.ibatis.session.defaults.DefaultSqlSession@a6204e4]
2026-07-10T06:16:33.551+08:00 DEBUG 26476 --- [           main] o.m.s.t.SpringManagedTransaction         : JDBC Connection [HikariProxyConnection@1261832834 wrapping com.mysql.cj.jdbc.ConnectionImpl@1fc0d9b4] will be managed by Spring
2026-07-10T06:16:33.551+08:00 DEBUG 26476 --- [           main] c.x.s.m.M.selectById                     : ==>  Preparing: SELECT * FROM sp_monthly_assessment WHERE id = ? AND is_deleted = 0
2026-07-10T06:16:33.551+08:00 DEBUG 26476 --- [           main] c.x.s.m.M.selectById                     : ==> Parameters: 51(Long)
2026-07-10T06:16:33.553+08:00 DEBUG 26476 --- [           main] c.x.s.m.M.selectById                     : <==      Total: 1
2026-07-10T06:16:33.553+08:00 DEBUG 26476 --- [           main] org.mybatis.spring.SqlSessionUtils       : Releasing transactional SqlSession [org.apache.ibatis.session.defaults.DefaultSqlSession@a6204e4]
2026-07-10T06:16:33.553+08:00 DEBUG 26476 --- [           main] org.mybatis.spring.SqlSessionUtils       : Fetched SqlSession [org.apache.ibatis.session.defaults.DefaultSqlSession@a6204e4] from current transaction
2026-07-10T06:16:33.555+08:00 DEBUG 26476 --- [           main] c.x.s.m.MonthlyAssessmentMapper.update   : ==>  Preparing: UPDATE sp_monthly_assessment SET `year_month` = ?, supplier_name = ?, category = ?, total = ?, grade = ? WHERE id = ?
2026-07-10T06:16:33.555+08:00 DEBUG 26476 --- [           main] c.x.s.m.MonthlyAssessmentMapper.update   : ==> Parameters: 2026-03(String), 供应商_1783635393540(String), 牙膏(String), 0.00(BigDecimal), D级(String), 51(Long)
2026-07-10T06:16:33.558+08:00 DEBUG 26476 --- [           main] c.x.s.m.MonthlyAssessmentMapper.update   : <==    Updates: 1
2026-07-10T06:16:33.558+08:00 DEBUG 26476 --- [           main] org.mybatis.spring.SqlSessionUtils       : Releasing transactional SqlSession [org.apache.ibatis.session.defaults.DefaultSqlSession@a6204e4]
2026-07-10T06:16:33.558+08:00 DEBUG 26476 --- [           main] org.mybatis.spring.SqlSessionUtils       : Transaction synchronization committing SqlSession [org.apache.ibatis.session.defaults.DefaultSqlSession@a6204e4]
2026-07-10T06:16:33.558+08:00 DEBUG 26476 --- [           main] org.mybatis.spring.SqlSessionUtils       : Transaction synchronization deregistering SqlSession [org.apache.ibatis.session.defaults.DefaultSqlSession@a6204e4]
2026-07-10T06:16:33.558+08:00 DEBUG 26476 --- [           main] org.mybatis.spring.SqlSessionUtils       : Transaction synchronization closing SqlSession [org.apache.ibatis.session.defaults.DefaultSqlSession@a6204e4]
]]></system-out>
  </testcase>
  <testcase name="submit_Success" classname="com.xuena.supplier.service.MonthlyAssessmentServiceTest" time="0.024">
    <system-out><![CDATA[2026-07-10T06:16:33.567+08:00 DEBUG 26476 --- [           main] org.mybatis.spring.SqlSessionUtils       : Creating a new SqlSession
2026-07-10T06:16:33.567+08:00 DEBUG 26476 --- [           main] org.mybatis.spring.SqlSessionUtils       : Registering transaction synchronization for SqlSession [org.apache.ibatis.session.defaults.DefaultSqlSession@6f69e2d8]
2026-07-10T06:16:33.567+08:00 DEBUG 26476 --- [           main] o.m.s.t.SpringManagedTransaction         : JDBC Connection [HikariProxyConnection@892981061 wrapping com.mysql.cj.jdbc.ConnectionImpl@1fc0d9b4] will be managed by Spring
2026-07-10T06:16:33.567+08:00 DEBUG 26476 --- [           main] c.x.s.m.M.countByYearMonthAndSupplier    : ==>  Preparing: SELECT COUNT(*) FROM sp_monthly_assessment WHERE `year_month` = ? AND supplier_name = ? AND is_deleted = 0
2026-07-10T06:16:33.567+08:00 DEBUG 26476 --- [           main] c.x.s.m.M.countByYearMonthAndSupplier    : ==> Parameters: 2026-03(String), 供应商_1783635393567(String)
2026-07-10T06:16:33.569+08:00 DEBUG 26476 --- [           main] c.x.s.m.M.countByYearMonthAndSupplier    : <==      Total: 1
2026-07-10T06:16:33.569+08:00 DEBUG 26476 --- [           main] org.mybatis.spring.SqlSessionUtils       : Releasing transactional SqlSession [org.apache.ibatis.session.defaults.DefaultSqlSession@6f69e2d8]
2026-07-10T06:16:33.569+08:00 DEBUG 26476 --- [           main] org.mybatis.spring.SqlSessionUtils       : Fetched SqlSession [org.apache.ibatis.session.defaults.DefaultSqlSession@6f69e2d8] from current transaction
2026-07-10T06:16:33.569+08:00 DEBUG 26476 --- [           main] c.x.s.m.MonthlyAssessmentMapper.insert   : ==>  Preparing: INSERT INTO sp_monthly_assessment (`year_month`, supplier_name, category, total, grade, dimension_a, dimension_b, dimension_c, dimension_d, sub_a1, sub_a2, sub_a3, sub_a4, sub_b1, sub_b2, sub_b3, sub_b4, sub_b5, sub_c1, sub_c2, sub_c3, sub_d1a, sub_d1b, sub_d2a, sub_d2b, sub_d2c, sub_d2d, sub_d2e, conclusion, exception_quality, exception_cost, exception_delivery, exception_service_product, exception_service_package, exception_other, status, file_name) VALUES (?, ?, ?, ?, ?, ?, ?, ?, ?, ?, ?, ?, ?, ?, ?, ?, ?, ?, ?, ?, ?, ?, ?, ?, ?, ?, ?, ?, ?, ?, ?, ?, ?, ?, ?, ?, ?)
2026-07-10T06:16:33.570+08:00 DEBUG 26476 --- [           main] c.x.s.m.MonthlyAssessmentMapper.insert   : ==> Parameters: 2026-03(String), 供应商_1783635393567(String), null, 0.00(BigDecimal), D级(String), null, null, null, null, null, null, null, null, null, null, null, null, null, null, null, null, null, null, null, null, null, null, null, null, null, null, null, null, null, null, DRAFT(String), null
2026-07-10T06:16:33.573+08:00 DEBUG 26476 --- [           main] c.x.s.m.MonthlyAssessmentMapper.insert   : <==    Updates: 1
2026-07-10T06:16:33.573+08:00 DEBUG 26476 --- [           main] org.mybatis.spring.SqlSessionUtils       : Releasing transactional SqlSession [org.apache.ibatis.session.defaults.DefaultSqlSession@6f69e2d8]
2026-07-10T06:16:33.573+08:00 DEBUG 26476 --- [           main] org.mybatis.spring.SqlSessionUtils       : Transaction synchronization committing SqlSession [org.apache.ibatis.session.defaults.DefaultSqlSession@6f69e2d8]
2026-07-10T06:16:33.574+08:00 DEBUG 26476 --- [           main] org.mybatis.spring.SqlSessionUtils       : Transaction synchronization deregistering SqlSession [org.apache.ibatis.session.defaults.DefaultSqlSession@6f69e2d8]
2026-07-10T06:16:33.574+08:00 DEBUG 26476 --- [           main] org.mybatis.spring.SqlSessionUtils       : Transaction synchronization closing SqlSession [org.apache.ibatis.session.defaults.DefaultSqlSession@6f69e2d8]
2026-07-10T06:16:33.578+08:00 DEBUG 26476 --- [           main] org.mybatis.spring.SqlSessionUtils       : Creating a new SqlSession
2026-07-10T06:16:33.578+08:00 DEBUG 26476 --- [           main] org.mybatis.spring.SqlSessionUtils       : Registering transaction synchronization for SqlSession [org.apache.ibatis.session.defaults.DefaultSqlSession@64908ab9]
2026-07-10T06:16:33.578+08:00 DEBUG 26476 --- [           main] o.m.s.t.SpringManagedTransaction         : JDBC Connection [HikariProxyConnection@1526088147 wrapping com.mysql.cj.jdbc.ConnectionImpl@1fc0d9b4] will be managed by Spring
2026-07-10T06:16:33.578+08:00 DEBUG 26476 --- [           main] c.x.s.m.M.selectById                     : ==>  Preparing: SELECT * FROM sp_monthly_assessment WHERE id = ? AND is_deleted = 0
2026-07-10T06:16:33.578+08:00 DEBUG 26476 --- [           main] c.x.s.m.M.selectById                     : ==> Parameters: 52(Long)
2026-07-10T06:16:33.579+08:00 DEBUG 26476 --- [           main] c.x.s.m.M.selectById                     : <==      Total: 1
2026-07-10T06:16:33.579+08:00 DEBUG 26476 --- [           main] org.mybatis.spring.SqlSessionUtils       : Releasing transactional SqlSession [org.apache.ibatis.session.defaults.DefaultSqlSession@64908ab9]
2026-07-10T06:16:33.579+08:00 DEBUG 26476 --- [           main] org.mybatis.spring.SqlSessionUtils       : Fetched SqlSession [org.apache.ibatis.session.defaults.DefaultSqlSession@64908ab9] from current transaction
2026-07-10T06:16:33.579+08:00 DEBUG 26476 --- [           main] c.x.s.m.M.updateStatus                   : ==>  Preparing: UPDATE sp_monthly_assessment SET status = ? WHERE id = ?
2026-07-10T06:16:33.579+08:00 DEBUG 26476 --- [           main] c.x.s.m.M.updateStatus                   : ==> Parameters: SUBMITTED(String), 52(Long)
2026-07-10T06:16:33.580+08:00 DEBUG 26476 --- [           main] c.x.s.m.M.updateStatus                   : <==    Updates: 1
2026-07-10T06:16:33.580+08:00 DEBUG 26476 --- [           main] org.mybatis.spring.SqlSessionUtils       : Releasing transactional SqlSession [org.apache.ibatis.session.defaults.DefaultSqlSession@64908ab9]
2026-07-10T06:16:33.580+08:00 DEBUG 26476 --- [           main] org.mybatis.spring.SqlSessionUtils       : Transaction synchronization committing SqlSession [org.apache.ibatis.session.defaults.DefaultSqlSession@64908ab9]
2026-07-10T06:16:33.580+08:00 DEBUG 26476 --- [           main] org.mybatis.spring.SqlSessionUtils       : Transaction synchronization deregistering SqlSession [org.apache.ibatis.session.defaults.DefaultSqlSession@64908ab9]
2026-07-10T06:16:33.580+08:00 DEBUG 26476 --- [           main] org.mybatis.spring.SqlSessionUtils       : Transaction synchronization closing SqlSession [org.apache.ibatis.session.defaults.DefaultSqlSession@64908ab9]
2026-07-10T06:16:33.585+08:00 DEBUG 26476 --- [           main] org.mybatis.spring.SqlSessionUtils       : Creating a new SqlSession
2026-07-10T06:16:33.585+08:00 DEBUG 26476 --- [           main] org.mybatis.spring.SqlSessionUtils       : SqlSession [org.apache.ibatis.session.defaults.DefaultSqlSession@59043741] was not registered for synchronization because synchronization is not active
2026-07-10T06:16:33.585+08:00 DEBUG 26476 --- [           main] o.m.s.t.SpringManagedTransaction         : JDBC Connection [HikariProxyConnection@831786347 wrapping com.mysql.cj.jdbc.ConnectionImpl@1fc0d9b4] will not be managed by Spring
2026-07-10T06:16:33.585+08:00 DEBUG 26476 --- [           main] c.x.s.m.M.selectById                     : ==>  Preparing: SELECT * FROM sp_monthly_assessment WHERE id = ? AND is_deleted = 0
2026-07-10T06:16:33.585+08:00 DEBUG 26476 --- [           main] c.x.s.m.M.selectById                     : ==> Parameters: 52(Long)
2026-07-10T06:16:33.586+08:00 DEBUG 26476 --- [           main] c.x.s.m.M.selectById                     : <==      Total: 1
2026-07-10T06:16:33.586+08:00 DEBUG 26476 --- [           main] org.mybatis.spring.SqlSessionUtils       : Closing non transactional SqlSession [org.apache.ibatis.session.defaults.DefaultSqlSession@59043741]
]]></system-out>
  </testcase>
  <testcase name="create_Success" classname="com.xuena.supplier.service.MonthlyAssessmentServiceTest" time="0.011">
    <system-out><![CDATA[2026-07-10T06:16:33.592+08:00 DEBUG 26476 --- [           main] org.mybatis.spring.SqlSessionUtils       : Creating a new SqlSession
2026-07-10T06:16:33.592+08:00 DEBUG 26476 --- [           main] org.mybatis.spring.SqlSessionUtils       : Registering transaction synchronization for SqlSession [org.apache.ibatis.session.defaults.DefaultSqlSession@7d563c13]
2026-07-10T06:16:33.592+08:00 DEBUG 26476 --- [           main] o.m.s.t.SpringManagedTransaction         : JDBC Connection [HikariProxyConnection@352192603 wrapping com.mysql.cj.jdbc.ConnectionImpl@1fc0d9b4] will be managed by Spring
2026-07-10T06:16:33.592+08:00 DEBUG 26476 --- [           main] c.x.s.m.M.countByYearMonthAndSupplier    : ==>  Preparing: SELECT COUNT(*) FROM sp_monthly_assessment WHERE `year_month` = ? AND supplier_name = ? AND is_deleted = 0
2026-07-10T06:16:33.593+08:00 DEBUG 26476 --- [           main] c.x.s.m.M.countByYearMonthAndSupplier    : ==> Parameters: 2026-03(String), 供应商_1783635393591(String)
2026-07-10T06:16:33.594+08:00 DEBUG 26476 --- [           main] c.x.s.m.M.countByYearMonthAndSupplier    : <==      Total: 1
2026-07-10T06:16:33.594+08:00 DEBUG 26476 --- [           main] org.mybatis.spring.SqlSessionUtils       : Releasing transactional SqlSession [org.apache.ibatis.session.defaults.DefaultSqlSession@7d563c13]
2026-07-10T06:16:33.594+08:00 DEBUG 26476 --- [           main] org.mybatis.spring.SqlSessionUtils       : Fetched SqlSession [org.apache.ibatis.session.defaults.DefaultSqlSession@7d563c13] from current transaction
2026-07-10T06:16:33.594+08:00 DEBUG 26476 --- [           main] c.x.s.m.MonthlyAssessmentMapper.insert   : ==>  Preparing: INSERT INTO sp_monthly_assessment (`year_month`, supplier_name, category, total, grade, dimension_a, dimension_b, dimension_c, dimension_d, sub_a1, sub_a2, sub_a3, sub_a4, sub_b1, sub_b2, sub_b3, sub_b4, sub_b5, sub_c1, sub_c2, sub_c3, sub_d1a, sub_d1b, sub_d2a, sub_d2b, sub_d2c, sub_d2d, sub_d2e, conclusion, exception_quality, exception_cost, exception_delivery, exception_service_product, exception_service_package, exception_other, status, file_name) VALUES (?, ?, ?, ?, ?, ?, ?, ?, ?, ?, ?, ?, ?, ?, ?, ?, ?, ?, ?, ?, ?, ?, ?, ?, ?, ?, ?, ?, ?, ?, ?, ?, ?, ?, ?, ?, ?)
2026-07-10T06:16:33.594+08:00 DEBUG 26476 --- [           main] c.x.s.m.MonthlyAssessmentMapper.insert   : ==> Parameters: 2026-03(String), 供应商_1783635393591(String), 牙刷(String), 86.00(BigDecimal), B级(String), 20(BigDecimal), 18(BigDecimal), 18(BigDecimal), 30(BigDecimal), null, null, null, null, null, null, null, null, null, null, null, null, null, null, null, null, null, null, null, null, null, null, null, null, null, null, DRAFT(String), null
2026-07-10T06:16:33.595+08:00 DEBUG 26476 --- [           main] c.x.s.m.MonthlyAssessmentMapper.insert   : <==    Updates: 1
2026-07-10T06:16:33.595+08:00 DEBUG 26476 --- [           main] org.mybatis.spring.SqlSessionUtils       : Releasing transactional SqlSession [org.apache.ibatis.session.defaults.DefaultSqlSession@7d563c13]
2026-07-10T06:16:33.595+08:00 DEBUG 26476 --- [           main] org.mybatis.spring.SqlSessionUtils       : Transaction synchronization committing SqlSession [org.apache.ibatis.session.defaults.DefaultSqlSession@7d563c13]
2026-07-10T06:16:33.595+08:00 DEBUG 26476 --- [           main] org.mybatis.spring.SqlSessionUtils       : Transaction synchronization deregistering SqlSession [org.apache.ibatis.session.defaults.DefaultSqlSession@7d563c13]
2026-07-10T06:16:33.595+08:00 DEBUG 26476 --- [           main] org.mybatis.spring.SqlSessionUtils       : Transaction synchronization closing SqlSession [org.apache.ibatis.session.defaults.DefaultSqlSession@7d563c13]
]]></system-out>
  </testcase>
  <testcase name="list_Success" classname="com.xuena.supplier.service.MonthlyAssessmentServiceTest" time="0.035">
    <system-out><![CDATA[2026-07-10T06:16:33.604+08:00 DEBUG 26476 --- [           main] org.mybatis.spring.SqlSessionUtils       : Creating a new SqlSession
2026-07-10T06:16:33.604+08:00 DEBUG 26476 --- [           main] org.mybatis.spring.SqlSessionUtils       : Registering transaction synchronization for SqlSession [org.apache.ibatis.session.defaults.DefaultSqlSession@36857d32]
2026-07-10T06:16:33.605+08:00 DEBUG 26476 --- [           main] o.m.s.t.SpringManagedTransaction         : JDBC Connection [HikariProxyConnection@719882002 wrapping com.mysql.cj.jdbc.ConnectionImpl@1fc0d9b4] will be managed by Spring
2026-07-10T06:16:33.605+08:00 DEBUG 26476 --- [           main] c.x.s.m.M.countByYearMonthAndSupplier    : ==>  Preparing: SELECT COUNT(*) FROM sp_monthly_assessment WHERE `year_month` = ? AND supplier_name = ? AND is_deleted = 0
2026-07-10T06:16:33.605+08:00 DEBUG 26476 --- [           main] c.x.s.m.M.countByYearMonthAndSupplier    : ==> Parameters: 2026-03(String), 供应商_1783635393603(String)
2026-07-10T06:16:33.607+08:00 DEBUG 26476 --- [           main] c.x.s.m.M.countByYearMonthAndSupplier    : <==      Total: 1
2026-07-10T06:16:33.607+08:00 DEBUG 26476 --- [           main] org.mybatis.spring.SqlSessionUtils       : Releasing transactional SqlSession [org.apache.ibatis.session.defaults.DefaultSqlSession@36857d32]
2026-07-10T06:16:33.607+08:00 DEBUG 26476 --- [           main] org.mybatis.spring.SqlSessionUtils       : Fetched SqlSession [org.apache.ibatis.session.defaults.DefaultSqlSession@36857d32] from current transaction
2026-07-10T06:16:33.607+08:00 DEBUG 26476 --- [           main] c.x.s.m.MonthlyAssessmentMapper.insert   : ==>  Preparing: INSERT INTO sp_monthly_assessment (`year_month`, supplier_name, category, total, grade, dimension_a, dimension_b, dimension_c, dimension_d, sub_a1, sub_a2, sub_a3, sub_a4, sub_b1, sub_b2, sub_b3, sub_b4, sub_b5, sub_c1, sub_c2, sub_c3, sub_d1a, sub_d1b, sub_d2a, sub_d2b, sub_d2c, sub_d2d, sub_d2e, conclusion, exception_quality, exception_cost, exception_delivery, exception_service_product, exception_service_package, exception_other, status, file_name) VALUES (?, ?, ?, ?, ?, ?, ?, ?, ?, ?, ?, ?, ?, ?, ?, ?, ?, ?, ?, ?, ?, ?, ?, ?, ?, ?, ?, ?, ?, ?, ?, ?, ?, ?, ?, ?, ?)
2026-07-10T06:16:33.607+08:00 DEBUG 26476 --- [           main] c.x.s.m.MonthlyAssessmentMapper.insert   : ==> Parameters: 2026-03(String), 供应商_1783635393603(String), null, 0.00(BigDecimal), D级(String), null, null, null, null, null, null, null, null, null, null, null, null, null, null, null, null, null, null, null, null, null, null, null, null, null, null, null, null, null, null, DRAFT(String), null
2026-07-10T06:16:33.607+08:00 DEBUG 26476 --- [           main] c.x.s.m.MonthlyAssessmentMapper.insert   : <==    Updates: 1
2026-07-10T06:16:33.607+08:00 DEBUG 26476 --- [           main] org.mybatis.spring.SqlSessionUtils       : Releasing transactional SqlSession [org.apache.ibatis.session.defaults.DefaultSqlSession@36857d32]
2026-07-10T06:16:33.607+08:00 DEBUG 26476 --- [           main] org.mybatis.spring.SqlSessionUtils       : Transaction synchronization committing SqlSession [org.apache.ibatis.session.defaults.DefaultSqlSession@36857d32]
2026-07-10T06:16:33.607+08:00 DEBUG 26476 --- [           main] org.mybatis.spring.SqlSessionUtils       : Transaction synchronization deregistering SqlSession [org.apache.ibatis.session.defaults.DefaultSqlSession@36857d32]
2026-07-10T06:16:33.607+08:00 DEBUG 26476 --- [           main] org.mybatis.spring.SqlSessionUtils       : Transaction synchronization closing SqlSession [org.apache.ibatis.session.defaults.DefaultSqlSession@36857d32]
2026-07-10T06:16:33.614+08:00 DEBUG 26476 --- [           main] org.mybatis.spring.SqlSessionUtils       : Creating a new SqlSession
2026-07-10T06:16:33.614+08:00 DEBUG 26476 --- [           main] org.mybatis.spring.SqlSessionUtils       : SqlSession [org.apache.ibatis.session.defaults.DefaultSqlSession@57ab4b33] was not registered for synchronization because synchronization is not active
2026-07-10T06:16:33.614+08:00 DEBUG 26476 --- [           main] o.m.s.t.SpringManagedTransaction         : JDBC Connection [HikariProxyConnection@1135798235 wrapping com.mysql.cj.jdbc.ConnectionImpl@1fc0d9b4] will not be managed by Spring
2026-07-10T06:16:33.614+08:00 DEBUG 26476 --- [           main] c.x.s.m.M.selectList                     : ==>  Preparing: SELECT * FROM sp_monthly_assessment WHERE is_deleted = 0 ORDER BY `year_month` DESC, gmt_create DESC
2026-07-10T06:16:33.617+08:00 DEBUG 26476 --- [           main] c.x.s.m.M.selectList                     : ==> Parameters: 
2026-07-10T06:16:33.634+08:00 DEBUG 26476 --- [           main] c.x.s.m.M.selectList                     : <==      Total: 52
2026-07-10T06:16:33.634+08:00 DEBUG 26476 --- [           main] org.mybatis.spring.SqlSessionUtils       : Closing non transactional SqlSession [org.apache.ibatis.session.defaults.DefaultSqlSession@57ab4b33]
]]></system-out>
  </testcase>
  <testcase name="lock_Success" classname="com.xuena.supplier.service.MonthlyAssessmentServiceTest" time="0.02">
    <system-out><![CDATA[2026-07-10T06:16:33.640+08:00 DEBUG 26476 --- [           main] org.mybatis.spring.SqlSessionUtils       : Creating a new SqlSession
2026-07-10T06:16:33.640+08:00 DEBUG 26476 --- [           main] org.mybatis.spring.SqlSessionUtils       : Registering transaction synchronization for SqlSession [org.apache.ibatis.session.defaults.DefaultSqlSession@3fb1948c]
2026-07-10T06:16:33.640+08:00 DEBUG 26476 --- [           main] o.m.s.t.SpringManagedTransaction         : JDBC Connection [HikariProxyConnection@588054843 wrapping com.mysql.cj.jdbc.ConnectionImpl@1fc0d9b4] will be managed by Spring
2026-07-10T06:16:33.640+08:00 DEBUG 26476 --- [           main] c.x.s.m.M.countByYearMonthAndSupplier    : ==>  Preparing: SELECT COUNT(*) FROM sp_monthly_assessment WHERE `year_month` = ? AND supplier_name = ? AND is_deleted = 0
2026-07-10T06:16:33.642+08:00 DEBUG 26476 --- [           main] c.x.s.m.M.countByYearMonthAndSupplier    : ==> Parameters: 2026-03(String), 供应商_1783635393640(String)
2026-07-10T06:16:33.643+08:00 DEBUG 26476 --- [           main] c.x.s.m.M.countByYearMonthAndSupplier    : <==      Total: 1
2026-07-10T06:16:33.643+08:00 DEBUG 26476 --- [           main] org.mybatis.spring.SqlSessionUtils       : Releasing transactional SqlSession [org.apache.ibatis.session.defaults.DefaultSqlSession@3fb1948c]
2026-07-10T06:16:33.643+08:00 DEBUG 26476 --- [           main] org.mybatis.spring.SqlSessionUtils       : Fetched SqlSession [org.apache.ibatis.session.defaults.DefaultSqlSession@3fb1948c] from current transaction
2026-07-10T06:16:33.643+08:00 DEBUG 26476 --- [           main] c.x.s.m.MonthlyAssessmentMapper.insert   : ==>  Preparing: INSERT INTO sp_monthly_assessment (`year_month`, supplier_name, category, total, grade, dimension_a, dimension_b, dimension_c, dimension_d, sub_a1, sub_a2, sub_a3, sub_a4, sub_b1, sub_b2, sub_b3, sub_b4, sub_b5, sub_c1, sub_c2, sub_c3, sub_d1a, sub_d1b, sub_d2a, sub_d2b, sub_d2c, sub_d2d, sub_d2e, conclusion, exception_quality, exception_cost, exception_delivery, exception_service_product, exception_service_package, exception_other, status, file_name) VALUES (?, ?, ?, ?, ?, ?, ?, ?, ?, ?, ?, ?, ?, ?, ?, ?, ?, ?, ?, ?, ?, ?, ?, ?, ?, ?, ?, ?, ?, ?, ?, ?, ?, ?, ?, ?, ?)
2026-07-10T06:16:33.643+08:00 DEBUG 26476 --- [           main] c.x.s.m.MonthlyAssessmentMapper.insert   : ==> Parameters: 2026-03(String), 供应商_1783635393640(String), null, 0.00(BigDecimal), D级(String), null, null, null, null, null, null, null, null, null, null, null, null, null, null, null, null, null, null, null, null, null, null, null, null, null, null, null, null, null, null, DRAFT(String), null
2026-07-10T06:16:33.645+08:00 DEBUG 26476 --- [           main] c.x.s.m.MonthlyAssessmentMapper.insert   : <==    Updates: 1
2026-07-10T06:16:33.645+08:00 DEBUG 26476 --- [           main] org.mybatis.spring.SqlSessionUtils       : Releasing transactional SqlSession [org.apache.ibatis.session.defaults.DefaultSqlSession@3fb1948c]
2026-07-10T06:16:33.645+08:00 DEBUG 26476 --- [           main] org.mybatis.spring.SqlSessionUtils       : Transaction synchronization committing SqlSession [org.apache.ibatis.session.defaults.DefaultSqlSession@3fb1948c]
2026-07-10T06:16:33.645+08:00 DEBUG 26476 --- [           main] org.mybatis.spring.SqlSessionUtils       : Transaction synchronization deregistering SqlSession [org.apache.ibatis.session.defaults.DefaultSqlSession@3fb1948c]
2026-07-10T06:16:33.645+08:00 DEBUG 26476 --- [           main] org.mybatis.spring.SqlSessionUtils       : Transaction synchronization closing SqlSession [org.apache.ibatis.session.defaults.DefaultSqlSession@3fb1948c]
2026-07-10T06:16:33.650+08:00 DEBUG 26476 --- [           main] org.mybatis.spring.SqlSessionUtils       : Creating a new SqlSession
2026-07-10T06:16:33.650+08:00 DEBUG 26476 --- [           main] org.mybatis.spring.SqlSessionUtils       : Registering transaction synchronization for SqlSession [org.apache.ibatis.session.defaults.DefaultSqlSession@220f6a3c]
2026-07-10T06:16:33.650+08:00 DEBUG 26476 --- [           main] o.m.s.t.SpringManagedTransaction         : JDBC Connection [HikariProxyConnection@642296347 wrapping com.mysql.cj.jdbc.ConnectionImpl@1fc0d9b4] will be managed by Spring
2026-07-10T06:16:33.650+08:00 DEBUG 26476 --- [           main] c.x.s.m.M.selectById                     : ==>  Preparing: SELECT * FROM sp_monthly_assessment WHERE id = ? AND is_deleted = 0
2026-07-10T06:16:33.650+08:00 DEBUG 26476 --- [           main] c.x.s.m.M.selectById                     : ==> Parameters: 55(Long)
2026-07-10T06:16:33.652+08:00 DEBUG 26476 --- [           main] c.x.s.m.M.selectById                     : <==      Total: 1
2026-07-10T06:16:33.652+08:00 DEBUG 26476 --- [           main] org.mybatis.spring.SqlSessionUtils       : Releasing transactional SqlSession [org.apache.ibatis.session.defaults.DefaultSqlSession@220f6a3c]
2026-07-10T06:16:33.652+08:00 DEBUG 26476 --- [           main] org.mybatis.spring.SqlSessionUtils       : Fetched SqlSession [org.apache.ibatis.session.defaults.DefaultSqlSession@220f6a3c] from current transaction
2026-07-10T06:16:33.652+08:00 DEBUG 26476 --- [           main] c.x.s.m.M.updateStatus                   : ==>  Preparing: UPDATE sp_monthly_assessment SET status = ? WHERE id = ?
2026-07-10T06:16:33.652+08:00 DEBUG 26476 --- [           main] c.x.s.m.M.updateStatus                   : ==> Parameters: LOCKED(String), 55(Long)
2026-07-10T06:16:33.654+08:00 DEBUG 26476 --- [           main] c.x.s.m.M.updateStatus                   : <==    Updates: 1
2026-07-10T06:16:33.655+08:00 DEBUG 26476 --- [           main] org.mybatis.spring.SqlSessionUtils       : Releasing transactional SqlSession [org.apache.ibatis.session.defaults.DefaultSqlSession@220f6a3c]
2026-07-10T06:16:33.655+08:00 DEBUG 26476 --- [           main] org.mybatis.spring.SqlSessionUtils       : Transaction synchronization committing SqlSession [org.apache.ibatis.session.defaults.DefaultSqlSession@220f6a3c]
2026-07-10T06:16:33.655+08:00 DEBUG 26476 --- [           main] org.mybatis.spring.SqlSessionUtils       : Transaction synchronization deregistering SqlSession [org.apache.ibatis.session.defaults.DefaultSqlSession@220f6a3c]
2026-07-10T06:16:33.655+08:00 DEBUG 26476 --- [           main] org.mybatis.spring.SqlSessionUtils       : Transaction synchronization closing SqlSession [org.apache.ibatis.session.defaults.DefaultSqlSession@220f6a3c]
2026-07-10T06:16:33.659+08:00 DEBUG 26476 --- [           main] org.mybatis.spring.SqlSessionUtils       : Creating a new SqlSession
2026-07-10T06:16:33.659+08:00 DEBUG 26476 --- [           main] org.mybatis.spring.SqlSessionUtils       : SqlSession [org.apache.ibatis.session.defaults.DefaultSqlSession@4f55a864] was not registered for synchronization because synchronization is not active
2026-07-10T06:16:33.659+08:00 DEBUG 26476 --- [           main] o.m.s.t.SpringManagedTransaction         : JDBC Connection [HikariProxyConnection@741268455 wrapping com.mysql.cj.jdbc.ConnectionImpl@1fc0d9b4] will not be managed by Spring
2026-07-10T06:16:33.659+08:00 DEBUG 26476 --- [           main] c.x.s.m.M.selectById                     : ==>  Preparing: SELECT * FROM sp_monthly_assessment WHERE id = ? AND is_deleted = 0
2026-07-10T06:16:33.659+08:00 DEBUG 26476 --- [           main] c.x.s.m.M.selectById                     : ==> Parameters: 55(Long)
2026-07-10T06:16:33.659+08:00 DEBUG 26476 --- [           main] c.x.s.m.M.selectById                     : <==      Total: 1
2026-07-10T06:16:33.659+08:00 DEBUG 26476 --- [           main] org.mybatis.spring.SqlSessionUtils       : Closing non transactional SqlSession [org.apache.ibatis.session.defaults.DefaultSqlSession@4f55a864]
]]></system-out>
  </testcase>
  <testcase name="getById_Success" classname="com.xuena.supplier.service.MonthlyAssessmentServiceTest" time="0.014">
    <system-out><![CDATA[2026-07-10T06:16:33.663+08:00 DEBUG 26476 --- [           main] org.mybatis.spring.SqlSessionUtils       : Creating a new SqlSession
2026-07-10T06:16:33.663+08:00 DEBUG 26476 --- [           main] org.mybatis.spring.SqlSessionUtils       : Registering transaction synchronization for SqlSession [org.apache.ibatis.session.defaults.DefaultSqlSession@4ba1f425]
2026-07-10T06:16:33.666+08:00 DEBUG 26476 --- [           main] o.m.s.t.SpringManagedTransaction         : JDBC Connection [HikariProxyConnection@1946055811 wrapping com.mysql.cj.jdbc.ConnectionImpl@1fc0d9b4] will be managed by Spring
2026-07-10T06:16:33.666+08:00 DEBUG 26476 --- [           main] c.x.s.m.M.countByYearMonthAndSupplier    : ==>  Preparing: SELECT COUNT(*) FROM sp_monthly_assessment WHERE `year_month` = ? AND supplier_name = ? AND is_deleted = 0
2026-07-10T06:16:33.666+08:00 DEBUG 26476 --- [           main] c.x.s.m.M.countByYearMonthAndSupplier    : ==> Parameters: 2026-03(String), 供应商_1783635393663(String)
2026-07-10T06:16:33.667+08:00 DEBUG 26476 --- [           main] c.x.s.m.M.countByYearMonthAndSupplier    : <==      Total: 1
2026-07-10T06:16:33.667+08:00 DEBUG 26476 --- [           main] org.mybatis.spring.SqlSessionUtils       : Releasing transactional SqlSession [org.apache.ibatis.session.defaults.DefaultSqlSession@4ba1f425]
2026-07-10T06:16:33.667+08:00 DEBUG 26476 --- [           main] org.mybatis.spring.SqlSessionUtils       : Fetched SqlSession [org.apache.ibatis.session.defaults.DefaultSqlSession@4ba1f425] from current transaction
2026-07-10T06:16:33.667+08:00 DEBUG 26476 --- [           main] c.x.s.m.MonthlyAssessmentMapper.insert   : ==>  Preparing: INSERT INTO sp_monthly_assessment (`year_month`, supplier_name, category, total, grade, dimension_a, dimension_b, dimension_c, dimension_d, sub_a1, sub_a2, sub_a3, sub_a4, sub_b1, sub_b2, sub_b3, sub_b4, sub_b5, sub_c1, sub_c2, sub_c3, sub_d1a, sub_d1b, sub_d2a, sub_d2b, sub_d2c, sub_d2d, sub_d2e, conclusion, exception_quality, exception_cost, exception_delivery, exception_service_product, exception_service_package, exception_other, status, file_name) VALUES (?, ?, ?, ?, ?, ?, ?, ?, ?, ?, ?, ?, ?, ?, ?, ?, ?, ?, ?, ?, ?, ?, ?, ?, ?, ?, ?, ?, ?, ?, ?, ?, ?, ?, ?, ?, ?)
2026-07-10T06:16:33.667+08:00 DEBUG 26476 --- [           main] c.x.s.m.MonthlyAssessmentMapper.insert   : ==> Parameters: 2026-03(String), 供应商_1783635393663(String), null, 0.00(BigDecimal), D级(String), null, null, null, null, null, null, null, null, null, null, null, null, null, null, null, null, null, null, null, null, null, null, null, null, null, null, null, null, null, null, DRAFT(String), null
2026-07-10T06:16:33.667+08:00 DEBUG 26476 --- [           main] c.x.s.m.MonthlyAssessmentMapper.insert   : <==    Updates: 1
2026-07-10T06:16:33.667+08:00 DEBUG 26476 --- [           main] org.mybatis.spring.SqlSessionUtils       : Releasing transactional SqlSession [org.apache.ibatis.session.defaults.DefaultSqlSession@4ba1f425]
2026-07-10T06:16:33.667+08:00 DEBUG 26476 --- [           main] org.mybatis.spring.SqlSessionUtils       : Transaction synchronization committing SqlSession [org.apache.ibatis.session.defaults.DefaultSqlSession@4ba1f425]
2026-07-10T06:16:33.667+08:00 DEBUG 26476 --- [           main] org.mybatis.spring.SqlSessionUtils       : Transaction synchronization deregistering SqlSession [org.apache.ibatis.session.defaults.DefaultSqlSession@4ba1f425]
2026-07-10T06:16:33.667+08:00 DEBUG 26476 --- [           main] org.mybatis.spring.SqlSessionUtils       : Transaction synchronization closing SqlSession [org.apache.ibatis.session.defaults.DefaultSqlSession@4ba1f425]
2026-07-10T06:16:33.674+08:00 DEBUG 26476 --- [           main] org.mybatis.spring.SqlSessionUtils       : Creating a new SqlSession
2026-07-10T06:16:33.674+08:00 DEBUG 26476 --- [           main] org.mybatis.spring.SqlSessionUtils       : SqlSession [org.apache.ibatis.session.defaults.DefaultSqlSession@5703c1fb] was not registered for synchronization because synchronization is not active
2026-07-10T06:16:33.674+08:00 DEBUG 26476 --- [           main] o.m.s.t.SpringManagedTransaction         : JDBC Connection [HikariProxyConnection@2100028185 wrapping com.mysql.cj.jdbc.ConnectionImpl@1fc0d9b4] will not be managed by Spring
2026-07-10T06:16:33.674+08:00 DEBUG 26476 --- [           main] c.x.s.m.M.selectById                     : ==>  Preparing: SELECT * FROM sp_monthly_assessment WHERE id = ? AND is_deleted = 0
2026-07-10T06:16:33.675+08:00 DEBUG 26476 --- [           main] c.x.s.m.M.selectById                     : ==> Parameters: 56(Long)
2026-07-10T06:16:33.676+08:00 DEBUG 26476 --- [           main] c.x.s.m.M.selectById                     : <==      Total: 1
2026-07-10T06:16:33.676+08:00 DEBUG 26476 --- [           main] org.mybatis.spring.SqlSessionUtils       : Closing non transactional SqlSession [org.apache.ibatis.session.defaults.DefaultSqlSession@5703c1fb]
]]></system-out>
  </testcase>
  <testcase name="getById_NotFound_ThrowsException" classname="com.xuena.supplier.service.MonthlyAssessmentServiceTest" time="0.003">
    <system-out><![CDATA[2026-07-10T06:16:33.678+08:00 DEBUG 26476 --- [           main] org.mybatis.spring.SqlSessionUtils       : Creating a new SqlSession
2026-07-10T06:16:33.679+08:00 DEBUG 26476 --- [           main] org.mybatis.spring.SqlSessionUtils       : SqlSession [org.apache.ibatis.session.defaults.DefaultSqlSession@64381526] was not registered for synchronization because synchronization is not active
2026-07-10T06:16:33.679+08:00 DEBUG 26476 --- [           main] o.m.s.t.SpringManagedTransaction         : JDBC Connection [HikariProxyConnection@1177092499 wrapping com.mysql.cj.jdbc.ConnectionImpl@1fc0d9b4] will not be managed by Spring
2026-07-10T06:16:33.679+08:00 DEBUG 26476 --- [           main] c.x.s.m.M.selectById                     : ==>  Preparing: SELECT * FROM sp_monthly_assessment WHERE id = ? AND is_deleted = 0
2026-07-10T06:16:33.679+08:00 DEBUG 26476 --- [           main] c.x.s.m.M.selectById                     : ==> Parameters: 999999(Long)
2026-07-10T06:16:33.680+08:00 DEBUG 26476 --- [           main] c.x.s.m.M.selectById                     : <==      Total: 0
2026-07-10T06:16:33.680+08:00 DEBUG 26476 --- [           main] org.mybatis.spring.SqlSessionUtils       : Closing non transactional SqlSession [org.apache.ibatis.session.defaults.DefaultSqlSession@64381526]
]]></system-out>
  </testcase>
  <testcase name="delete_Success" classname="com.xuena.supplier.service.MonthlyAssessmentServiceTest" time="0.016">
    <system-out><![CDATA[2026-07-10T06:16:33.683+08:00 DEBUG 26476 --- [           main] org.mybatis.spring.SqlSessionUtils       : Creating a new SqlSession
2026-07-10T06:16:33.683+08:00 DEBUG 26476 --- [           main] org.mybatis.spring.SqlSessionUtils       : Registering transaction synchronization for SqlSession [org.apache.ibatis.session.defaults.DefaultSqlSession@2fc435e9]
2026-07-10T06:16:33.683+08:00 DEBUG 26476 --- [           main] o.m.s.t.SpringManagedTransaction         : JDBC Connection [HikariProxyConnection@98183526 wrapping com.mysql.cj.jdbc.ConnectionImpl@1fc0d9b4] will be managed by Spring
2026-07-10T06:16:33.683+08:00 DEBUG 26476 --- [           main] c.x.s.m.M.countByYearMonthAndSupplier    : ==>  Preparing: SELECT COUNT(*) FROM sp_monthly_assessment WHERE `year_month` = ? AND supplier_name = ? AND is_deleted = 0
2026-07-10T06:16:33.683+08:00 DEBUG 26476 --- [           main] c.x.s.m.M.countByYearMonthAndSupplier    : ==> Parameters: 2026-03(String), 供应商_1783635393681(String)
2026-07-10T06:16:33.684+08:00 DEBUG 26476 --- [           main] c.x.s.m.M.countByYearMonthAndSupplier    : <==      Total: 1
2026-07-10T06:16:33.684+08:00 DEBUG 26476 --- [           main] org.mybatis.spring.SqlSessionUtils       : Releasing transactional SqlSession [org.apache.ibatis.session.defaults.DefaultSqlSession@2fc435e9]
2026-07-10T06:16:33.684+08:00 DEBUG 26476 --- [           main] org.mybatis.spring.SqlSessionUtils       : Fetched SqlSession [org.apache.ibatis.session.defaults.DefaultSqlSession@2fc435e9] from current transaction
2026-07-10T06:16:33.684+08:00 DEBUG 26476 --- [           main] c.x.s.m.MonthlyAssessmentMapper.insert   : ==>  Preparing: INSERT INTO sp_monthly_assessment (`year_month`, supplier_name, category, total, grade, dimension_a, dimension_b, dimension_c, dimension_d, sub_a1, sub_a2, sub_a3, sub_a4, sub_b1, sub_b2, sub_b3, sub_b4, sub_b5, sub_c1, sub_c2, sub_c3, sub_d1a, sub_d1b, sub_d2a, sub_d2b, sub_d2c, sub_d2d, sub_d2e, conclusion, exception_quality, exception_cost, exception_delivery, exception_service_product, exception_service_package, exception_other, status, file_name) VALUES (?, ?, ?, ?, ?, ?, ?, ?, ?, ?, ?, ?, ?, ?, ?, ?, ?, ?, ?, ?, ?, ?, ?, ?, ?, ?, ?, ?, ?, ?, ?, ?, ?, ?, ?, ?, ?)
2026-07-10T06:16:33.684+08:00 DEBUG 26476 --- [           main] c.x.s.m.MonthlyAssessmentMapper.insert   : ==> Parameters: 2026-03(String), 供应商_1783635393681(String), null, 0.00(BigDecimal), D级(String), null, null, null, null, null, null, null, null, null, null, null, null, null, null, null, null, null, null, null, null, null, null, null, null, null, null, null, null, null, null, DRAFT(String), null
2026-07-10T06:16:33.685+08:00 DEBUG 26476 --- [           main] c.x.s.m.MonthlyAssessmentMapper.insert   : <==    Updates: 1
2026-07-10T06:16:33.685+08:00 DEBUG 26476 --- [           main] org.mybatis.spring.SqlSessionUtils       : Releasing transactional SqlSession [org.apache.ibatis.session.defaults.DefaultSqlSession@2fc435e9]
2026-07-10T06:16:33.685+08:00 DEBUG 26476 --- [           main] org.mybatis.spring.SqlSessionUtils       : Transaction synchronization committing SqlSession [org.apache.ibatis.session.defaults.DefaultSqlSession@2fc435e9]
2026-07-10T06:16:33.685+08:00 DEBUG 26476 --- [           main] org.mybatis.spring.SqlSessionUtils       : Transaction synchronization deregistering SqlSession [org.apache.ibatis.session.defaults.DefaultSqlSession@2fc435e9]
2026-07-10T06:16:33.685+08:00 DEBUG 26476 --- [           main] org.mybatis.spring.SqlSessionUtils       : Transaction synchronization closing SqlSession [org.apache.ibatis.session.defaults.DefaultSqlSession@2fc435e9]
2026-07-10T06:16:33.690+08:00 DEBUG 26476 --- [           main] org.mybatis.spring.SqlSessionUtils       : Creating a new SqlSession
2026-07-10T06:16:33.690+08:00 DEBUG 26476 --- [           main] org.mybatis.spring.SqlSessionUtils       : Registering transaction synchronization for SqlSession [org.apache.ibatis.session.defaults.DefaultSqlSession@4edde05c]
2026-07-10T06:16:33.690+08:00 DEBUG 26476 --- [           main] o.m.s.t.SpringManagedTransaction         : JDBC Connection [HikariProxyConnection@2144211049 wrapping com.mysql.cj.jdbc.ConnectionImpl@1fc0d9b4] will be managed by Spring
2026-07-10T06:16:33.690+08:00 DEBUG 26476 --- [           main] c.x.s.m.M.selectById                     : ==>  Preparing: SELECT * FROM sp_monthly_assessment WHERE id = ? AND is_deleted = 0
2026-07-10T06:16:33.691+08:00 DEBUG 26476 --- [           main] c.x.s.m.M.selectById                     : ==> Parameters: 57(Long)
2026-07-10T06:16:33.691+08:00 DEBUG 26476 --- [           main] c.x.s.m.M.selectById                     : <==      Total: 1
2026-07-10T06:16:33.691+08:00 DEBUG 26476 --- [           main] org.mybatis.spring.SqlSessionUtils       : Releasing transactional SqlSession [org.apache.ibatis.session.defaults.DefaultSqlSession@4edde05c]
2026-07-10T06:16:33.691+08:00 DEBUG 26476 --- [           main] org.mybatis.spring.SqlSessionUtils       : Fetched SqlSession [org.apache.ibatis.session.defaults.DefaultSqlSession@4edde05c] from current transaction
2026-07-10T06:16:33.691+08:00 DEBUG 26476 --- [           main] c.x.s.m.MonthlyAssessmentMapper.delete   : ==>  Preparing: UPDATE sp_monthly_assessment SET is_deleted = 1 WHERE id = ?
2026-07-10T06:16:33.691+08:00 DEBUG 26476 --- [           main] c.x.s.m.MonthlyAssessmentMapper.delete   : ==> Parameters: 57(Long)
2026-07-10T06:16:33.692+08:00 DEBUG 26476 --- [           main] c.x.s.m.MonthlyAssessmentMapper.delete   : <==    Updates: 1
2026-07-10T06:16:33.693+08:00 DEBUG 26476 --- [           main] org.mybatis.spring.SqlSessionUtils       : Releasing transactional SqlSession [org.apache.ibatis.session.defaults.DefaultSqlSession@4edde05c]
2026-07-10T06:16:33.693+08:00 DEBUG 26476 --- [           main] org.mybatis.spring.SqlSessionUtils       : Transaction synchronization committing SqlSession [org.apache.ibatis.session.defaults.DefaultSqlSession@4edde05c]
2026-07-10T06:16:33.693+08:00 DEBUG 26476 --- [           main] org.mybatis.spring.SqlSessionUtils       : Transaction synchronization deregistering SqlSession [org.apache.ibatis.session.defaults.DefaultSqlSession@4edde05c]
2026-07-10T06:16:33.693+08:00 DEBUG 26476 --- [           main] org.mybatis.spring.SqlSessionUtils       : Transaction synchronization closing SqlSession [org.apache.ibatis.session.defaults.DefaultSqlSession@4edde05c]
]]></system-out>
  </testcase>
  <testcase name="delete_Locked_ThrowsException" classname="com.xuena.supplier.service.MonthlyAssessmentServiceTest" time="0.016">
    <system-out><![CDATA[2026-07-10T06:16:33.699+08:00 DEBUG 26476 --- [           main] org.mybatis.spring.SqlSessionUtils       : Creating a new SqlSession
2026-07-10T06:16:33.700+08:00 DEBUG 26476 --- [           main] org.mybatis.spring.SqlSessionUtils       : Registering transaction synchronization for SqlSession [org.apache.ibatis.session.defaults.DefaultSqlSession@57a0c261]
2026-07-10T06:16:33.700+08:00 DEBUG 26476 --- [           main] o.m.s.t.SpringManagedTransaction         : JDBC Connection [HikariProxyConnection@698212351 wrapping com.mysql.cj.jdbc.ConnectionImpl@1fc0d9b4] will be managed by Spring
2026-07-10T06:16:33.700+08:00 DEBUG 26476 --- [           main] c.x.s.m.M.countByYearMonthAndSupplier    : ==>  Preparing: SELECT COUNT(*) FROM sp_monthly_assessment WHERE `year_month` = ? AND supplier_name = ? AND is_deleted = 0
2026-07-10T06:16:33.700+08:00 DEBUG 26476 --- [           main] c.x.s.m.M.countByYearMonthAndSupplier    : ==> Parameters: 2026-03(String), 供应商_1783635393699(String)
2026-07-10T06:16:33.700+08:00 DEBUG 26476 --- [           main] c.x.s.m.M.countByYearMonthAndSupplier    : <==      Total: 1
2026-07-10T06:16:33.700+08:00 DEBUG 26476 --- [           main] org.mybatis.spring.SqlSessionUtils       : Releasing transactional SqlSession [org.apache.ibatis.session.defaults.DefaultSqlSession@57a0c261]
2026-07-10T06:16:33.700+08:00 DEBUG 26476 --- [           main] org.mybatis.spring.SqlSessionUtils       : Fetched SqlSession [org.apache.ibatis.session.defaults.DefaultSqlSession@57a0c261] from current transaction
2026-07-10T06:16:33.700+08:00 DEBUG 26476 --- [           main] c.x.s.m.MonthlyAssessmentMapper.insert   : ==>  Preparing: INSERT INTO sp_monthly_assessment (`year_month`, supplier_name, category, total, grade, dimension_a, dimension_b, dimension_c, dimension_d, sub_a1, sub_a2, sub_a3, sub_a4, sub_b1, sub_b2, sub_b3, sub_b4, sub_b5, sub_c1, sub_c2, sub_c3, sub_d1a, sub_d1b, sub_d2a, sub_d2b, sub_d2c, sub_d2d, sub_d2e, conclusion, exception_quality, exception_cost, exception_delivery, exception_service_product, exception_service_package, exception_other, status, file_name) VALUES (?, ?, ?, ?, ?, ?, ?, ?, ?, ?, ?, ?, ?, ?, ?, ?, ?, ?, ?, ?, ?, ?, ?, ?, ?, ?, ?, ?, ?, ?, ?, ?, ?, ?, ?, ?, ?)
2026-07-10T06:16:33.700+08:00 DEBUG 26476 --- [           main] c.x.s.m.MonthlyAssessmentMapper.insert   : ==> Parameters: 2026-03(String), 供应商_1783635393699(String), null, 0.00(BigDecimal), D级(String), null, null, null, null, null, null, null, null, null, null, null, null, null, null, null, null, null, null, null, null, null, null, null, null, null, null, null, null, null, null, DRAFT(String), null
2026-07-10T06:16:33.701+08:00 DEBUG 26476 --- [           main] c.x.s.m.MonthlyAssessmentMapper.insert   : <==    Updates: 1
2026-07-10T06:16:33.701+08:00 DEBUG 26476 --- [           main] org.mybatis.spring.SqlSessionUtils       : Releasing transactional SqlSession [org.apache.ibatis.session.defaults.DefaultSqlSession@57a0c261]
2026-07-10T06:16:33.701+08:00 DEBUG 26476 --- [           main] org.mybatis.spring.SqlSessionUtils       : Transaction synchronization committing SqlSession [org.apache.ibatis.session.defaults.DefaultSqlSession@57a0c261]
2026-07-10T06:16:33.701+08:00 DEBUG 26476 --- [           main] org.mybatis.spring.SqlSessionUtils       : Transaction synchronization deregistering SqlSession [org.apache.ibatis.session.defaults.DefaultSqlSession@57a0c261]
2026-07-10T06:16:33.701+08:00 DEBUG 26476 --- [           main] org.mybatis.spring.SqlSessionUtils       : Transaction synchronization closing SqlSession [org.apache.ibatis.session.defaults.DefaultSqlSession@57a0c261]
2026-07-10T06:16:33.706+08:00 DEBUG 26476 --- [           main] org.mybatis.spring.SqlSessionUtils       : Creating a new SqlSession
2026-07-10T06:16:33.706+08:00 DEBUG 26476 --- [           main] org.mybatis.spring.SqlSessionUtils       : Registering transaction synchronization for SqlSession [org.apache.ibatis.session.defaults.DefaultSqlSession@57e6d56a]
2026-07-10T06:16:33.706+08:00 DEBUG 26476 --- [           main] o.m.s.t.SpringManagedTransaction         : JDBC Connection [HikariProxyConnection@352629907 wrapping com.mysql.cj.jdbc.ConnectionImpl@1fc0d9b4] will be managed by Spring
2026-07-10T06:16:33.706+08:00 DEBUG 26476 --- [           main] c.x.s.m.M.selectById                     : ==>  Preparing: SELECT * FROM sp_monthly_assessment WHERE id = ? AND is_deleted = 0
2026-07-10T06:16:33.706+08:00 DEBUG 26476 --- [           main] c.x.s.m.M.selectById                     : ==> Parameters: 58(Long)
2026-07-10T06:16:33.707+08:00 DEBUG 26476 --- [           main] c.x.s.m.M.selectById                     : <==      Total: 1
2026-07-10T06:16:33.707+08:00 DEBUG 26476 --- [           main] org.mybatis.spring.SqlSessionUtils       : Releasing transactional SqlSession [org.apache.ibatis.session.defaults.DefaultSqlSession@57e6d56a]
2026-07-10T06:16:33.707+08:00 DEBUG 26476 --- [           main] org.mybatis.spring.SqlSessionUtils       : Fetched SqlSession [org.apache.ibatis.session.defaults.DefaultSqlSession@57e6d56a] from current transaction
2026-07-10T06:16:33.707+08:00 DEBUG 26476 --- [           main] c.x.s.m.M.updateStatus                   : ==>  Preparing: UPDATE sp_monthly_assessment SET status = ? WHERE id = ?
2026-07-10T06:16:33.707+08:00 DEBUG 26476 --- [           main] c.x.s.m.M.updateStatus                   : ==> Parameters: LOCKED(String), 58(Long)
2026-07-10T06:16:33.708+08:00 DEBUG 26476 --- [           main] c.x.s.m.M.updateStatus                   : <==    Updates: 1
2026-07-10T06:16:33.708+08:00 DEBUG 26476 --- [           main] org.mybatis.spring.SqlSessionUtils       : Releasing transactional SqlSession [org.apache.ibatis.session.defaults.DefaultSqlSession@57e6d56a]
2026-07-10T06:16:33.708+08:00 DEBUG 26476 --- [           main] org.mybatis.spring.SqlSessionUtils       : Transaction synchronization committing SqlSession [org.apache.ibatis.session.defaults.DefaultSqlSession@57e6d56a]
2026-07-10T06:16:33.708+08:00 DEBUG 26476 --- [           main] org.mybatis.spring.SqlSessionUtils       : Transaction synchronization deregistering SqlSession [org.apache.ibatis.session.defaults.DefaultSqlSession@57e6d56a]
2026-07-10T06:16:33.708+08:00 DEBUG 26476 --- [           main] org.mybatis.spring.SqlSessionUtils       : Transaction synchronization closing SqlSession [org.apache.ibatis.session.defaults.DefaultSqlSession@57e6d56a]
2026-07-10T06:16:33.712+08:00 DEBUG 26476 --- [           main] org.mybatis.spring.SqlSessionUtils       : Creating a new SqlSession
2026-07-10T06:16:33.712+08:00 DEBUG 26476 --- [           main] org.mybatis.spring.SqlSessionUtils       : Registering transaction synchronization for SqlSession [org.apache.ibatis.session.defaults.DefaultSqlSession@27575bcd]
2026-07-10T06:16:33.712+08:00 DEBUG 26476 --- [           main] o.m.s.t.SpringManagedTransaction         : JDBC Connection [HikariProxyConnection@327575653 wrapping com.mysql.cj.jdbc.ConnectionImpl@1fc0d9b4] will be managed by Spring
2026-07-10T06:16:33.712+08:00 DEBUG 26476 --- [           main] c.x.s.m.M.selectById                     : ==>  Preparing: SELECT * FROM sp_monthly_assessment WHERE id = ? AND is_deleted = 0
2026-07-10T06:16:33.713+08:00 DEBUG 26476 --- [           main] c.x.s.m.M.selectById                     : ==> Parameters: 58(Long)
2026-07-10T06:16:33.714+08:00 DEBUG 26476 --- [           main] c.x.s.m.M.selectById                     : <==      Total: 1
2026-07-10T06:16:33.714+08:00 DEBUG 26476 --- [           main] org.mybatis.spring.SqlSessionUtils       : Releasing transactional SqlSession [org.apache.ibatis.session.defaults.DefaultSqlSession@27575bcd]
2026-07-10T06:16:33.714+08:00 DEBUG 26476 --- [           main] org.mybatis.spring.SqlSessionUtils       : Transaction synchronization deregistering SqlSession [org.apache.ibatis.session.defaults.DefaultSqlSession@27575bcd]
2026-07-10T06:16:33.714+08:00 DEBUG 26476 --- [           main] org.mybatis.spring.SqlSessionUtils       : Transaction synchronization closing SqlSession [org.apache.ibatis.session.defaults.DefaultSqlSession@27575bcd]
]]></system-out>
  </testcase>
  <testcase name="lock_AlreadyLocked_ThrowsException" classname="com.xuena.supplier.service.MonthlyAssessmentServiceTest" time="0.021">
    <system-out><![CDATA[2026-07-10T06:16:33.717+08:00 DEBUG 26476 --- [           main] org.mybatis.spring.SqlSessionUtils       : Creating a new SqlSession
2026-07-10T06:16:33.717+08:00 DEBUG 26476 --- [           main] org.mybatis.spring.SqlSessionUtils       : Registering transaction synchronization for SqlSession [org.apache.ibatis.session.defaults.DefaultSqlSession@550574cb]
2026-07-10T06:16:33.717+08:00 DEBUG 26476 --- [           main] o.m.s.t.SpringManagedTransaction         : JDBC Connection [HikariProxyConnection@1041536275 wrapping com.mysql.cj.jdbc.ConnectionImpl@1fc0d9b4] will be managed by Spring
2026-07-10T06:16:33.717+08:00 DEBUG 26476 --- [           main] c.x.s.m.M.countByYearMonthAndSupplier    : ==>  Preparing: SELECT COUNT(*) FROM sp_monthly_assessment WHERE `year_month` = ? AND supplier_name = ? AND is_deleted = 0
2026-07-10T06:16:33.717+08:00 DEBUG 26476 --- [           main] c.x.s.m.M.countByYearMonthAndSupplier    : ==> Parameters: 2026-03(String), 供应商_1783635393715(String)
2026-07-10T06:16:33.718+08:00 DEBUG 26476 --- [           main] c.x.s.m.M.countByYearMonthAndSupplier    : <==      Total: 1
2026-07-10T06:16:33.718+08:00 DEBUG 26476 --- [           main] org.mybatis.spring.SqlSessionUtils       : Releasing transactional SqlSession [org.apache.ibatis.session.defaults.DefaultSqlSession@550574cb]
2026-07-10T06:16:33.718+08:00 DEBUG 26476 --- [           main] org.mybatis.spring.SqlSessionUtils       : Fetched SqlSession [org.apache.ibatis.session.defaults.DefaultSqlSession@550574cb] from current transaction
2026-07-10T06:16:33.718+08:00 DEBUG 26476 --- [           main] c.x.s.m.MonthlyAssessmentMapper.insert   : ==>  Preparing: INSERT INTO sp_monthly_assessment (`year_month`, supplier_name, category, total, grade, dimension_a, dimension_b, dimension_c, dimension_d, sub_a1, sub_a2, sub_a3, sub_a4, sub_b1, sub_b2, sub_b3, sub_b4, sub_b5, sub_c1, sub_c2, sub_c3, sub_d1a, sub_d1b, sub_d2a, sub_d2b, sub_d2c, sub_d2d, sub_d2e, conclusion, exception_quality, exception_cost, exception_delivery, exception_service_product, exception_service_package, exception_other, status, file_name) VALUES (?, ?, ?, ?, ?, ?, ?, ?, ?, ?, ?, ?, ?, ?, ?, ?, ?, ?, ?, ?, ?, ?, ?, ?, ?, ?, ?, ?, ?, ?, ?, ?, ?, ?, ?, ?, ?)
2026-07-10T06:16:33.718+08:00 DEBUG 26476 --- [           main] c.x.s.m.MonthlyAssessmentMapper.insert   : ==> Parameters: 2026-03(String), 供应商_1783635393715(String), null, 0.00(BigDecimal), D级(String), null, null, null, null, null, null, null, null, null, null, null, null, null, null, null, null, null, null, null, null, null, null, null, null, null, null, null, null, null, null, DRAFT(String), null
2026-07-10T06:16:33.720+08:00 DEBUG 26476 --- [           main] c.x.s.m.MonthlyAssessmentMapper.insert   : <==    Updates: 1
2026-07-10T06:16:33.721+08:00 DEBUG 26476 --- [           main] org.mybatis.spring.SqlSessionUtils       : Releasing transactional SqlSession [org.apache.ibatis.session.defaults.DefaultSqlSession@550574cb]
2026-07-10T06:16:33.721+08:00 DEBUG 26476 --- [           main] org.mybatis.spring.SqlSessionUtils       : Transaction synchronization committing SqlSession [org.apache.ibatis.session.defaults.DefaultSqlSession@550574cb]
2026-07-10T06:16:33.722+08:00 DEBUG 26476 --- [           main] org.mybatis.spring.SqlSessionUtils       : Transaction synchronization deregistering SqlSession [org.apache.ibatis.session.defaults.DefaultSqlSession@550574cb]
2026-07-10T06:16:33.722+08:00 DEBUG 26476 --- [           main] org.mybatis.spring.SqlSessionUtils       : Transaction synchronization closing SqlSession [org.apache.ibatis.session.defaults.DefaultSqlSession@550574cb]
2026-07-10T06:16:33.727+08:00 DEBUG 26476 --- [           main] org.mybatis.spring.SqlSessionUtils       : Creating a new SqlSession
2026-07-10T06:16:33.727+08:00 DEBUG 26476 --- [           main] org.mybatis.spring.SqlSessionUtils       : Registering transaction synchronization for SqlSession [org.apache.ibatis.session.defaults.DefaultSqlSession@af94b0b]
2026-07-10T06:16:33.727+08:00 DEBUG 26476 --- [           main] o.m.s.t.SpringManagedTransaction         : JDBC Connection [HikariProxyConnection@405881980 wrapping com.mysql.cj.jdbc.ConnectionImpl@1fc0d9b4] will be managed by Spring
2026-07-10T06:16:33.727+08:00 DEBUG 26476 --- [           main] c.x.s.m.M.selectById                     : ==>  Preparing: SELECT * FROM sp_monthly_assessment WHERE id = ? AND is_deleted = 0
2026-07-10T06:16:33.727+08:00 DEBUG 26476 --- [           main] c.x.s.m.M.selectById                     : ==> Parameters: 59(Long)
2026-07-10T06:16:33.728+08:00 DEBUG 26476 --- [           main] c.x.s.m.M.selectById                     : <==      Total: 1
2026-07-10T06:16:33.728+08:00 DEBUG 26476 --- [           main] org.mybatis.spring.SqlSessionUtils       : Releasing transactional SqlSession [org.apache.ibatis.session.defaults.DefaultSqlSession@af94b0b]
2026-07-10T06:16:33.728+08:00 DEBUG 26476 --- [           main] org.mybatis.spring.SqlSessionUtils       : Fetched SqlSession [org.apache.ibatis.session.defaults.DefaultSqlSession@af94b0b] from current transaction
2026-07-10T06:16:33.728+08:00 DEBUG 26476 --- [           main] c.x.s.m.M.updateStatus                   : ==>  Preparing: UPDATE sp_monthly_assessment SET status = ? WHERE id = ?
2026-07-10T06:16:33.728+08:00 DEBUG 26476 --- [           main] c.x.s.m.M.updateStatus                   : ==> Parameters: LOCKED(String), 59(Long)
2026-07-10T06:16:33.730+08:00 DEBUG 26476 --- [           main] c.x.s.m.M.updateStatus                   : <==    Updates: 1
2026-07-10T06:16:33.730+08:00 DEBUG 26476 --- [           main] org.mybatis.spring.SqlSessionUtils       : Releasing transactional SqlSession [org.apache.ibatis.session.defaults.DefaultSqlSession@af94b0b]
2026-07-10T06:16:33.730+08:00 DEBUG 26476 --- [           main] org.mybatis.spring.SqlSessionUtils       : Transaction synchronization committing SqlSession [org.apache.ibatis.session.defaults.DefaultSqlSession@af94b0b]
2026-07-10T06:16:33.730+08:00 DEBUG 26476 --- [           main] org.mybatis.spring.SqlSessionUtils       : Transaction synchronization deregistering SqlSession [org.apache.ibatis.session.defaults.DefaultSqlSession@af94b0b]
2026-07-10T06:16:33.730+08:00 DEBUG 26476 --- [           main] org.mybatis.spring.SqlSessionUtils       : Transaction synchronization closing SqlSession [org.apache.ibatis.session.defaults.DefaultSqlSession@af94b0b]
2026-07-10T06:16:33.734+08:00 DEBUG 26476 --- [           main] org.mybatis.spring.SqlSessionUtils       : Creating a new SqlSession
2026-07-10T06:16:33.734+08:00 DEBUG 26476 --- [           main] org.mybatis.spring.SqlSessionUtils       : Registering transaction synchronization for SqlSession [org.apache.ibatis.session.defaults.DefaultSqlSession@9a37591]
2026-07-10T06:16:33.734+08:00 DEBUG 26476 --- [           main] o.m.s.t.SpringManagedTransaction         : JDBC Connection [HikariProxyConnection@1147715818 wrapping com.mysql.cj.jdbc.ConnectionImpl@1fc0d9b4] will be managed by Spring
2026-07-10T06:16:33.734+08:00 DEBUG 26476 --- [           main] c.x.s.m.M.selectById                     : ==>  Preparing: SELECT * FROM sp_monthly_assessment WHERE id = ? AND is_deleted = 0
2026-07-10T06:16:33.734+08:00 DEBUG 26476 --- [           main] c.x.s.m.M.selectById                     : ==> Parameters: 59(Long)
2026-07-10T06:16:33.736+08:00 DEBUG 26476 --- [           main] c.x.s.m.M.selectById                     : <==      Total: 1
2026-07-10T06:16:33.736+08:00 DEBUG 26476 --- [           main] org.mybatis.spring.SqlSessionUtils       : Releasing transactional SqlSession [org.apache.ibatis.session.defaults.DefaultSqlSession@9a37591]
2026-07-10T06:16:33.736+08:00 DEBUG 26476 --- [           main] org.mybatis.spring.SqlSessionUtils       : Transaction synchronization deregistering SqlSession [org.apache.ibatis.session.defaults.DefaultSqlSession@9a37591]
2026-07-10T06:16:33.736+08:00 DEBUG 26476 --- [           main] org.mybatis.spring.SqlSessionUtils       : Transaction synchronization closing SqlSession [org.apache.ibatis.session.defaults.DefaultSqlSession@9a37591]
]]></system-out>
  </testcase>
  <testcase name="calculateGrade_A" classname="com.xuena.supplier.service.MonthlyAssessmentServiceTest" time="0.009">
    <system-out><![CDATA[2026-07-10T06:16:33.739+08:00 DEBUG 26476 --- [           main] org.mybatis.spring.SqlSessionUtils       : Creating a new SqlSession
2026-07-10T06:16:33.739+08:00 DEBUG 26476 --- [           main] org.mybatis.spring.SqlSessionUtils       : Registering transaction synchronization for SqlSession [org.apache.ibatis.session.defaults.DefaultSqlSession@53d2b827]
2026-07-10T06:16:33.739+08:00 DEBUG 26476 --- [           main] o.m.s.t.SpringManagedTransaction         : JDBC Connection [HikariProxyConnection@1157932269 wrapping com.mysql.cj.jdbc.ConnectionImpl@1fc0d9b4] will be managed by Spring
2026-07-10T06:16:33.739+08:00 DEBUG 26476 --- [           main] c.x.s.m.M.countByYearMonthAndSupplier    : ==>  Preparing: SELECT COUNT(*) FROM sp_monthly_assessment WHERE `year_month` = ? AND supplier_name = ? AND is_deleted = 0
2026-07-10T06:16:33.739+08:00 DEBUG 26476 --- [           main] c.x.s.m.M.countByYearMonthAndSupplier    : ==> Parameters: 2026-03(String), 供应商_1783635393738_A(String)
2026-07-10T06:16:33.739+08:00 DEBUG 26476 --- [           main] c.x.s.m.M.countByYearMonthAndSupplier    : <==      Total: 1
2026-07-10T06:16:33.739+08:00 DEBUG 26476 --- [           main] org.mybatis.spring.SqlSessionUtils       : Releasing transactional SqlSession [org.apache.ibatis.session.defaults.DefaultSqlSession@53d2b827]
2026-07-10T06:16:33.739+08:00 DEBUG 26476 --- [           main] org.mybatis.spring.SqlSessionUtils       : Fetched SqlSession [org.apache.ibatis.session.defaults.DefaultSqlSession@53d2b827] from current transaction
2026-07-10T06:16:33.741+08:00 DEBUG 26476 --- [           main] c.x.s.m.MonthlyAssessmentMapper.insert   : ==>  Preparing: INSERT INTO sp_monthly_assessment (`year_month`, supplier_name, category, total, grade, dimension_a, dimension_b, dimension_c, dimension_d, sub_a1, sub_a2, sub_a3, sub_a4, sub_b1, sub_b2, sub_b3, sub_b4, sub_b5, sub_c1, sub_c2, sub_c3, sub_d1a, sub_d1b, sub_d2a, sub_d2b, sub_d2c, sub_d2d, sub_d2e, conclusion, exception_quality, exception_cost, exception_delivery, exception_service_product, exception_service_package, exception_other, status, file_name) VALUES (?, ?, ?, ?, ?, ?, ?, ?, ?, ?, ?, ?, ?, ?, ?, ?, ?, ?, ?, ?, ?, ?, ?, ?, ?, ?, ?, ?, ?, ?, ?, ?, ?, ?, ?, ?, ?)
2026-07-10T06:16:33.741+08:00 DEBUG 26476 --- [           main] c.x.s.m.MonthlyAssessmentMapper.insert   : ==> Parameters: 2026-03(String), 供应商_1783635393738_A(String), null, 100.00(BigDecimal), A级(String), 25(BigDecimal), 20(BigDecimal), 20(BigDecimal), 35(BigDecimal), null, null, null, null, null, null, null, null, null, null, null, null, null, null, null, null, null, null, null, null, null, null, null, null, null, null, DRAFT(String), null
2026-07-10T06:16:33.741+08:00 DEBUG 26476 --- [           main] c.x.s.m.MonthlyAssessmentMapper.insert   : <==    Updates: 1
2026-07-10T06:16:33.742+08:00 DEBUG 26476 --- [           main] org.mybatis.spring.SqlSessionUtils       : Releasing transactional SqlSession [org.apache.ibatis.session.defaults.DefaultSqlSession@53d2b827]
2026-07-10T06:16:33.742+08:00 DEBUG 26476 --- [           main] org.mybatis.spring.SqlSessionUtils       : Transaction synchronization committing SqlSession [org.apache.ibatis.session.defaults.DefaultSqlSession@53d2b827]
2026-07-10T06:16:33.742+08:00 DEBUG 26476 --- [           main] org.mybatis.spring.SqlSessionUtils       : Transaction synchronization deregistering SqlSession [org.apache.ibatis.session.defaults.DefaultSqlSession@53d2b827]
2026-07-10T06:16:33.742+08:00 DEBUG 26476 --- [           main] org.mybatis.spring.SqlSessionUtils       : Transaction synchronization closing SqlSession [org.apache.ibatis.session.defaults.DefaultSqlSession@53d2b827]
]]></system-out>
  </testcase>
  <testcase name="calculateGrade_B" classname="com.xuena.supplier.service.MonthlyAssessmentServiceTest" time="0.008">
    <system-out><![CDATA[2026-07-10T06:16:33.748+08:00 DEBUG 26476 --- [           main] org.mybatis.spring.SqlSessionUtils       : Creating a new SqlSession
2026-07-10T06:16:33.748+08:00 DEBUG 26476 --- [           main] org.mybatis.spring.SqlSessionUtils       : Registering transaction synchronization for SqlSession [org.apache.ibatis.session.defaults.DefaultSqlSession@558aa1f1]
2026-07-10T06:16:33.748+08:00 DEBUG 26476 --- [           main] o.m.s.t.SpringManagedTransaction         : JDBC Connection [HikariProxyConnection@1071046588 wrapping com.mysql.cj.jdbc.ConnectionImpl@1fc0d9b4] will be managed by Spring
2026-07-10T06:16:33.748+08:00 DEBUG 26476 --- [           main] c.x.s.m.M.countByYearMonthAndSupplier    : ==>  Preparing: SELECT COUNT(*) FROM sp_monthly_assessment WHERE `year_month` = ? AND supplier_name = ? AND is_deleted = 0
2026-07-10T06:16:33.748+08:00 DEBUG 26476 --- [           main] c.x.s.m.M.countByYearMonthAndSupplier    : ==> Parameters: 2026-03(String), 供应商_1783635393747_B(String)
2026-07-10T06:16:33.749+08:00 DEBUG 26476 --- [           main] c.x.s.m.M.countByYearMonthAndSupplier    : <==      Total: 1
2026-07-10T06:16:33.749+08:00 DEBUG 26476 --- [           main] org.mybatis.spring.SqlSessionUtils       : Releasing transactional SqlSession [org.apache.ibatis.session.defaults.DefaultSqlSession@558aa1f1]
2026-07-10T06:16:33.749+08:00 DEBUG 26476 --- [           main] org.mybatis.spring.SqlSessionUtils       : Fetched SqlSession [org.apache.ibatis.session.defaults.DefaultSqlSession@558aa1f1] from current transaction
2026-07-10T06:16:33.749+08:00 DEBUG 26476 --- [           main] c.x.s.m.MonthlyAssessmentMapper.insert   : ==>  Preparing: INSERT INTO sp_monthly_assessment (`year_month`, supplier_name, category, total, grade, dimension_a, dimension_b, dimension_c, dimension_d, sub_a1, sub_a2, sub_a3, sub_a4, sub_b1, sub_b2, sub_b3, sub_b4, sub_b5, sub_c1, sub_c2, sub_c3, sub_d1a, sub_d1b, sub_d2a, sub_d2b, sub_d2c, sub_d2d, sub_d2e, conclusion, exception_quality, exception_cost, exception_delivery, exception_service_product, exception_service_package, exception_other, status, file_name) VALUES (?, ?, ?, ?, ?, ?, ?, ?, ?, ?, ?, ?, ?, ?, ?, ?, ?, ?, ?, ?, ?, ?, ?, ?, ?, ?, ?, ?, ?, ?, ?, ?, ?, ?, ?, ?, ?)
2026-07-10T06:16:33.749+08:00 DEBUG 26476 --- [           main] c.x.s.m.MonthlyAssessmentMapper.insert   : ==> Parameters: 2026-03(String), 供应商_1783635393747_B(String), null, 83.00(BigDecimal), B级(String), 22(BigDecimal), 18(BigDecimal), 18(BigDecimal), 25(BigDecimal), null, null, null, null, null, null, null, null, null, null, null, null, null, null, null, null, null, null, null, null, null, null, null, null, null, null, DRAFT(String), null
2026-07-10T06:16:33.749+08:00 DEBUG 26476 --- [           main] c.x.s.m.MonthlyAssessmentMapper.insert   : <==    Updates: 1
2026-07-10T06:16:33.750+08:00 DEBUG 26476 --- [           main] org.mybatis.spring.SqlSessionUtils       : Releasing transactional SqlSession [org.apache.ibatis.session.defaults.DefaultSqlSession@558aa1f1]
2026-07-10T06:16:33.750+08:00 DEBUG 26476 --- [           main] org.mybatis.spring.SqlSessionUtils       : Transaction synchronization committing SqlSession [org.apache.ibatis.session.defaults.DefaultSqlSession@558aa1f1]
2026-07-10T06:16:33.750+08:00 DEBUG 26476 --- [           main] org.mybatis.spring.SqlSessionUtils       : Transaction synchronization deregistering SqlSession [org.apache.ibatis.session.defaults.DefaultSqlSession@558aa1f1]
2026-07-10T06:16:33.750+08:00 DEBUG 26476 --- [           main] org.mybatis.spring.SqlSessionUtils       : Transaction synchronization closing SqlSession [org.apache.ibatis.session.defaults.DefaultSqlSession@558aa1f1]
]]></system-out>
  </testcase>
  <testcase name="calculateGrade_C" classname="com.xuena.supplier.service.MonthlyAssessmentServiceTest" time="0.006">
    <system-out><![CDATA[2026-07-10T06:16:33.757+08:00 DEBUG 26476 --- [           main] org.mybatis.spring.SqlSessionUtils       : Creating a new SqlSession
2026-07-10T06:16:33.757+08:00 DEBUG 26476 --- [           main] org.mybatis.spring.SqlSessionUtils       : Registering transaction synchronization for SqlSession [org.apache.ibatis.session.defaults.DefaultSqlSession@1368e2f7]
2026-07-10T06:16:33.757+08:00 DEBUG 26476 --- [           main] o.m.s.t.SpringManagedTransaction         : JDBC Connection [HikariProxyConnection@1055297202 wrapping com.mysql.cj.jdbc.ConnectionImpl@1fc0d9b4] will be managed by Spring
2026-07-10T06:16:33.757+08:00 DEBUG 26476 --- [           main] c.x.s.m.M.countByYearMonthAndSupplier    : ==>  Preparing: SELECT COUNT(*) FROM sp_monthly_assessment WHERE `year_month` = ? AND supplier_name = ? AND is_deleted = 0
2026-07-10T06:16:33.757+08:00 DEBUG 26476 --- [           main] c.x.s.m.M.countByYearMonthAndSupplier    : ==> Parameters: 2026-03(String), 供应商_1783635393757_C(String)
2026-07-10T06:16:33.759+08:00 DEBUG 26476 --- [           main] c.x.s.m.M.countByYearMonthAndSupplier    : <==      Total: 1
2026-07-10T06:16:33.759+08:00 DEBUG 26476 --- [           main] org.mybatis.spring.SqlSessionUtils       : Releasing transactional SqlSession [org.apache.ibatis.session.defaults.DefaultSqlSession@1368e2f7]
2026-07-10T06:16:33.759+08:00 DEBUG 26476 --- [           main] org.mybatis.spring.SqlSessionUtils       : Fetched SqlSession [org.apache.ibatis.session.defaults.DefaultSqlSession@1368e2f7] from current transaction
2026-07-10T06:16:33.759+08:00 DEBUG 26476 --- [           main] c.x.s.m.MonthlyAssessmentMapper.insert   : ==>  Preparing: INSERT INTO sp_monthly_assessment (`year_month`, supplier_name, category, total, grade, dimension_a, dimension_b, dimension_c, dimension_d, sub_a1, sub_a2, sub_a3, sub_a4, sub_b1, sub_b2, sub_b3, sub_b4, sub_b5, sub_c1, sub_c2, sub_c3, sub_d1a, sub_d1b, sub_d2a, sub_d2b, sub_d2c, sub_d2d, sub_d2e, conclusion, exception_quality, exception_cost, exception_delivery, exception_service_product, exception_service_package, exception_other, status, file_name) VALUES (?, ?, ?, ?, ?, ?, ?, ?, ?, ?, ?, ?, ?, ?, ?, ?, ?, ?, ?, ?, ?, ?, ?, ?, ?, ?, ?, ?, ?, ?, ?, ?, ?, ?, ?, ?, ?)
2026-07-10T06:16:33.760+08:00 DEBUG 26476 --- [           main] c.x.s.m.MonthlyAssessmentMapper.insert   : ==> Parameters: 2026-03(String), 供应商_1783635393757_C(String), null, 63.00(BigDecimal), C级(String), 18(BigDecimal), 15(BigDecimal), 15(BigDecimal), 15(BigDecimal), null, null, null, null, null, null, null, null, null, null, null, null, null, null, null, null, null, null, null, null, null, null, null, null, null, null, DRAFT(String), null
2026-07-10T06:16:33.760+08:00 DEBUG 26476 --- [           main] c.x.s.m.MonthlyAssessmentMapper.insert   : <==    Updates: 1
2026-07-10T06:16:33.760+08:00 DEBUG 26476 --- [           main] org.mybatis.spring.SqlSessionUtils       : Releasing transactional SqlSession [org.apache.ibatis.session.defaults.DefaultSqlSession@1368e2f7]
2026-07-10T06:16:33.760+08:00 DEBUG 26476 --- [           main] org.mybatis.spring.SqlSessionUtils       : Transaction synchronization committing SqlSession [org.apache.ibatis.session.defaults.DefaultSqlSession@1368e2f7]
2026-07-10T06:16:33.760+08:00 DEBUG 26476 --- [           main] org.mybatis.spring.SqlSessionUtils       : Transaction synchronization deregistering SqlSession [org.apache.ibatis.session.defaults.DefaultSqlSession@1368e2f7]
2026-07-10T06:16:33.760+08:00 DEBUG 26476 --- [           main] org.mybatis.spring.SqlSessionUtils       : Transaction synchronization closing SqlSession [org.apache.ibatis.session.defaults.DefaultSqlSession@1368e2f7]
]]></system-out>
  </testcase>
  <testcase name="calculateGrade_D" classname="com.xuena.supplier.service.MonthlyAssessmentServiceTest" time="0.013">
    <system-out><![CDATA[2026-07-10T06:16:33.769+08:00 DEBUG 26476 --- [           main] org.mybatis.spring.SqlSessionUtils       : Creating a new SqlSession
2026-07-10T06:16:33.769+08:00 DEBUG 26476 --- [           main] org.mybatis.spring.SqlSessionUtils       : Registering transaction synchronization for SqlSession [org.apache.ibatis.session.defaults.DefaultSqlSession@6f95654c]
2026-07-10T06:16:33.769+08:00 DEBUG 26476 --- [           main] o.m.s.t.SpringManagedTransaction         : JDBC Connection [HikariProxyConnection@1958884645 wrapping com.mysql.cj.jdbc.ConnectionImpl@1fc0d9b4] will be managed by Spring
2026-07-10T06:16:33.769+08:00 DEBUG 26476 --- [           main] c.x.s.m.M.countByYearMonthAndSupplier    : ==>  Preparing: SELECT COUNT(*) FROM sp_monthly_assessment WHERE `year_month` = ? AND supplier_name = ? AND is_deleted = 0
2026-07-10T06:16:33.769+08:00 DEBUG 26476 --- [           main] c.x.s.m.M.countByYearMonthAndSupplier    : ==> Parameters: 2026-03(String), 供应商_1783635393766_D(String)
2026-07-10T06:16:33.770+08:00 DEBUG 26476 --- [           main] c.x.s.m.M.countByYearMonthAndSupplier    : <==      Total: 1
2026-07-10T06:16:33.770+08:00 DEBUG 26476 --- [           main] org.mybatis.spring.SqlSessionUtils       : Releasing transactional SqlSession [org.apache.ibatis.session.defaults.DefaultSqlSession@6f95654c]
2026-07-10T06:16:33.770+08:00 DEBUG 26476 --- [           main] org.mybatis.spring.SqlSessionUtils       : Fetched SqlSession [org.apache.ibatis.session.defaults.DefaultSqlSession@6f95654c] from current transaction
2026-07-10T06:16:33.770+08:00 DEBUG 26476 --- [           main] c.x.s.m.MonthlyAssessmentMapper.insert   : ==>  Preparing: INSERT INTO sp_monthly_assessment (`year_month`, supplier_name, category, total, grade, dimension_a, dimension_b, dimension_c, dimension_d, sub_a1, sub_a2, sub_a3, sub_a4, sub_b1, sub_b2, sub_b3, sub_b4, sub_b5, sub_c1, sub_c2, sub_c3, sub_d1a, sub_d1b, sub_d2a, sub_d2b, sub_d2c, sub_d2d, sub_d2e, conclusion, exception_quality, exception_cost, exception_delivery, exception_service_product, exception_service_package, exception_other, status, file_name) VALUES (?, ?, ?, ?, ?, ?, ?, ?, ?, ?, ?, ?, ?, ?, ?, ?, ?, ?, ?, ?, ?, ?, ?, ?, ?, ?, ?, ?, ?, ?, ?, ?, ?, ?, ?, ?, ?)
2026-07-10T06:16:33.773+08:00 DEBUG 26476 --- [           main] c.x.s.m.MonthlyAssessmentMapper.insert   : ==> Parameters: 2026-03(String), 供应商_1783635393766_D(String), null, 40.00(BigDecimal), D级(String), 10(BigDecimal), 10(BigDecimal), 10(BigDecimal), 10(BigDecimal), null, null, null, null, null, null, null, null, null, null, null, null, null, null, null, null, null, null, null, null, null, null, null, null, null, null, DRAFT(String), null
2026-07-10T06:16:33.774+08:00 DEBUG 26476 --- [           main] c.x.s.m.MonthlyAssessmentMapper.insert   : <==    Updates: 1
2026-07-10T06:16:33.774+08:00 DEBUG 26476 --- [           main] org.mybatis.spring.SqlSessionUtils       : Releasing transactional SqlSession [org.apache.ibatis.session.defaults.DefaultSqlSession@6f95654c]
2026-07-10T06:16:33.774+08:00 DEBUG 26476 --- [           main] org.mybatis.spring.SqlSessionUtils       : Transaction synchronization committing SqlSession [org.apache.ibatis.session.defaults.DefaultSqlSession@6f95654c]
2026-07-10T06:16:33.774+08:00 DEBUG 26476 --- [           main] org.mybatis.spring.SqlSessionUtils       : Transaction synchronization deregistering SqlSession [org.apache.ibatis.session.defaults.DefaultSqlSession@6f95654c]
2026-07-10T06:16:33.774+08:00 DEBUG 26476 --- [           main] org.mybatis.spring.SqlSessionUtils       : Transaction synchronization closing SqlSession [org.apache.ibatis.session.defaults.DefaultSqlSession@6f95654c]
]]></system-out>
  </testcase>
  <testcase name="update_Locked_ThrowsException" classname="com.xuena.supplier.service.MonthlyAssessmentServiceTest" time="0.02">
    <system-out><![CDATA[2026-07-10T06:16:33.780+08:00 DEBUG 26476 --- [           main] org.mybatis.spring.SqlSessionUtils       : Creating a new SqlSession
2026-07-10T06:16:33.780+08:00 DEBUG 26476 --- [           main] org.mybatis.spring.SqlSessionUtils       : Registering transaction synchronization for SqlSession [org.apache.ibatis.session.defaults.DefaultSqlSession@30811f91]
2026-07-10T06:16:33.780+08:00 DEBUG 26476 --- [           main] o.m.s.t.SpringManagedTransaction         : JDBC Connection [HikariProxyConnection@1717536993 wrapping com.mysql.cj.jdbc.ConnectionImpl@1fc0d9b4] will be managed by Spring
2026-07-10T06:16:33.780+08:00 DEBUG 26476 --- [           main] c.x.s.m.M.countByYearMonthAndSupplier    : ==>  Preparing: SELECT COUNT(*) FROM sp_monthly_assessment WHERE `year_month` = ? AND supplier_name = ? AND is_deleted = 0
2026-07-10T06:16:33.781+08:00 DEBUG 26476 --- [           main] c.x.s.m.M.countByYearMonthAndSupplier    : ==> Parameters: 2026-03(String), 供应商_1783635393780(String)
2026-07-10T06:16:33.781+08:00 DEBUG 26476 --- [           main] c.x.s.m.M.countByYearMonthAndSupplier    : <==      Total: 1
2026-07-10T06:16:33.781+08:00 DEBUG 26476 --- [           main] org.mybatis.spring.SqlSessionUtils       : Releasing transactional SqlSession [org.apache.ibatis.session.defaults.DefaultSqlSession@30811f91]
2026-07-10T06:16:33.781+08:00 DEBUG 26476 --- [           main] org.mybatis.spring.SqlSessionUtils       : Fetched SqlSession [org.apache.ibatis.session.defaults.DefaultSqlSession@30811f91] from current transaction
2026-07-10T06:16:33.781+08:00 DEBUG 26476 --- [           main] c.x.s.m.MonthlyAssessmentMapper.insert   : ==>  Preparing: INSERT INTO sp_monthly_assessment (`year_month`, supplier_name, category, total, grade, dimension_a, dimension_b, dimension_c, dimension_d, sub_a1, sub_a2, sub_a3, sub_a4, sub_b1, sub_b2, sub_b3, sub_b4, sub_b5, sub_c1, sub_c2, sub_c3, sub_d1a, sub_d1b, sub_d2a, sub_d2b, sub_d2c, sub_d2d, sub_d2e, conclusion, exception_quality, exception_cost, exception_delivery, exception_service_product, exception_service_package, exception_other, status, file_name) VALUES (?, ?, ?, ?, ?, ?, ?, ?, ?, ?, ?, ?, ?, ?, ?, ?, ?, ?, ?, ?, ?, ?, ?, ?, ?, ?, ?, ?, ?, ?, ?, ?, ?, ?, ?, ?, ?)
2026-07-10T06:16:33.783+08:00 DEBUG 26476 --- [           main] c.x.s.m.MonthlyAssessmentMapper.insert   : ==> Parameters: 2026-03(String), 供应商_1783635393780(String), null, 0.00(BigDecimal), D级(String), null, null, null, null, null, null, null, null, null, null, null, null, null, null, null, null, null, null, null, null, null, null, null, null, null, null, null, null, null, null, DRAFT(String), null
2026-07-10T06:16:33.784+08:00 DEBUG 26476 --- [           main] c.x.s.m.MonthlyAssessmentMapper.insert   : <==    Updates: 1
2026-07-10T06:16:33.784+08:00 DEBUG 26476 --- [           main] org.mybatis.spring.SqlSessionUtils       : Releasing transactional SqlSession [org.apache.ibatis.session.defaults.DefaultSqlSession@30811f91]
2026-07-10T06:16:33.784+08:00 DEBUG 26476 --- [           main] org.mybatis.spring.SqlSessionUtils       : Transaction synchronization committing SqlSession [org.apache.ibatis.session.defaults.DefaultSqlSession@30811f91]
2026-07-10T06:16:33.784+08:00 DEBUG 26476 --- [           main] org.mybatis.spring.SqlSessionUtils       : Transaction synchronization deregistering SqlSession [org.apache.ibatis.session.defaults.DefaultSqlSession@30811f91]
2026-07-10T06:16:33.784+08:00 DEBUG 26476 --- [           main] org.mybatis.spring.SqlSessionUtils       : Transaction synchronization closing SqlSession [org.apache.ibatis.session.defaults.DefaultSqlSession@30811f91]
2026-07-10T06:16:33.789+08:00 DEBUG 26476 --- [           main] org.mybatis.spring.SqlSessionUtils       : Creating a new SqlSession
2026-07-10T06:16:33.789+08:00 DEBUG 26476 --- [           main] org.mybatis.spring.SqlSessionUtils       : Registering transaction synchronization for SqlSession [org.apache.ibatis.session.defaults.DefaultSqlSession@42d7e8bc]
2026-07-10T06:16:33.789+08:00 DEBUG 26476 --- [           main] o.m.s.t.SpringManagedTransaction         : JDBC Connection [HikariProxyConnection@897374976 wrapping com.mysql.cj.jdbc.ConnectionImpl@1fc0d9b4] will be managed by Spring
2026-07-10T06:16:33.789+08:00 DEBUG 26476 --- [           main] c.x.s.m.M.selectById                     : ==>  Preparing: SELECT * FROM sp_monthly_assessment WHERE id = ? AND is_deleted = 0
2026-07-10T06:16:33.789+08:00 DEBUG 26476 --- [           main] c.x.s.m.M.selectById                     : ==> Parameters: 64(Long)
2026-07-10T06:16:33.790+08:00 DEBUG 26476 --- [           main] c.x.s.m.M.selectById                     : <==      Total: 1
2026-07-10T06:16:33.790+08:00 DEBUG 26476 --- [           main] org.mybatis.spring.SqlSessionUtils       : Releasing transactional SqlSession [org.apache.ibatis.session.defaults.DefaultSqlSession@42d7e8bc]
2026-07-10T06:16:33.790+08:00 DEBUG 26476 --- [           main] org.mybatis.spring.SqlSessionUtils       : Fetched SqlSession [org.apache.ibatis.session.defaults.DefaultSqlSession@42d7e8bc] from current transaction
2026-07-10T06:16:33.790+08:00 DEBUG 26476 --- [           main] c.x.s.m.M.updateStatus                   : ==>  Preparing: UPDATE sp_monthly_assessment SET status = ? WHERE id = ?
2026-07-10T06:16:33.790+08:00 DEBUG 26476 --- [           main] c.x.s.m.M.updateStatus                   : ==> Parameters: LOCKED(String), 64(Long)
2026-07-10T06:16:33.790+08:00 DEBUG 26476 --- [           main] c.x.s.m.M.updateStatus                   : <==    Updates: 1
2026-07-10T06:16:33.792+08:00 DEBUG 26476 --- [           main] org.mybatis.spring.SqlSessionUtils       : Releasing transactional SqlSession [org.apache.ibatis.session.defaults.DefaultSqlSession@42d7e8bc]
2026-07-10T06:16:33.792+08:00 DEBUG 26476 --- [           main] org.mybatis.spring.SqlSessionUtils       : Transaction synchronization committing SqlSession [org.apache.ibatis.session.defaults.DefaultSqlSession@42d7e8bc]
2026-07-10T06:16:33.792+08:00 DEBUG 26476 --- [           main] org.mybatis.spring.SqlSessionUtils       : Transaction synchronization deregistering SqlSession [org.apache.ibatis.session.defaults.DefaultSqlSession@42d7e8bc]
2026-07-10T06:16:33.792+08:00 DEBUG 26476 --- [           main] org.mybatis.spring.SqlSessionUtils       : Transaction synchronization closing SqlSession [org.apache.ibatis.session.defaults.DefaultSqlSession@42d7e8bc]
2026-07-10T06:16:33.796+08:00 DEBUG 26476 --- [           main] org.mybatis.spring.SqlSessionUtils       : Creating a new SqlSession
2026-07-10T06:16:33.796+08:00 DEBUG 26476 --- [           main] org.mybatis.spring.SqlSessionUtils       : Registering transaction synchronization for SqlSession [org.apache.ibatis.session.defaults.DefaultSqlSession@b63365c]
2026-07-10T06:16:33.796+08:00 DEBUG 26476 --- [           main] o.m.s.t.SpringManagedTransaction         : JDBC Connection [HikariProxyConnection@172272947 wrapping com.mysql.cj.jdbc.ConnectionImpl@1fc0d9b4] will be managed by Spring
2026-07-10T06:16:33.796+08:00 DEBUG 26476 --- [           main] c.x.s.m.M.selectById                     : ==>  Preparing: SELECT * FROM sp_monthly_assessment WHERE id = ? AND is_deleted = 0
2026-07-10T06:16:33.796+08:00 DEBUG 26476 --- [           main] c.x.s.m.M.selectById                     : ==> Parameters: 64(Long)
2026-07-10T06:16:33.797+08:00 DEBUG 26476 --- [           main] c.x.s.m.M.selectById                     : <==      Total: 1
2026-07-10T06:16:33.797+08:00 DEBUG 26476 --- [           main] org.mybatis.spring.SqlSessionUtils       : Releasing transactional SqlSession [org.apache.ibatis.session.defaults.DefaultSqlSession@b63365c]
2026-07-10T06:16:33.797+08:00 DEBUG 26476 --- [           main] org.mybatis.spring.SqlSessionUtils       : Transaction synchronization deregistering SqlSession [org.apache.ibatis.session.defaults.DefaultSqlSession@b63365c]
2026-07-10T06:16:33.797+08:00 DEBUG 26476 --- [           main] org.mybatis.spring.SqlSessionUtils       : Transaction synchronization closing SqlSession [org.apache.ibatis.session.defaults.DefaultSqlSession@b63365c]
]]></system-out>
  </testcase>
</testsuite>